#
# A fatal error has been detected by the Java Runtime Environment:
#
#  EXCEPTION_ACCESS_VIOLATION (0xc0000005) at pc=0x00007ff8a4f4df10, pid=12716, tid=12068
#
# JRE version: Java(TM) SE Runtime Environment (7.0_79-b15) (build 1.7.0_79-b15)
# Java VM: Java HotSpot(TM) 64-Bit Server VM (24.79-b02 mixed mode windows-amd64 compressed oops)
# Problematic frame:
# C  [libpxcclr.jni64.dll+0xdf10]
#
# Failed to write core dump. Minidumps are not enabled by default on client versions of Windows
#
# If you would like to submit a bug report, please visit:
#   http://bugreport.java.com/bugreport/crash.jsp
# The crash happened outside the Java Virtual Machine in native code.
# See problematic frame for where to report the bug.
#

---------------  T H R E A D  ---------------

Current thread (0x000000000cc90000):  JavaThread "Thread-2" [_thread_in_native, id=12068, stack(0x000000000df60000,0x000000000e060000)]

siginfo: ExceptionCode=0xc0000005, reading address 0x0000000000000000

Registers:
RAX=0x00007ff8a4f85ec0, RBX=0x000000077d43d2a8, RCX=0x0000000000000000, RDX=0x0000000000000000
RSP=0x000000000e05f090, RBP=0x000000000e05f1c0, RSI=0x00000000efa87f9a, RDI=0x0000000002d06274
R8 =0x0000000000000001, R9 =0x0000000075c47f80, R10=0x000000000000000c, R11=0x000000005d527815
R12=0x0000000000000000, R13=0x0000000000000000, R14=0x000000000cc901e8, R15=0x000000000e05f1e8
RIP=0x00007ff8a4f4df10, EFLAGS=0x0000000000010202

Top of Stack: (sp=0x000000000e05f090)
0x000000000e05f090:   0000000000000000 000000000e05f1c0
0x000000000e05f0a0:   0000000000000000 000000077d43d2a8
0x000000000e05f0b0:   0000000000000000 000000000cc90000
0x000000000e05f0c0:   00000000efa87f9a 000000077d43d2a8
0x000000000e05f0d0:   000000000cc9a6c0 00000000755efce8
0x000000000e05f0e0:   000000000e05f4c8 000000000b002c00
0x000000000e05f0f0:   000000000b002fd8 00000000000003d8
0x000000000e05f100:   0000000002d06274 0000000002d12fd9
0x000000000e05f110:   000000000b005700 0000e65cdd544ee2
0x000000000e05f120:   000000000cc90000 000000000e05f1f8
0x000000000e05f130:   000000077d43d2a8 0000000002d13150
0x000000000e05f140:   0000000000000000 000000000cc90000
0x000000000e05f150:   000000000e05f250 0000000002d1e1e3
0x000000000e05f160:   000000000e05f1e0 0000000000000000
0x000000000e05f170:   000000000cc90000 000000000e05f260
0x000000000e05f180:   000000000e05f180 000000077d43d2a8 

Instructions: (pc=0x00007ff8a4f4df10)
0x00007ff8a4f4def0:   0f 85 db 00 00 00 48 83 c3 30 48 89 de 48 83 3c
0x00007ff8a4f4df00:   03 00 75 b3 48 8b 5c 24 38 48 8b 74 24 30 33 d2
0x00007ff8a4f4df10:   49 8b 45 00 4c 89 e9 4c 8d 44 24 40 ff 50 60 41
0x00007ff8a4f4df20:   89 c5 45 85 ed 7c 27 48 89 e0 4c 89 f1 48 8d 15 


Register to memory mapping:

RAX=0x00007ff8a4f85ec0 is an unknown value
RBX=0x000000077d43d2a8 is an oop
{method} 
 - klass: {other class}
RCX=0x0000000000000000 is an unknown value
RDX=0x0000000000000000 is an unknown value
RSP=0x000000000e05f090 is pointing into the stack for thread: 0x000000000cc90000
RBP=0x000000000e05f1c0 is pointing into the stack for thread: 0x000000000cc90000
RSI=0x00000000efa87f9a is an unknown value
RDI=0x0000000002d06274 is at code_begin+2900 in an Interpreter codelet
return entry points  [0x0000000002d05720, 0x0000000002d07520]  7680 bytes
R8 =0x0000000000000001 is an unknown value
R9 =0x0000000075c47f80 is an unknown value
R10=0x000000000000000c is an unknown value
R11=0x000000005d527815 is an unknown value
R12=0x0000000000000000 is an unknown value
R13=0x0000000000000000 is an unknown value
R14=0x000000000cc901e8 is an unknown value
R15=0x000000000e05f1e8 is pointing into the stack for thread: 0x000000000cc90000


Stack: [0x000000000df60000,0x000000000e060000],  sp=0x000000000e05f090,  free space=1020k
Native frames: (J=compiled Java code, j=interpreted, Vv=VM code, C=native code)
C  [libpxcclr.jni64.dll+0xdf10]
j  intel.rssdk.PXCMHandData$IHand.QueryTrackedJoint(Lintel/rssdk/PXCMHandData$JointType;Lintel/rssdk/PXCMHandData$JointData;)Lintel/rssdk/pxcmStatus;+6
j  replicatorg.app.util.RSProcessor.run()V+280
v  ~StubRoutines::call_stub
V  [jvm.dll+0x1cf7f3]

Java frames: (J=compiled Java code, j=interpreted, Vv=VM code)
j  intel.rssdk.PXCMHandData$IHand.PXCMHandData_IHand_QueryTrackedJoint(JLintel/rssdk/PXCMHandData$JointType;Lintel/rssdk/PXCMHandData$JointData;)Lintel/rssdk/pxcmStatus;+0
j  intel.rssdk.PXCMHandData$IHand.QueryTrackedJoint(Lintel/rssdk/PXCMHandData$JointType;Lintel/rssdk/PXCMHandData$JointData;)Lintel/rssdk/pxcmStatus;+6
j  replicatorg.app.util.RSProcessor.run()V+280
v  ~StubRoutines::call_stub

---------------  P R O C E S S  ---------------

Java Threads: ( => current thread )
  0x000000000cc90800 JavaThread "Image Fetcher 0" daemon [_thread_blocked, id=14436, stack(0x0000000014980000,0x0000000014a80000)]
  0x000000000cc91800 JavaThread "Machine Callback Handler" [_thread_blocked, id=8000, stack(0x000000000e060000,0x000000000e160000)]
=>0x000000000cc90000 JavaThread "Thread-2" [_thread_in_native, id=12068, stack(0x000000000df60000,0x000000000e060000)]
  0x000000000cbf8800 JavaThread "AWT-EventQueue-0" [_thread_in_native, id=9056, stack(0x000000000d670000,0x000000000d770000)]
  0x000000000cb91800 JavaThread "AWT-Windows" daemon [_thread_in_native, id=14944, stack(0x000000000d460000,0x000000000d560000)]
  0x000000000cc02800 JavaThread "AWT-Shutdown" [_thread_blocked, id=14292, stack(0x000000000d360000,0x000000000d460000)]
  0x000000000cbfc800 JavaThread "Java2D Disposer" daemon [_thread_blocked, id=11768, stack(0x000000000d260000,0x000000000d360000)]
  0x000000000cb30800 JavaThread "Thread-1" [_thread_blocked, id=11624, stack(0x000000000cd60000,0x000000000ce60000)]
  0x000000000b007000 JavaThread "Service Thread" daemon [_thread_blocked, id=2280, stack(0x000000000c760000,0x000000000c860000)]
  0x000000000b000000 JavaThread "C2 CompilerThread1" daemon [_thread_blocked, id=15528, stack(0x000000000c660000,0x000000000c760000)]
  0x000000000aff5000 JavaThread "C2 CompilerThread0" daemon [_thread_blocked, id=6668, stack(0x000000000c560000,0x000000000c660000)]
  0x000000000aff4800 JavaThread "Attach Listener" daemon [_thread_blocked, id=14524, stack(0x000000000c460000,0x000000000c560000)]
  0x000000000aff1800 JavaThread "Signal Dispatcher" daemon [_thread_blocked, id=3580, stack(0x000000000c360000,0x000000000c460000)]
  0x000000000afc1800 JavaThread "Finalizer" daemon [_thread_blocked, id=11608, stack(0x000000000c260000,0x000000000c360000)]
  0x000000000afb8000 JavaThread "Reference Handler" daemon [_thread_blocked, id=9576, stack(0x000000000c160000,0x000000000c260000)]
  0x0000000002a7e800 JavaThread "main" [_thread_blocked, id=9580, stack(0x0000000002b00000,0x0000000002c00000)]

Other Threads:
  0x000000000afb4000 VMThread [stack: 0x000000000c060000,0x000000000c160000] [id=432]
  0x000000000b021000 WatcherThread [stack: 0x000000000c860000,0x000000000c960000] [id=7468]

VM state:not at safepoint (normal execution)

VM Mutex/Monitor currently owned by a thread: None

Heap
 PSYoungGen      total 38400K, used 30317K [0x00000007d5e00000, 0x00000007d8880000, 0x0000000800000000)
  eden space 33280K, 77% used [0x00000007d5e00000,0x00000007d770d948,0x00000007d7e80000)
  from space 5120K, 91% used [0x00000007d7e80000,0x00000007d830db50,0x00000007d8380000)
  to   space 5120K, 0% used [0x00000007d8380000,0x00000007d8380000,0x00000007d8880000)
 ParOldGen       total 86016K, used 8K [0x0000000781a00000, 0x0000000786e00000, 0x00000007d5e00000)
  object space 86016K, 0% used [0x0000000781a00000,0x0000000781a02000,0x0000000786e00000)
 PSPermGen       total 21504K, used 15541K [0x000000077c800000, 0x000000077dd00000, 0x0000000781a00000)
  object space 21504K, 72% used [0x000000077c800000,0x000000077d72d7f8,0x000000077dd00000)

Card table byte_map: [0x0000000005dc0000,0x00000000061e0000] byte_map_base: 0x00000000021dc000

Polling page: 0x00000000029a0000

Code Cache  [0x0000000002d00000, 0x0000000002f70000, 0x0000000005d00000)
 total_blobs=744 nmethods=280 adapters=416 free_code_cache=47846Kb largest_free_block=48956800

Compilation events (10 events):
Event: 6.843 Thread 0x000000000b000000 nmethod 290 0x0000000002d7e1d0 code [0x0000000002d7e300, 0x0000000002d7e358]
Event: 6.843 Thread 0x000000000b000000  291 %           java.util.Properties$LineReader::readLine @ 21 (452 bytes)
Event: 6.853 Thread 0x000000000aff5000 nmethod 289 0x0000000002d9d590 code [0x0000000002d9d760, 0x0000000002d9dcc8]
Event: 6.853 Thread 0x000000000aff5000  292             java.util.Properties::loadConvert (505 bytes)
Event: 6.871 Thread 0x000000000b000000 nmethod 291% 0x0000000002e34f90 code [0x0000000002e35160, 0x0000000002e35ba0]
Event: 6.871 Thread 0x000000000b000000  293             java.lang.ref.SoftReference::get (29 bytes)
Event: 6.872 Thread 0x000000000b000000 nmethod 293 0x0000000002e34d50 code [0x0000000002e34e80, 0x0000000002e34f18]
Event: 6.880 Thread 0x000000000aff5000 nmethod 292 0x0000000002d9a810 code [0x0000000002d9a980, 0x0000000002d9b2f8]
Event: 7.088 Thread 0x000000000b000000  294             java.util.TreeMap::put (247 bytes)
Event: 7.123 Thread 0x000000000b000000 nmethod 294 0x0000000002e3b210 code [0x0000000002e3b3c0, 0x0000000002e3bc00]

GC Heap History (2 events):
Event: 5.624 GC heap before
{Heap before GC invocations=1 (full 0):
 PSYoungGen      total 38400K, used 33280K [0x00000007d5e00000, 0x00000007d8880000, 0x0000000800000000)
  eden space 33280K, 100% used [0x00000007d5e00000,0x00000007d7e80000,0x00000007d7e80000)
  from space 5120K, 0% used [0x00000007d8380000,0x00000007d8380000,0x00000007d8880000)
  to   space 5120K, 0% used [0x00000007d7e80000,0x00000007d7e80000,0x00000007d8380000)
 ParOldGen       total 86016K, used 0K [0x0000000781a00000, 0x0000000786e00000, 0x00000007d5e00000)
  object space 86016K, 0% used [0x0000000781a00000,0x0000000781a00000,0x0000000786e00000)
 PSPermGen       total 21504K, used 13784K [0x000000077c800000, 0x000000077dd00000, 0x0000000781a00000)
  object space 21504K, 64% used [0x000000077c800000,0x000000077d576178,0x000000077dd00000)
Event: 5.657 GC heap after
Heap after GC invocations=1 (full 0):
 PSYoungGen      total 38400K, used 4662K [0x00000007d5e00000, 0x00000007d8880000, 0x0000000800000000)
  eden space 33280K, 0% used [0x00000007d5e00000,0x00000007d5e00000,0x00000007d7e80000)
  from space 5120K, 91% used [0x00000007d7e80000,0x00000007d830db50,0x00000007d8380000)
  to   space 5120K, 0% used [0x00000007d8380000,0x00000007d8380000,0x00000007d8880000)
 ParOldGen       total 86016K, used 8K [0x0000000781a00000, 0x0000000786e00000, 0x00000007d5e00000)
  object space 86016K, 0% used [0x0000000781a00000,0x0000000781a02000,0x0000000786e00000)
 PSPermGen       total 21504K, used 13784K [0x000000077c800000, 0x000000077dd00000, 0x0000000781a00000)
  object space 21504K, 64% used [0x000000077c800000,0x000000077d576178,0x000000077dd00000)
}

Deoptimization events (10 events):
Event: 5.268 Thread 0x000000000cbf8800 Uncommon trap: reason=array_check action=maybe_recompile pc=0x0000000002dd9968 method=java.util.AbstractCollection.toArray([Ljava/lang/Object;)[Ljava/lang/Object; @ 119
Event: 6.807 Thread 0x000000000cc90800 Uncommon trap: reason=unreached action=reinterpret pc=0x0000000002dda598 method=java.util.concurrent.ConcurrentHashMap.get(Ljava/lang/Object;)Ljava/lang/Object; @ 47
Event: 7.085 Thread 0x000000000cbf8800 Uncommon trap: reason=class_check action=maybe_recompile pc=0x0000000002dc0468 method=java.util.TreeMap.put(Ljava/lang/Object;Ljava/lang/Object;)Ljava/lang/Object; @ 127
Event: 7.087 Thread 0x000000000cbf8800 Uncommon trap: reason=class_check action=maybe_recompile pc=0x0000000002dc0468 method=java.util.TreeMap.put(Ljava/lang/Object;Ljava/lang/Object;)Ljava/lang/Object; @ 127
Event: 7.087 Thread 0x000000000cbf8800 Uncommon trap: reason=class_check action=maybe_recompile pc=0x0000000002dc0468 method=java.util.TreeMap.put(Ljava/lang/Object;Ljava/lang/Object;)Ljava/lang/Object; @ 127
Event: 7.088 Thread 0x000000000cbf8800 Uncommon trap: reason=class_check action=maybe_recompile pc=0x0000000002dc0468 method=java.util.TreeMap.put(Ljava/lang/Object;Ljava/lang/Object;)Ljava/lang/Object; @ 127
Event: 7.093 Thread 0x000000000cbf8800 Uncommon trap: reason=unreached action=reinterpret pc=0x0000000002dbf2f8 method=java.util.HashMap.getEntry(Ljava/lang/Object;)Ljava/util/HashMap$Entry; @ 10
Event: 7.120 Thread 0x000000000cbf8800 Uncommon trap: reason=unreached action=reinterpret pc=0x0000000002e41c2c method=com.sun.org.apache.xerces.internal.dom.AttributeMap.setNamedItem(Lorg/w3c/dom/Node;)Lorg/w3c/dom/Node; @ 256
Event: 7.120 Thread 0x000000000cbf8800 Uncommon trap: reason=unreached action=reinterpret pc=0x0000000002e2719c method=com.sun.org.apache.xerces.internal.dom.AttributeMap.setNamedItem(Lorg/w3c/dom/Node;)Lorg/w3c/dom/Node; @ 256
Event: 7.125 Thread 0x000000000cbf8800 Uncommon trap: reason=class_check action=maybe_recompile pc=0x0000000002df1094 method=com.sun.org.apache.xerces.internal.impl.XMLDocumentFragmentScannerImpl.scanDocument(Z)Z @ 147

Internal exceptions (10 events):
Event: 7.158 Thread 0x000000000cbf8800 Threw 0x00000007d766ceb0 at C:\re\jdk7u79\2331\hotspot\src\share\vm\prims\jvm.cpp:1304
Event: 7.159 Thread 0x000000000cbf8800 Threw 0x00000007d7670bc0 at C:\re\jdk7u79\2331\hotspot\src\share\vm\prims\jvm.cpp:1304
Event: 7.159 Thread 0x000000000cbf8800 Threw 0x00000007d7674970 at C:\re\jdk7u79\2331\hotspot\src\share\vm\prims\jvm.cpp:1304
Event: 7.161 Thread 0x000000000cbf8800 Threw 0x00000007d76787f0 at C:\re\jdk7u79\2331\hotspot\src\share\vm\prims\jvm.cpp:1304
Event: 7.163 Thread 0x000000000cbf8800 Threw 0x00000007d767a540 at C:\re\jdk7u79\2331\hotspot\src\share\vm\prims\jvm.cpp:1304
Event: 7.165 Thread 0x000000000cbf8800 Threw 0x00000007d767cd58 at C:\re\jdk7u79\2331\hotspot\src\share\vm\prims\jvm.cpp:1304
Event: 7.168 Thread 0x000000000cbf8800 Threw 0x00000007d7680db0 at C:\re\jdk7u79\2331\hotspot\src\share\vm\prims\jvm.cpp:1304
Event: 7.169 Thread 0x000000000cbf8800 Threw 0x00000007d76838f0 at C:\re\jdk7u79\2331\hotspot\src\share\vm\prims\jvm.cpp:1304
Event: 7.171 Thread 0x000000000cc90000 Threw 0x00000007d5e05f80 at C:\re\jdk7u79\2331\hotspot\src\share\vm\prims\jvm.cpp:1304
Event: 7.171 Thread 0x000000000cbf8800 Threw 0x00000007d7686398 at C:\re\jdk7u79\2331\hotspot\src\share\vm\prims\jvm.cpp:1304

Events (10 events):
Event: 7.167 loading class 0x000000000cab4560
Event: 7.168 loading class 0x000000000cab4560 done
Event: 7.169 loading class 0x0000000002c48700
Event: 7.169 loading class 0x0000000002c48700 done
Event: 7.169 loading class 0x000000000cab5060
Event: 7.169 loading class 0x000000000cab5060 done
Event: 7.170 loading class 0x000000000ccb8760
Event: 7.170 loading class 0x000000000ccb8760 done
Event: 7.171 loading class 0x0000000011a2c400
Event: 7.171 loading class 0x0000000011a2c400 done


Dynamic libraries:
0x00007ff6588e0000 - 0x00007ff658913000 	C:\Program Files\Java\jdk1.7.0_79\bin\java.exe
0x00007ff8b06d0000 - 0x00007ff8b087c000 	C:\windows\SYSTEM32\ntdll.dll
0x00007ff8afa90000 - 0x00007ff8afbce000 	C:\windows\system32\KERNEL32.DLL
0x00007ff8ad9a0000 - 0x00007ff8adab5000 	C:\windows\system32\KERNELBASE.dll
0x00007ff8ac380000 - 0x00007ff8ac40e000 	C:\windows\system32\apphelp.dll
0x00007ff8a4fa0000 - 0x00007ff8a4ff3000 	C:\windows\AppPatch\AppPatch64\AcGenral.DLL
0x00007ff8b02a0000 - 0x00007ff8b034a000 	C:\windows\system32\msvcrt.dll
0x00007ff8ad670000 - 0x00007ff8ad69e000 	C:\windows\SYSTEM32\SspiCli.dll
0x00007ff8afbd0000 - 0x00007ff8afc24000 	C:\windows\system32\SHLWAPI.dll
0x00007ff8b04d0000 - 0x00007ff8b0647000 	C:\windows\system32\USER32.dll
0x00007ff8b0100000 - 0x00007ff8b0294000 	C:\windows\system32\ole32.dll
0x00007ff8ae2d0000 - 0x00007ff8af7fb000 	C:\windows\system32\SHELL32.dll
0x00007ff8ad000000 - 0x00007ff8ad021000 	C:\windows\SYSTEM32\USERENV.dll
0x00007ff8af800000 - 0x00007ff8af8aa000 	C:\windows\system32\ADVAPI32.dll
0x00007ff89a520000 - 0x00007ff89a53e000 	C:\windows\SYSTEM32\MPR.dll
0x00007ff8adfc0000 - 0x00007ff8ae101000 	C:\windows\system32\RPCRT4.dll
0x00007ff8b0020000 - 0x00007ff8b0079000 	C:\windows\SYSTEM32\sechost.dll
0x00007ff8add50000 - 0x00007ff8adf61000 	C:\windows\SYSTEM32\combase.dll
0x00007ff8afc40000 - 0x00007ff8afd8f000 	C:\windows\system32\GDI32.dll
0x00007ff8ad820000 - 0x00007ff8ad835000 	C:\windows\SYSTEM32\profapi.dll
0x00007ff8abd50000 - 0x00007ff8abe02000 	C:\windows\SYSTEM32\SHCORE.dll
0x00007ff8adf80000 - 0x00007ff8adfb6000 	C:\windows\system32\IMM32.DLL
0x00007ff8ae110000 - 0x00007ff8ae262000 	C:\windows\system32\MSCTF.dll
0x00007ff8ab8a0000 - 0x00007ff8abb1b000 	C:\windows\WinSxS\amd64_microsoft.windows.common-controls_6595b64144ccf1df_6.0.9600.18006_none_623f33d3ecbe86e8\COMCTL32.dll
0x0000000076fd0000 - 0x00000000770a2000 	C:\Program Files\Java\jdk1.7.0_79\jre\bin\msvcr100.dll
0x0000000075550000 - 0x0000000075d25000 	C:\Program Files\Java\jdk1.7.0_79\jre\bin\server\jvm.dll
0x00007ff8a9fc0000 - 0x00007ff8a9fc9000 	C:\windows\SYSTEM32\WSOCK32.dll
0x00007ff8ab0e0000 - 0x00007ff8ab102000 	C:\windows\SYSTEM32\WINMM.dll
0x00007ff8afd90000 - 0x00007ff8afd97000 	C:\windows\system32\PSAPI.DLL
0x00007ff8b0080000 - 0x00007ff8b00da000 	C:\windows\system32\WS2_32.dll
0x00007ff8ab0a0000 - 0x00007ff8ab0ca000 	C:\windows\SYSTEM32\WINMMBASE.dll
0x00007ff8adf70000 - 0x00007ff8adf79000 	C:\windows\system32\NSI.dll
0x00007ff8ad950000 - 0x00007ff8ad99f000 	C:\windows\SYSTEM32\cfgmgr32.dll
0x00007ff8ac5d0000 - 0x00007ff8ac5f8000 	C:\windows\SYSTEM32\DEVOBJ.dll
0x0000000050000000 - 0x000000005000f000 	C:\Program Files\Java\jdk1.7.0_79\jre\bin\verify.dll
0x0000000077270000 - 0x0000000077298000 	C:\Program Files\Java\jdk1.7.0_79\jre\bin\java.dll
0x0000000076e20000 - 0x0000000076e35000 	C:\Program Files\Java\jdk1.7.0_79\jre\bin\zip.dll
0x0000000076e00000 - 0x0000000076e1a000 	C:\Program Files\Java\jdk1.7.0_79\jre\bin\net.dll
0x00007ff8ad030000 - 0x00007ff8ad089000 	C:\windows\system32\mswsock.dll
0x0000000076af0000 - 0x0000000076b01000 	C:\Program Files\Java\jdk1.7.0_79\jre\bin\nio.dll
0x0000000076950000 - 0x0000000076ae5000 	C:\Program Files\Java\jdk1.7.0_79\jre\bin\awt.dll
0x00007ff8afda0000 - 0x00007ff8afe61000 	C:\windows\system32\OLEAUT32.dll
0x00007ff8abb30000 - 0x00007ff8abb51000 	C:\windows\system32\DWMAPI.DLL
0x00007ff8ac450000 - 0x00007ff8ac579000 	C:\windows\system32\uxtheme.dll
0x00007ff8a6090000 - 0x00007ff8a613b000 	C:\Program Files\Common Files\microsoft shared\ink\tiptsf.dll
0x00007ff8ac620000 - 0x00007ff8ac62b000 	C:\windows\SYSTEM32\kernel.appcore.dll
0x00007ff8ad760000 - 0x00007ff8ad76b000 	C:\windows\SYSTEM32\CRYPTBASE.dll
0x00007ff8ad6f0000 - 0x00007ff8ad753000 	C:\windows\SYSTEM32\bcryptPrimitives.dll
0x00007ff8a4f40000 - 0x00007ff8a4f9d000 	C:\Users\Dev\Desktop\New folder\beethefirst-software - Copy\beesoft-app\beesoft-usb\src\main\resources\libpxcclr.jni64.dll
0x00007ff89e110000 - 0x00007ff89e1c8000 	C:\Program Files\Common Files\Intel\RSSDK\v6\bin\x64\libpxcsession.dll
0x00007ff898260000 - 0x00007ff8982b2000 	C:\Program Files\Common Files\Intel\RSSDK\v6\bin\x64\tbb.dll
0x00007ff8a5100000 - 0x00007ff8a51a7000 	C:\windows\SYSTEM32\MSVCP110.dll
0x00007ff8a51c0000 - 0x00007ff8a5294000 	C:\windows\SYSTEM32\MSVCR110.dll
0x00007ff8868b0000 - 0x00007ff886a92000 	C:\Program Files\Common Files\Intel\RSSDK\v6\bin\x64\libpxccore.dll
0x00007ff898150000 - 0x00007ff898251000 	C:\Program Files\Common Files\Intel\RSSDK\v6\bin\x64\intel-ias2.dll
0x00007ff8abb20000 - 0x00007ff8abb2a000 	C:\windows\SYSTEM32\VERSION.dll
0x00007ff898100000 - 0x00007ff89814a000 	C:\Program Files\Common Files\Intel\RSSDK\v6\bin\x64\libpxclanternrock.dll
0x00000000768b0000 - 0x00000000768f7000 	C:\Program Files\Java\jdk1.7.0_79\jre\bin\fontmanager.dll
0x00007ff890120000 - 0x00007ff890204000 	C:\Program Files\Common Files\Intel\RSSDK\v6\bin\x64\libpxcpipelineutils.dll
0x00007ff87ed70000 - 0x00007ff8809ed000 	C:\Program Files\Common Files\Intel\RSSDK\v6\bin\x64\libpxchand_core.dll
0x00007ff87d6f0000 - 0x00007ff87ed61000 	C:\Program Files\Common Files\Intel\RSSDK\v6\bin\x64\libpxchand_track.dll
0x00007ff87c790000 - 0x00007ff87d6e8000 	C:\Program Files\Common Files\Intel\RSSDK\v6\bin\x64\libpxchand_facade.dll
0x00007ff886660000 - 0x00007ff8868ae000 	C:\Program Files\Common Files\Intel\RSSDK\v6\bin\x64\libpxchandmodule.dll
0x00007ff8aa5f0000 - 0x00007ff8aa603000 	C:\Program Files\Common Files\Intel\RSSDK\v6\bin\x64\libpxcpowermanager.dll
0x0000000180000000 - 0x00000001804b5000 	C:\Program Files\Common Files\Intel\RSDCM_R200\bin\x64\DSAPI.dll
0x00007ff88f8b0000 - 0x00007ff88f972000 	C:\windows\SYSTEM32\ODBC32.dll
0x00007ff897fb0000 - 0x00007ff89804d000 	C:\windows\SYSTEM32\MF.dll
0x00007ff88dae0000 - 0x00007ff88dbcb000 	C:\windows\SYSTEM32\MFPlat.DLL
0x00007ff894900000 - 0x00007ff894965000 	C:\windows\SYSTEM32\MFReadWrite.dll
0x00007ff886420000 - 0x00007ff886659000 	C:\windows\SYSTEM32\MFCORE.DLL
0x00007ff8a99c0000 - 0x00007ff8a99c8000 	C:\windows\SYSTEM32\ksuser.dll
0x00007ff8a9500000 - 0x00007ff8a9527000 	C:\windows\SYSTEM32\RTWorkQ.DLL
0x00007ff8a9fb0000 - 0x00007ff8a9fbc000 	C:\windows\SYSTEM32\AVRT.dll
0x00007ff8817d0000 - 0x00007ff881c41000 	C:\Program Files\Common Files\Intel\RSDCM_R200\bin\x64\libpxccamera_dcm_r200.dll
0x00007ff8aa900000 - 0x00007ff8aa982000 	C:\windows\SYSTEM32\WINSPOOL.DRV
0x00007ff8ab0d0000 - 0x00007ff8ab0d7000 	C:\windows\SYSTEM32\MSIMG32.dll
0x00007ff8af8b0000 - 0x00007ff8afa8a000 	C:\windows\system32\SETUPAPI.dll
0x00007ff8aa830000 - 0x00007ff8aa89a000 	C:\windows\SYSTEM32\OLEACC.dll
0x00007ff8aaad0000 - 0x00007ff8aac80000 	C:\windows\WinSxS\amd64_microsoft.windows.gdiplus_6595b64144ccf1df_1.1.9600.17415_none_932b3b5547500489\gdiplus.dll
0x00007ff8b0410000 - 0x00007ff8b04c6000 	C:\windows\SYSTEM32\clbcatq.dll
0x00007ff8ad0d0000 - 0x00007ff8ad0f0000 	C:\windows\SYSTEM32\CRYPTSP.dll
0x00007ff8acde0000 - 0x00007ff8ace16000 	C:\windows\system32\rsaenh.dll
0x00007ff8ad340000 - 0x00007ff8ad366000 	C:\windows\SYSTEM32\bcrypt.dll
0x00007ff8a7ea0000 - 0x00007ff8a7eba000 	C:\Program Files\Common Files\Intel\RSDCM_R200\bin\x64\RealSenseDCMPS_R200.dll
0x00007ff8845b0000 - 0x00007ff8846cf000 	C:\Program Files\Common Files\Intel\RSDCM\bin\x64\IVCAM_DLL.dll
0x00007ff8a87b0000 - 0x00007ff8a8806000 	C:\windows\SYSTEM32\newdev.dll
0x00007ff8ab3f0000 - 0x00007ff8ab3fb000 	C:\windows\SYSTEM32\WINUSB.DLL
0x00007ff8a8830000 - 0x00007ff8a8846000 	C:\windows\SYSTEM32\devrtl.DLL
0x00007ff881350000 - 0x00007ff8817c3000 	C:\Program Files\Common Files\Intel\RSDCM\bin\x64\libpxccamera_dcm_f200.dll
0x00007ff8a6e70000 - 0x00007ff8a6e8a000 	C:\Program Files\Common Files\Intel\RSDCM\bin\x64\RealSenseDCMPS.dll
0x00007ff89bc80000 - 0x00007ff89bec1000 	C:\windows\System32\msxml3.dll
0x00007ff8a4130000 - 0x00007ff8a42b5000 	C:\windows\SYSTEM32\urlmon.dll
0x00007ff8a3e60000 - 0x00007ff8a4127000 	C:\windows\SYSTEM32\iertutil.dll
0x00007ff8a3bf0000 - 0x00007ff8a3e59000 	C:\windows\SYSTEM32\WININET.dll
0x00007ff8ad8f0000 - 0x00007ff8ad941000 	C:\windows\system32\WINTRUST.dll
0x00007ff8adac0000 - 0x00007ff8adc9f000 	C:\windows\system32\CRYPT32.dll
0x00007ff8ad8d0000 - 0x00007ff8ad8e1000 	C:\windows\system32\MSASN1.dll
0x0000000076860000 - 0x00000000768a1000 	C:\Program Files\Java\jdk1.7.0_79\jre\bin\t2k.dll
0x00007ff8a8860000 - 0x00007ff8a888a000 	C:\windows\SYSTEM32\IPHLPAPI.DLL
0x00007ff8a8850000 - 0x00007ff8a885a000 	C:\windows\SYSTEM32\WINNSI.DLL
0x00007ff8a6b60000 - 0x00007ff8a6b76000 	C:\windows\SYSTEM32\dhcpcsvc6.DLL
0x00007ff8a73c0000 - 0x00007ff8a73da000 	C:\windows\SYSTEM32\dhcpcsvc.DLL
0x00007ff8aa430000 - 0x00007ff8aa5de000 	C:\windows\SYSTEM32\WindowsCodecs.dll
0x00007ff8a8890000 - 0x00007ff8a8a19000 	C:\windows\SYSTEM32\dbghelp.dll

VM Arguments:
java_command: replicatorg.app.Base
Launcher Type: SUN_STANDARD

Environment Variables:
JAVA_HOME=C:\Program Files\Java\jdk1.7.0_79
PATH=C:\Program Files (x86)\Intel\iCLS Client\;C:\Program Files\Intel\iCLS Client\;C:\windows\system32;C:\windows;C:\windows\System32\Wbem;C:\windows\System32\WindowsPowerShell\v1.0\;C:\Program Files\Intel\Intel(R) Management Engine Components\DAL;C:\Program Files (x86)\Intel\Intel(R) Management Engine Components\DAL;C:\Program Files\Intel\Intel(R) Management Engine Components\IPT;C:\Program Files (x86)\Intel\Intel(R) Management Engine Components\IPT;C:\Program Files\Intel\WiFi\bin\;C:\Program Files\Common Files\Intel\WirelessCommon\;C:\Program Files (x86)\Common Files\lenovo\easyplussdk\bin;C:\ProgramData\Lenovo\ReadyApps;C:\windows\system32\config\systemprofile\.dnx\bin;C:\Program Files\Microsoft DNX\Dnvm\;C:\Program Files (x86)\Windows Kits\8.1\Windows Performance Toolkit\
USERNAME=Dev
OS=Windows_NT
PROCESSOR_IDENTIFIER=Intel64 Family 6 Model 61 Stepping 4, GenuineIntel



---------------  S Y S T E M  ---------------

OS: Windows 8.1 , 64 bit Build 9600 

CPU:total 4 (2 cores per cpu, 2 threads per core) family 6 model 61 stepping 4, cmov, cx8, fxsr, mmx, sse, sse2, sse3, ssse3, sse4.1, sse4.2, popcnt, avx, avx2, erms, ht, tsc, tscinvbit

Memory: 4k page, physical 8277124k(2591356k free), swap 16665732k(9637100k free)

vm_info: Java HotSpot(TM) 64-Bit Server VM (24.79-b02) for windows-amd64 JRE (1.7.0_79-b15), built on Apr 10 2015 12:36:16 by "java_re" with unknown MS VC++:1600

time: Mon Nov 09 23:04:38 2015
elapsed time: 7 seconds

