#
# A fatal error has been detected by the Java Runtime Environment:
#
#  EXCEPTION_ACCESS_VIOLATION (0xc0000005) at pc=0x00007ff894eadf10, pid=10332, tid=9460
#
# JRE version: Java(TM) SE Runtime Environment (7.0_79-b15) (build 1.7.0_79-b15)
# Java VM: Java HotSpot(TM) 64-Bit Server VM (24.79-b02 mixed mode windows-amd64 compressed oops)
# Problematic frame:
# C  [libpxcclr.jni64.dll+0xdf10]
#
# Failed to write core dump. Minidumps are not enabled by default on client versions of Windows
#
# If you would like to submit a bug report, please visit:
#   http://bugreport.java.com/bugreport/crash.jsp
# The crash happened outside the Java Virtual Machine in native code.
# See problematic frame for where to report the bug.
#

---------------  T H R E A D  ---------------

Current thread (0x000000000c98e000):  JavaThread "Thread-2" [_thread_in_native, id=9460, stack(0x000000000cbd0000,0x000000000ccd0000)]

siginfo: ExceptionCode=0xc0000005, reading address 0x0000000000000000

Registers:
RAX=0x00007ff894ee5ec0, RBX=0x000000077d2c4938, RCX=0x0000000000000000, RDX=0x0000000000000000
RSP=0x000000000cccef10, RBP=0x000000000cccf048, RSI=0x00000000efa59011, RDI=0x0000000002b26274
R8 =0x0000000000000001, R9 =0x0000000075c47f80, R10=0x0000000002b33124, R11=0x0000000075734050
R12=0x0000000000000000, R13=0x0000000000000000, R14=0x000000000c98e1e8, R15=0x000000000cccf070
RIP=0x00007ff894eadf10, EFLAGS=0x0000000000010202

Top of Stack: (sp=0x000000000cccef10)
0x000000000cccef10:   0000000000000000 000000000cccf048
0x000000000cccef20:   0000000000000000 0000000000e65190
0x000000000cccef30:   000000000cccf018 00000000755d0b2f
0x000000000cccef40:   00000000efa59011 000000077d2c4938
0x000000000cccef50:   000000000ccceff8 0000000002b33684
0x000000000cccef60:   00000000000000b2 00000000755d0b2f
0x000000000cccef70:   000000000000001b 00000000000000b3
0x000000000cccef80:   0000000000000000 000000000c98e000
0x000000000cccef90:   000000000ad665d0 0000613cc0111075
0x000000000cccefa0:   000000000c98e000 000000000cccf080
0x000000000cccefb0:   000000077d2c4938 0000000002b33150
0x000000000cccefc0:   000000077cdab0a0 000000007562d161
0x000000000cccefd0:   0000000000000000 0000000000000000
0x000000000cccefe0:   000000000cccf068 000000000cccf0e8
0x000000000ccceff0:   000000000c9b0c70 00000000755eebdf
0x000000000cccf000:   000000000cccf348 000000000cccf008 

Instructions: (pc=0x00007ff894eadf10)
0x00007ff894eadef0:   0f 85 db 00 00 00 48 83 c3 30 48 89 de 48 83 3c
0x00007ff894eadf00:   03 00 75 b3 48 8b 5c 24 38 48 8b 74 24 30 33 d2
0x00007ff894eadf10:   49 8b 45 00 4c 89 e9 4c 8d 44 24 40 ff 50 60 41
0x00007ff894eadf20:   89 c5 45 85 ed 7c 27 48 89 e0 4c 89 f1 48 8d 15 


Register to memory mapping:

RAX=0x00007ff894ee5ec0 is an unknown value
RBX=0x000000077d2c4938 is an oop
{method} 
 - klass: {other class}
RCX=0x0000000000000000 is an unknown value
RDX=0x0000000000000000 is an unknown value
RSP=0x000000000cccef10 is pointing into the stack for thread: 0x000000000c98e000
RBP=0x000000000cccf048 is pointing into the stack for thread: 0x000000000c98e000
RSI=0x00000000efa59011 is an unknown value
RDI=0x0000000002b26274 is at code_begin+2900 in an Interpreter codelet
return entry points  [0x0000000002b25720, 0x0000000002b27520]  7680 bytes
R8 =0x0000000000000001 is an unknown value
R9 =0x0000000075c47f80 is an unknown value
R10=0x0000000002b33124 is at code_begin+644 in an Interpreter codelet
method entry point (kind = native)  [0x0000000002b32ea0, 0x0000000002b33740]  2208 bytes
R11=0x0000000075734050 is an unknown value
R12=0x0000000000000000 is an unknown value
R13=0x0000000000000000 is an unknown value
R14=0x000000000c98e1e8 is an unknown value
R15=0x000000000cccf070 is pointing into the stack for thread: 0x000000000c98e000


Stack: [0x000000000cbd0000,0x000000000ccd0000],  sp=0x000000000cccef10,  free space=1019k
Native frames: (J=compiled Java code, j=interpreted, Vv=VM code, C=native code)
C  [libpxcclr.jni64.dll+0xdf10]
j  intel.rssdk.PXCMHandData$IHand.QueryTrackedJoint(Lintel/rssdk/PXCMHandData$JointType;Lintel/rssdk/PXCMHandData$JointData;)Lintel/rssdk/pxcmStatus;+6
j  replicatorg.app.util.RSProcessor.run()V+261
v  ~StubRoutines::call_stub
V  [jvm.dll+0x1cf7f3]

Java frames: (J=compiled Java code, j=interpreted, Vv=VM code)
j  intel.rssdk.PXCMHandData$IHand.PXCMHandData_IHand_QueryTrackedJoint(JLintel/rssdk/PXCMHandData$JointType;Lintel/rssdk/PXCMHandData$JointData;)Lintel/rssdk/pxcmStatus;+0
j  intel.rssdk.PXCMHandData$IHand.QueryTrackedJoint(Lintel/rssdk/PXCMHandData$JointType;Lintel/rssdk/PXCMHandData$JointData;)Lintel/rssdk/pxcmStatus;+6
j  replicatorg.app.util.RSProcessor.run()V+261
v  ~StubRoutines::call_stub

---------------  P R O C E S S  ---------------

Java Threads: ( => current thread )
  0x00000000118f0800 JavaThread "TimerQueue" daemon [_thread_blocked, id=9768, stack(0x000000001ab80000,0x000000001ac80000)]
  0x00000000118f3800 JavaThread "J3D-Renderer-1" [_thread_blocked, id=5440, stack(0x000000001aa80000,0x000000001ab80000)]
  0x00000000118ef800 JavaThread "J3D-MasterControl-1" [_thread_blocked, id=11488, stack(0x000000001ad30000,0x000000001ae30000)]
  0x00000000118f2800 JavaThread "J3D-NotificationThread" [_thread_blocked, id=11420, stack(0x000000001a980000,0x000000001aa80000)]
  0x00000000118ef000 JavaThread "J3D-TimerThread" [_thread_blocked, id=9808, stack(0x000000001a880000,0x000000001a980000)]
  0x00000000118f1000 JavaThread "J3D-RenderingAttributesStructureUpdateThread" [_thread_blocked, id=13168, stack(0x000000001a700000,0x000000001a800000)]
  0x00000000118f2000 JavaThread "Assess Status" [_thread_blocked, id=14080, stack(0x000000000f030000,0x000000000f130000)]
  0x0000000010eb5000 JavaThread "Machine Thread" [_thread_blocked, id=12592, stack(0x000000000ef30000,0x000000000f030000)]
  0x0000000010eb3000 JavaThread "Thread-7" daemon [_thread_in_native, id=9848, stack(0x000000000ec20000,0x000000000ed20000)]
  0x000000001131d000 JavaThread "Image Fetcher 3" daemon [_thread_blocked, id=14688, stack(0x000000000e9e0000,0x000000000eae0000)]
  0x0000000010ef6800 JavaThread "Image Fetcher 0" daemon [_thread_blocked, id=1004, stack(0x0000000019440000,0x0000000019540000)]
  0x000000000ca3b000 JavaThread "Machine Callback Handler" [_thread_blocked, id=12588, stack(0x0000000010250000,0x0000000010350000)]
  0x000000000ca91000 JavaThread "AWT-EventQueue-0" [_thread_in_Java, id=10728, stack(0x000000000e2e0000,0x000000000e3e0000)]
  0x000000000ca06800 JavaThread "AWT-Windows" daemon [_thread_in_native, id=8264, stack(0x000000000d7b0000,0x000000000d8b0000)]
  0x000000000ca09800 JavaThread "AWT-Shutdown" [_thread_blocked, id=7768, stack(0x000000000d6b0000,0x000000000d7b0000)]
  0x000000000c98f000 JavaThread "Java2D Disposer" daemon [_thread_blocked, id=8540, stack(0x000000000d5b0000,0x000000000d6b0000)]
=>0x000000000c98e000 JavaThread "Thread-2" [_thread_in_native, id=9460, stack(0x000000000cbd0000,0x000000000ccd0000)]
  0x000000000c83a000 JavaThread "Thread-1" [_thread_blocked, id=6216, stack(0x000000000cad0000,0x000000000cbd0000)]
  0x000000000ad6a000 JavaThread "Service Thread" daemon [_thread_blocked, id=10520, stack(0x000000000c4d0000,0x000000000c5d0000)]
  0x000000000ad63000 JavaThread "C2 CompilerThread1" daemon [_thread_blocked, id=10304, stack(0x000000000c3d0000,0x000000000c4d0000)]
  0x000000000ad5d800 JavaThread "C2 CompilerThread0" daemon [_thread_blocked, id=11980, stack(0x000000000c2d0000,0x000000000c3d0000)]
  0x000000000ad5d000 JavaThread "Attach Listener" daemon [_thread_blocked, id=14048, stack(0x000000000c1d0000,0x000000000c2d0000)]
  0x000000000ad5a000 JavaThread "Signal Dispatcher" daemon [_thread_blocked, id=14256, stack(0x000000000c0d0000,0x000000000c1d0000)]
  0x000000000ad21000 JavaThread "Finalizer" daemon [_thread_blocked, id=12356, stack(0x000000000bfd0000,0x000000000c0d0000)]
  0x000000000ad18000 JavaThread "Reference Handler" daemon [_thread_blocked, id=6948, stack(0x000000000bed0000,0x000000000bfd0000)]
  0x0000000002b1e800 JavaThread "main" [_thread_blocked, id=10056, stack(0x0000000002740000,0x0000000002840000)]

Other Threads:
  0x000000000ad14000 VMThread [stack: 0x000000000bdd0000,0x000000000bed0000] [id=5036]
  0x000000000ad7c000 WatcherThread [stack: 0x000000000c5d0000,0x000000000c6d0000] [id=6376]

VM state:not at safepoint (normal execution)

VM Mutex/Monitor currently owned by a thread: None

Heap
 PSYoungGen      total 53248K, used 45372K [0x00000007d5e00000, 0x00000007da480000, 0x0000000800000000)
  eden space 52736K, 86% used [0x00000007d5e00000,0x00000007d8a4f090,0x00000007d9180000)
  from space 512K, 0% used [0x00000007da400000,0x00000007da400000,0x00000007da480000)
  to   space 5120K, 0% used [0x00000007d9a80000,0x00000007d9a80000,0x00000007d9f80000)
 ParOldGen       total 222720K, used 49628K [0x0000000781a00000, 0x000000078f380000, 0x00000007d5e00000)
  object space 222720K, 22% used [0x0000000781a00000,0x0000000784a77058,0x000000078f380000)
 PSPermGen       total 46080K, used 20500K [0x000000077c800000, 0x000000077f500000, 0x0000000781a00000)
  object space 46080K, 44% used [0x000000077c800000,0x000000077dc05018,0x000000077f500000)

Card table byte_map: [0x0000000005b20000,0x0000000005f40000] byte_map_base: 0x0000000001f3c000

Polling page: 0x0000000000f80000

Code Cache  [0x0000000002b20000, 0x0000000002d90000, 0x0000000005b20000)
 total_blobs=970 nmethods=354 adapters=568 free_code_cache=47562Kb largest_free_block=48660160

Compilation events (10 events):
Event: 11.866 Thread 0x000000000ad63000  372             java.awt.image.AreaAveragingScaleFilter::accumPixels (551 bytes)
Event: 11.923 Thread 0x000000000ad63000 nmethod 372 0x0000000002c63dd0 code [0x0000000002c63fc0, 0x0000000002c64c80]
Event: 11.924 Thread 0x000000000ad5d800  373 %           java.awt.image.AreaAveragingScaleFilter::accumPixels @ 161 (551 bytes)
Event: 11.939 Thread 0x000000000ad63000  374             java.awt.image.AreaAveragingScaleFilter::calcRow (260 bytes)
Event: 11.990 Thread 0x000000000ad5d800 nmethod 373% 0x0000000002c5a250 code [0x0000000002c5a440, 0x0000000002c5b4b0]
Event: 12.004 Thread 0x000000000ad63000 nmethod 374 0x0000000002be0690 code [0x0000000002be09c0, 0x0000000002be1a18]
Event: 12.009 Thread 0x000000000ad5d800  375 %           java.awt.image.AreaAveragingScaleFilter::calcRow @ 52 (260 bytes)
Event: 12.049 Thread 0x000000000ad5d800 nmethod 375% 0x0000000002c631d0 code [0x0000000002c633e0, 0x0000000002c63ab8]
Event: 12.210 Thread 0x000000000ad63000  376  s!         sun.misc.URLClassPath::getLoader (154 bytes)
Event: 12.251 Thread 0x000000000ad63000 nmethod 376 0x0000000002c5c3d0 code [0x0000000002c5c580, 0x0000000002c5d380]

GC Heap History (10 events):
Event: 8.401 GC heap before
{Heap before GC invocations=2 (full 0):
 PSYoungGen      total 38400K, used 38054K [0x00000007d5e00000, 0x00000007d8880000, 0x0000000800000000)
  eden space 33280K, 100% used [0x00000007d5e00000,0x00000007d7e80000,0x00000007d7e80000)
  from space 5120K, 93% used [0x00000007d7e80000,0x00000007d8329b40,0x00000007d8380000)
  to   space 5120K, 0% used [0x00000007d8380000,0x00000007d8380000,0x00000007d8880000)
 ParOldGen       total 86016K, used 8K [0x0000000781a00000, 0x0000000786e00000, 0x00000007d5e00000)
  object space 86016K, 0% used [0x0000000781a00000,0x0000000781a02000,0x0000000786e00000)
 PSPermGen       total 21504K, used 16642K [0x000000077c800000, 0x000000077dd00000, 0x0000000781a00000)
  object space 21504K, 77% used [0x000000077c800000,0x000000077d840b60,0x000000077dd00000)
Event: 8.436 GC heap after
Heap after GC invocations=2 (full 0):
 PSYoungGen      total 38400K, used 5111K [0x00000007d5e00000, 0x00000007d8880000, 0x0000000800000000)
  eden space 33280K, 0% used [0x00000007d5e00000,0x00000007d5e00000,0x00000007d7e80000)
  from space 5120K, 99% used [0x00000007d8380000,0x00000007d887dd48,0x00000007d8880000)
  to   space 5120K, 0% used [0x00000007d7e80000,0x00000007d7e80000,0x00000007d8380000)
 ParOldGen       total 86016K, used 691K [0x0000000781a00000, 0x0000000786e00000, 0x00000007d5e00000)
  object space 86016K, 0% used [0x0000000781a00000,0x0000000781aacf50,0x0000000786e00000)
 PSPermGen       total 21504K, used 16642K [0x000000077c800000, 0x000000077dd00000, 0x0000000781a00000)
  object space 21504K, 77% used [0x000000077c800000,0x000000077d840b60,0x000000077dd00000)
}
Event: 10.176 GC heap before
{Heap before GC invocations=3 (full 0):
 PSYoungGen      total 38400K, used 38379K [0x00000007d5e00000, 0x00000007d8880000, 0x0000000800000000)
  eden space 33280K, 99% used [0x00000007d5e00000,0x00000007d7e7d0c8,0x00000007d7e80000)
  from space 5120K, 99% used [0x00000007d8380000,0x00000007d887dd48,0x00000007d8880000)
  to   space 5120K, 0% used [0x00000007d7e80000,0x00000007d7e80000,0x00000007d8380000)
 ParOldGen       total 86016K, used 691K [0x0000000781a00000, 0x0000000786e00000, 0x00000007d5e00000)
  object space 86016K, 0% used [0x0000000781a00000,0x0000000781aacf50,0x0000000786e00000)
 PSPermGen       total 21504K, used 20465K [0x000000077c800000, 0x000000077dd00000, 0x0000000781a00000)
  object space 21504K, 95% used [0x000000077c800000,0x000000077dbfc7b8,0x000000077dd00000)
Event: 10.264 GC heap after
Heap after GC invocations=3 (full 0):
 PSYoungGen      total 38400K, used 5095K [0x00000007d5e00000, 0x00000007da900000, 0x0000000800000000)
  eden space 33280K, 0% used [0x00000007d5e00000,0x00000007d5e00000,0x00000007d7e80000)
  from space 5120K, 99% used [0x00000007d7e80000,0x00000007d8379fd8,0x00000007d8380000)
  to   space 5120K, 0% used [0x00000007da400000,0x00000007da400000,0x00000007da900000)
 ParOldGen       total 86016K, used 57883K [0x0000000781a00000, 0x0000000786e00000, 0x00000007d5e00000)
  object space 86016K, 67% used [0x0000000781a00000,0x0000000785286f70,0x0000000786e00000)
 PSPermGen       total 21504K, used 20465K [0x000000077c800000, 0x000000077dd00000, 0x0000000781a00000)
  object space 21504K, 95% used [0x000000077c800000,0x000000077dbfc7b8,0x000000077dd00000)
}
Event: 10.264 GC heap before
{Heap before GC invocations=4 (full 1):
 PSYoungGen      total 38400K, used 5095K [0x00000007d5e00000, 0x00000007da900000, 0x0000000800000000)
  eden space 33280K, 0% used [0x00000007d5e00000,0x00000007d5e00000,0x00000007d7e80000)
  from space 5120K, 99% used [0x00000007d7e80000,0x00000007d8379fd8,0x00000007d8380000)
  to   space 5120K, 0% used [0x00000007da400000,0x00000007da400000,0x00000007da900000)
 ParOldGen       total 86016K, used 57883K [0x0000000781a00000, 0x0000000786e00000, 0x00000007d5e00000)
  object space 86016K, 67% used [0x0000000781a00000,0x0000000785286f70,0x0000000786e00000)
 PSPermGen       total 21504K, used 20465K [0x000000077c800000, 0x000000077dd00000, 0x0000000781a00000)
  object space 21504K, 95% used [0x000000077c800000,0x000000077dbfc7b8,0x000000077dd00000)
Event: 10.531 GC heap after
Heap after GC invocations=4 (full 1):
 PSYoungGen      total 38400K, used 0K [0x00000007d5e00000, 0x00000007da900000, 0x0000000800000000)
  eden space 33280K, 0% used [0x00000007d5e00000,0x00000007d5e00000,0x00000007d7e80000)
  from space 5120K, 0% used [0x00000007d7e80000,0x00000007d7e80000,0x00000007d8380000)
  to   space 5120K, 0% used [0x00000007da400000,0x00000007da400000,0x00000007da900000)
 ParOldGen       total 133632K, used 24991K [0x0000000781a00000, 0x0000000789c80000, 0x00000007d5e00000)
  object space 133632K, 18% used [0x0000000781a00000,0x0000000783267f20,0x0000000789c80000)
 PSPermGen       total 40960K, used 20459K [0x000000077c800000, 0x000000077f000000, 0x0000000781a00000)
  object space 40960K, 49% used [0x000000077c800000,0x000000077dbfadb0,0x000000077f000000)
}
Event: 10.977 GC heap before
{Heap before GC invocations=5 (full 1):
 PSYoungGen      total 38400K, used 33276K [0x00000007d5e00000, 0x00000007da900000, 0x0000000800000000)
  eden space 33280K, 99% used [0x00000007d5e00000,0x00000007d7e7f0b0,0x00000007d7e80000)
  from space 5120K, 0% used [0x00000007d7e80000,0x00000007d7e80000,0x00000007d8380000)
  to   space 5120K, 0% used [0x00000007da400000,0x00000007da400000,0x00000007da900000)
 ParOldGen       total 133632K, used 50227K [0x0000000781a00000, 0x0000000789c80000, 0x00000007d5e00000)
  object space 133632K, 37% used [0x0000000781a00000,0x0000000784b0cf30,0x0000000789c80000)
 PSPermGen       total 40960K, used 20461K [0x000000077c800000, 0x000000077f000000, 0x0000000781a00000)
  object space 40960K, 49% used [0x000000077c800000,0x000000077dbfb650,0x000000077f000000)
Event: 11.030 GC heap after
Heap after GC invocations=5 (full 1):
 PSYoungGen      total 53248K, used 224K [0x00000007d5e00000, 0x00000007da480000, 0x0000000800000000)
  eden space 52736K, 0% used [0x00000007d5e00000,0x00000007d5e00000,0x00000007d9180000)
  from space 512K, 43% used [0x00000007da400000,0x00000007da438390,0x00000007da480000)
  to   space 5120K, 0% used [0x00000007d9a80000,0x00000007d9a80000,0x00000007d9f80000)
 ParOldGen       total 133632K, used 107008K [0x0000000781a00000, 0x0000000789c80000, 0x00000007d5e00000)
  object space 133632K, 80% used [0x0000000781a00000,0x0000000788280360,0x0000000789c80000)
 PSPermGen       total 40960K, used 20461K [0x000000077c800000, 0x000000077f000000, 0x0000000781a00000)
  object space 40960K, 49% used [0x000000077c800000,0x000000077dbfb650,0x000000077f000000)
}
Event: 11.031 GC heap before
{Heap before GC invocations=6 (full 2):
 PSYoungGen      total 53248K, used 224K [0x00000007d5e00000, 0x00000007da480000, 0x0000000800000000)
  eden space 52736K, 0% used [0x00000007d5e00000,0x00000007d5e00000,0x00000007d9180000)
  from space 512K, 43% used [0x00000007da400000,0x00000007da438390,0x00000007da480000)
  to   space 5120K, 0% used [0x00000007d9a80000,0x00000007d9a80000,0x00000007d9f80000)
 ParOldGen       total 133632K, used 107008K [0x0000000781a00000, 0x0000000789c80000, 0x00000007d5e00000)
  object space 133632K, 80% used [0x0000000781a00000,0x0000000788280360,0x0000000789c80000)
 PSPermGen       total 40960K, used 20461K [0x000000077c800000, 0x000000077f000000, 0x0000000781a00000)
  object space 40960K, 49% used [0x000000077c800000,0x000000077dbfb650,0x000000077f000000)
Event: 11.188 GC heap after
Heap after GC invocations=6 (full 2):
 PSYoungGen      total 53248K, used 0K [0x00000007d5e00000, 0x00000007da480000, 0x0000000800000000)
  eden space 52736K, 0% used [0x00000007d5e00000,0x00000007d5e00000,0x00000007d9180000)
  from space 512K, 0% used [0x00000007da400000,0x00000007da400000,0x00000007da480000)
  to   space 5120K, 0% used [0x00000007d9a80000,0x00000007d9a80000,0x00000007d9f80000)
 ParOldGen       total 222720K, used 49628K [0x0000000781a00000, 0x000000078f380000, 0x00000007d5e00000)
  object space 222720K, 22% used [0x0000000781a00000,0x0000000784a77058,0x000000078f380000)
 PSPermGen       total 46080K, used 20461K [0x000000077c800000, 0x000000077f500000, 0x0000000781a00000)
  object space 46080K, 44% used [0x000000077c800000,0x000000077dbfb650,0x000000077f500000)
}

Deoptimization events (10 events):
Event: 7.409 Thread 0x000000000ca91000 Uncommon trap: reason=class_check action=maybe_recompile pc=0x0000000002be15a8 method=java.util.TreeMap.put(Ljava/lang/Object;Ljava/lang/Object;)Ljava/lang/Object; @ 127
Event: 7.410 Thread 0x000000000ca91000 Uncommon trap: reason=class_check action=maybe_recompile pc=0x0000000002be15a8 method=java.util.TreeMap.put(Ljava/lang/Object;Ljava/lang/Object;)Ljava/lang/Object; @ 127
Event: 7.415 Thread 0x000000000ca91000 Uncommon trap: reason=unreached action=reinterpret pc=0x0000000002be0b38 method=java.util.HashMap.getEntry(Ljava/lang/Object;)Ljava/util/HashMap$Entry; @ 10
Event: 7.441 Thread 0x000000000ca91000 Uncommon trap: reason=unreached action=reinterpret pc=0x0000000002c5b1ec method=com.sun.org.apache.xerces.internal.dom.AttributeMap.setNamedItem(Lorg/w3c/dom/Node;)Lorg/w3c/dom/Node; @ 256
Event: 7.441 Thread 0x000000000ca91000 Uncommon trap: reason=unreached action=reinterpret pc=0x0000000002c4d89c method=com.sun.org.apache.xerces.internal.dom.AttributeMap.setNamedItem(Lorg/w3c/dom/Node;)Lorg/w3c/dom/Node; @ 256
Event: 7.444 Thread 0x000000000ca91000 Uncommon trap: reason=class_check action=maybe_recompile pc=0x0000000002c0ead4 method=com.sun.org.apache.xerces.internal.impl.XMLDocumentFragmentScannerImpl.scanDocument(Z)Z @ 147
Event: 7.483 Thread 0x000000000ca91000 Uncommon trap: reason=unreached action=reinterpret pc=0x0000000002c13388 method=com.sun.org.apache.xerces.internal.dom.ParentNode.nodeListItem(I)Lorg/w3c/dom/Node; @ 175
Event: 7.951 Thread 0x000000000ca91000 Uncommon trap: reason=unreached action=reinterpret pc=0x0000000002c109ec method=com.sun.org.apache.xerces.internal.dom.ParentNode.nodeListGetLength()I @ 11
Event: 8.287 Thread 0x000000000ca91000 Uncommon trap: reason=null_check action=make_not_entrant pc=0x0000000002c7cea4 method=java.util.jar.Attributes.putValue(Ljava/lang/String;Ljava/lang/String;)Ljava/lang/String; @ 13
Event: 11.905 Thread 0x000000000ca91000 Uncommon trap: reason=unreached action=reinterpret pc=0x0000000002c5fbcc method=java.awt.image.AreaAveragingScaleFilter.accumPixels(IIIILjava/awt/image/ColorModel;Ljava/lang/Object;II)V @ 501

Internal exceptions (10 events):
Event: 9.264 Thread 0x000000000ca91000 Threw 0x00000007d6323980 at C:\re\jdk7u79\2331\hotspot\src\share\vm\prims\jvm.cpp:1304
Event: 9.267 Thread 0x000000000ca91000 Threw 0x00000007d6326c40 at C:\re\jdk7u79\2331\hotspot\src\share\vm\prims\jvm.cpp:1304
Event: 9.270 Thread 0x000000000ca91000 Threw 0x00000007d632bb00 at C:\re\jdk7u79\2331\hotspot\src\share\vm\prims\jvm.cpp:1304
Event: 9.273 Thread 0x000000000ca91000 Threw 0x00000007d6330710 at C:\re\jdk7u79\2331\hotspot\src\share\vm\prims\jvm.cpp:1304
Event: 9.278 Thread 0x000000000ca91000 Threw 0x00000007d6358c80 at C:\re\jdk7u79\2331\hotspot\src\share\vm\prims\jvm.cpp:1304
Event: 9.287 Thread 0x000000000ca91000 Threw 0x00000007d635f2d8 at C:\re\jdk7u79\2331\hotspot\src\share\vm\prims\jvm.cpp:1304
Event: 9.473 Thread 0x000000000ca91000 Threw 0x00000007d63f1598 at C:\re\jdk7u79\2331\hotspot\src\share\vm\prims\jvm.cpp:1304
Event: 9.624 Thread 0x000000000ca91000 Threw 0x00000007d64550a0 at C:\re\jdk7u79\2331\hotspot\src\share\vm\prims\jvm.cpp:1304
Event: 9.759 Thread 0x000000000ca91000 Threw 0x00000007d6476868 at C:\re\jdk7u79\2331\hotspot\src\share\vm\prims\jvm.cpp:1304
Event: 12.209 Thread 0x000000000c98e000 Threw 0x00000007d5e10340 at C:\re\jdk7u79\2331\hotspot\src\share\vm\prims\jvm.cpp:1304

Events (10 events):
Event: 11.733 Thread 0x000000000ad5d800 flushing nmethod 0x0000000002be0dd0
Event: 11.821 Thread 0x000000000ad63000 flushing nmethod 0x0000000002c10690
Event: 11.821 Thread 0x000000000ad63000 flushing nmethod 0x0000000002c12cd0
Event: 11.826 Thread 0x000000000ad63000 flushing nmethod 0x0000000002c4d250
Event: 11.829 Thread 0x000000000ad63000 flushing nmethod 0x0000000002c576d0
Event: 11.905 Thread 0x000000000ca91000 Uncommon trap: trap_request=0xffffffad fr.pc=0x0000000002c5fbcc
Event: 11.905 Thread 0x000000000ca91000 DEOPT PACKING pc=0x0000000002c5fbcc sp=0x000000000e3ddee0
Event: 11.906 Thread 0x000000000ca91000 DEOPT UNPACKING pc=0x0000000002b575a4 sp=0x000000000e3dde98 mode 2
Event: 12.209 loading class 0x000000000c840c20
Event: 12.209 loading class 0x000000000c840c20 done


Dynamic libraries:
0x00007ff7da920000 - 0x00007ff7da953000 	C:\Program Files\Java\jdk1.7.0_79\bin\java.exe
0x00007ff8b06d0000 - 0x00007ff8b087c000 	C:\windows\SYSTEM32\ntdll.dll
0x00007ff8afa90000 - 0x00007ff8afbce000 	C:\windows\system32\KERNEL32.DLL
0x00007ff8ad9a0000 - 0x00007ff8adab5000 	C:\windows\system32\KERNELBASE.dll
0x00007ff8ac380000 - 0x00007ff8ac40e000 	C:\windows\system32\apphelp.dll
0x00007ff894f00000 - 0x00007ff894f53000 	C:\windows\AppPatch\AppPatch64\AcGenral.DLL
0x00007ff8b02a0000 - 0x00007ff8b034a000 	C:\windows\system32\msvcrt.dll
0x00007ff8ad670000 - 0x00007ff8ad69e000 	C:\windows\SYSTEM32\SspiCli.dll
0x00007ff8afbd0000 - 0x00007ff8afc24000 	C:\windows\system32\SHLWAPI.dll
0x00007ff8b04d0000 - 0x00007ff8b0647000 	C:\windows\system32\USER32.dll
0x00007ff8b0100000 - 0x00007ff8b0294000 	C:\windows\system32\ole32.dll
0x00007ff8ae2d0000 - 0x00007ff8af7fb000 	C:\windows\system32\SHELL32.dll
0x00007ff8ad000000 - 0x00007ff8ad021000 	C:\windows\SYSTEM32\USERENV.dll
0x00007ff8af800000 - 0x00007ff8af8aa000 	C:\windows\system32\ADVAPI32.dll
0x00007ff89a520000 - 0x00007ff89a53e000 	C:\windows\SYSTEM32\MPR.dll
0x00007ff8adfc0000 - 0x00007ff8ae101000 	C:\windows\system32\RPCRT4.dll
0x00007ff8b0020000 - 0x00007ff8b0079000 	C:\windows\SYSTEM32\sechost.dll
0x00007ff8add50000 - 0x00007ff8adf61000 	C:\windows\SYSTEM32\combase.dll
0x00007ff8afc40000 - 0x00007ff8afd8f000 	C:\windows\system32\GDI32.dll
0x00007ff8ad820000 - 0x00007ff8ad835000 	C:\windows\SYSTEM32\profapi.dll
0x00007ff8abd50000 - 0x00007ff8abe02000 	C:\windows\SYSTEM32\SHCORE.dll
0x00007ff8adf80000 - 0x00007ff8adfb6000 	C:\windows\system32\IMM32.DLL
0x00007ff8ae110000 - 0x00007ff8ae262000 	C:\windows\system32\MSCTF.dll
0x00007ff8ab8a0000 - 0x00007ff8abb1b000 	C:\windows\WinSxS\amd64_microsoft.windows.common-controls_6595b64144ccf1df_6.0.9600.18006_none_623f33d3ecbe86e8\COMCTL32.dll
0x0000000076fd0000 - 0x00000000770a2000 	C:\Program Files\Java\jdk1.7.0_79\jre\bin\msvcr100.dll
0x0000000075550000 - 0x0000000075d25000 	C:\Program Files\Java\jdk1.7.0_79\jre\bin\server\jvm.dll
0x00007ff8a9fc0000 - 0x00007ff8a9fc9000 	C:\windows\SYSTEM32\WSOCK32.dll
0x00007ff8ab0e0000 - 0x00007ff8ab102000 	C:\windows\SYSTEM32\WINMM.dll
0x00007ff8afd90000 - 0x00007ff8afd97000 	C:\windows\system32\PSAPI.DLL
0x00007ff8b0080000 - 0x00007ff8b00da000 	C:\windows\system32\WS2_32.dll
0x00007ff8ab0a0000 - 0x00007ff8ab0ca000 	C:\windows\SYSTEM32\WINMMBASE.dll
0x00007ff8adf70000 - 0x00007ff8adf79000 	C:\windows\system32\NSI.dll
0x00007ff8ad950000 - 0x00007ff8ad99f000 	C:\windows\SYSTEM32\cfgmgr32.dll
0x00007ff8ac5d0000 - 0x00007ff8ac5f8000 	C:\windows\SYSTEM32\DEVOBJ.dll
0x0000000050000000 - 0x000000005000f000 	C:\Program Files\Java\jdk1.7.0_79\jre\bin\verify.dll
0x0000000077270000 - 0x0000000077298000 	C:\Program Files\Java\jdk1.7.0_79\jre\bin\java.dll
0x0000000076e20000 - 0x0000000076e35000 	C:\Program Files\Java\jdk1.7.0_79\jre\bin\zip.dll
0x0000000076e00000 - 0x0000000076e1a000 	C:\Program Files\Java\jdk1.7.0_79\jre\bin\net.dll
0x00007ff8ad030000 - 0x00007ff8ad089000 	C:\windows\system32\mswsock.dll
0x0000000076af0000 - 0x0000000076b01000 	C:\Program Files\Java\jdk1.7.0_79\jre\bin\nio.dll
0x0000000076950000 - 0x0000000076ae5000 	C:\Program Files\Java\jdk1.7.0_79\jre\bin\awt.dll
0x00007ff8afda0000 - 0x00007ff8afe61000 	C:\windows\system32\OLEAUT32.dll
0x00007ff894ea0000 - 0x00007ff894efd000 	C:\Users\Dev\Desktop\New folder\beethefirst-software - Copy\beesoft-app\beesoft-usb\src\main\resources\libpxcclr.jni64.dll
0x00007ff894de0000 - 0x00007ff894e98000 	C:\Program Files\Common Files\Intel\RSSDK\v6\bin\x64\libpxcsession.dll
0x00007ff893e00000 - 0x00007ff893e52000 	C:\Program Files\Common Files\Intel\RSSDK\v6\bin\x64\tbb.dll
0x00007ff8a5100000 - 0x00007ff8a51a7000 	C:\windows\SYSTEM32\MSVCP110.dll
0x00007ff8a51c0000 - 0x00007ff8a5294000 	C:\windows\SYSTEM32\MSVCR110.dll
0x00007ff8844e0000 - 0x00007ff8846c2000 	C:\Program Files\Common Files\Intel\RSSDK\v6\bin\x64\libpxccore.dll
0x00007ff893cf0000 - 0x00007ff893df1000 	C:\Program Files\Common Files\Intel\RSSDK\v6\bin\x64\intel-ias2.dll
0x00007ff8abb20000 - 0x00007ff8abb2a000 	C:\windows\SYSTEM32\VERSION.dll
0x00007ff8a5070000 - 0x00007ff8a50ba000 	C:\Program Files\Common Files\Intel\RSSDK\v6\bin\x64\libpxclanternrock.dll
0x00007ff8ac450000 - 0x00007ff8ac579000 	C:\windows\system32\uxtheme.dll
0x00007ff8a6090000 - 0x00007ff8a613b000 	C:\Program Files\Common Files\microsoft shared\ink\tiptsf.dll
0x00007ff8900e0000 - 0x00007ff8901c4000 	C:\Program Files\Common Files\Intel\RSSDK\v6\bin\x64\libpxcpipelineutils.dll
0x00007ff8abb30000 - 0x00007ff8abb51000 	C:\windows\system32\dwmapi.dll
0x00007ff8ac620000 - 0x00007ff8ac62b000 	C:\windows\SYSTEM32\kernel.appcore.dll
0x00007ff8ad760000 - 0x00007ff8ad76b000 	C:\windows\SYSTEM32\CRYPTBASE.dll
0x00007ff8ad6f0000 - 0x00007ff8ad753000 	C:\windows\SYSTEM32\bcryptPrimitives.dll
0x00007ff87ed70000 - 0x00007ff8809ed000 	C:\Program Files\Common Files\Intel\RSSDK\v6\bin\x64\libpxchand_core.dll
0x00007ff87d6f0000 - 0x00007ff87ed61000 	C:\Program Files\Common Files\Intel\RSSDK\v6\bin\x64\libpxchand_track.dll
0x00007ff87c790000 - 0x00007ff87d6e8000 	C:\Program Files\Common Files\Intel\RSSDK\v6\bin\x64\libpxchand_facade.dll
0x00007ff87c540000 - 0x00007ff87c78e000 	C:\Program Files\Common Files\Intel\RSSDK\v6\bin\x64\libpxchandmodule.dll
0x00007ff8ab480000 - 0x00007ff8ab493000 	C:\Program Files\Common Files\Intel\RSSDK\v6\bin\x64\libpxcpowermanager.dll
0x0000000180000000 - 0x00000001804b5000 	C:\Program Files\Common Files\Intel\RSDCM_R200\bin\x64\DSAPI.dll
0x00007ff88db00000 - 0x00007ff88dbc2000 	C:\windows\SYSTEM32\ODBC32.dll
0x00007ff891130000 - 0x00007ff8911cd000 	C:\windows\SYSTEM32\MF.dll
0x00007ff8843f0000 - 0x00007ff8844db000 	C:\windows\SYSTEM32\MFPlat.DLL
0x00007ff88f5a0000 - 0x00007ff88f605000 	C:\windows\SYSTEM32\MFReadWrite.dll
0x00007ff87c300000 - 0x00007ff87c539000 	C:\windows\SYSTEM32\MFCORE.DLL
0x00007ff8a99c0000 - 0x00007ff8a99c8000 	C:\windows\SYSTEM32\ksuser.dll
0x00007ff8aa750000 - 0x00007ff8aa777000 	C:\windows\SYSTEM32\RTWorkQ.DLL
0x00007ff8a9fb0000 - 0x00007ff8a9fbc000 	C:\windows\SYSTEM32\AVRT.dll
0x00007ff87be80000 - 0x00007ff87c2f1000 	C:\Program Files\Common Files\Intel\RSDCM_R200\bin\x64\libpxccamera_dcm_r200.dll
0x00007ff8aa900000 - 0x00007ff8aa982000 	C:\windows\SYSTEM32\WINSPOOL.DRV
0x00007ff8ab0d0000 - 0x00007ff8ab0d7000 	C:\windows\SYSTEM32\MSIMG32.dll
0x00007ff8af8b0000 - 0x00007ff8afa8a000 	C:\windows\system32\SETUPAPI.dll
0x00007ff8aa830000 - 0x00007ff8aa89a000 	C:\windows\SYSTEM32\OLEACC.dll
0x00007ff8aaad0000 - 0x00007ff8aac80000 	C:\windows\WinSxS\amd64_microsoft.windows.gdiplus_6595b64144ccf1df_1.1.9600.17415_none_932b3b5547500489\gdiplus.dll
0x00007ff8b0410000 - 0x00007ff8b04c6000 	C:\windows\SYSTEM32\clbcatq.dll
0x00007ff8ad0d0000 - 0x00007ff8ad0f0000 	C:\windows\SYSTEM32\CRYPTSP.dll
0x00007ff8acde0000 - 0x00007ff8ace16000 	C:\windows\system32\rsaenh.dll
0x00007ff8ad340000 - 0x00007ff8ad366000 	C:\windows\SYSTEM32\bcrypt.dll
0x00007ff8ab110000 - 0x00007ff8ab12a000 	C:\Program Files\Common Files\Intel\RSDCM_R200\bin\x64\RealSenseDCMPS_R200.dll
0x00007ff8842d0000 - 0x00007ff8843ef000 	C:\Program Files\Common Files\Intel\RSDCM\bin\x64\IVCAM_DLL.dll
0x00007ff8a87b0000 - 0x00007ff8a8806000 	C:\windows\SYSTEM32\newdev.dll
0x00007ff8ab3f0000 - 0x00007ff8ab3fb000 	C:\windows\SYSTEM32\WINUSB.DLL
0x00007ff8a8830000 - 0x00007ff8a8846000 	C:\windows\SYSTEM32\devrtl.DLL
0x00007ff87aff0000 - 0x00007ff87b463000 	C:\Program Files\Common Files\Intel\RSDCM\bin\x64\libpxccamera_dcm_f200.dll
0x00007ff8a6e70000 - 0x00007ff8a6e8a000 	C:\Program Files\Common Files\Intel\RSDCM\bin\x64\RealSenseDCMPS.dll
0x00007ff89bc80000 - 0x00007ff89bec1000 	C:\windows\System32\msxml3.dll
0x00007ff8a4130000 - 0x00007ff8a42b5000 	C:\windows\SYSTEM32\urlmon.dll
0x00007ff8a3e60000 - 0x00007ff8a4127000 	C:\windows\SYSTEM32\iertutil.dll
0x00007ff8a3bf0000 - 0x00007ff8a3e59000 	C:\windows\SYSTEM32\WININET.dll
0x00007ff8ad8f0000 - 0x00007ff8ad941000 	C:\windows\system32\WINTRUST.dll
0x00007ff8adac0000 - 0x00007ff8adc9f000 	C:\windows\system32\CRYPT32.dll
0x00007ff8ad8d0000 - 0x00007ff8ad8e1000 	C:\windows\system32\MSASN1.dll
0x00000000768b0000 - 0x00000000768f7000 	C:\Program Files\Java\jdk1.7.0_79\jre\bin\fontmanager.dll
0x0000000076860000 - 0x00000000768a1000 	C:\Program Files\Java\jdk1.7.0_79\jre\bin\t2k.dll
0x00007ff8a8860000 - 0x00007ff8a888a000 	C:\windows\SYSTEM32\IPHLPAPI.DLL
0x00007ff8a8850000 - 0x00007ff8a885a000 	C:\windows\SYSTEM32\WINNSI.DLL
0x00007ff8a6b60000 - 0x00007ff8a6b76000 	C:\windows\SYSTEM32\dhcpcsvc6.DLL
0x00007ff8a73c0000 - 0x00007ff8a73da000 	C:\windows\SYSTEM32\dhcpcsvc.DLL
0x00007ff8aa430000 - 0x00007ff8aa5de000 	C:\windows\SYSTEM32\WindowsCodecs.dll
0x000000006b600000 - 0x000000006b632000 	C:\Users\Dev\Desktop\New folder\beethefirst-software - Copy\beesoft-app\beesoft-usb\target\classes\de\ailis\usb4java\libusb\windows-x86_64\libusb-1.0.dll
0x0000000070880000 - 0x0000000070895000 	C:\Users\Dev\Desktop\New folder\beethefirst-software - Copy\beesoft-app\beesoft-usb\target\classes\de\ailis\usb4java\libusb\windows-x86_64\libusb4java.dll
0x00007ff8ab560000 - 0x00007ff8ab57a000 	C:\windows\SYSTEM32\libusbK.DLL
0x00007ff8ac9a0000 - 0x00007ff8ac9ad000 	C:\windows\SYSTEM32\hid.dll
0x0000000076940000 - 0x0000000076947000 	C:\Program Files\Java\jdk1.7.0_79\jre\bin\jawt.dll
0x000000000ed20000 - 0x000000000ed5e000 	C:\Program Files\Java\jdk1.7.0_79\jre\bin\j3dcore-ogl.dll
0x00007ff89c2c0000 - 0x00007ff89c3eb000 	C:\windows\SYSTEM32\OPENGL32.dll
0x00007ff8a62e0000 - 0x00007ff8a630e000 	C:\windows\SYSTEM32\GLU32.dll
0x00007ff89c0a0000 - 0x00007ff89c198000 	C:\windows\SYSTEM32\DDRAW.dll
0x00007ff8a9530000 - 0x00007ff8a9539000 	C:\windows\SYSTEM32\DCIMAN32.dll
0x00007ff8809f0000 - 0x00007ff8812f8000 	C:\windows\SYSTEM32\ig8icd64.dll
0x00007ff893f00000 - 0x00007ff8948c0000 	C:\windows\SYSTEM32\igdusc64.dll
0x00007ff8abd30000 - 0x00007ff8abd42000 	C:\windows\SYSTEM32\WTSAPI32.dll
0x00007ff8ad6a0000 - 0x00007ff8ad6e6000 	C:\windows\SYSTEM32\powrprof.dll
0x00007ff8a8890000 - 0x00007ff8a8a19000 	C:\windows\SYSTEM32\dbghelp.dll

VM Arguments:
java_command: replicatorg.app.Base
Launcher Type: SUN_STANDARD

Environment Variables:
JAVA_HOME=C:\Program Files\Java\jdk1.7.0_79
PATH=C:\Program Files (x86)\Intel\iCLS Client\;C:\Program Files\Intel\iCLS Client\;C:\windows\system32;C:\windows;C:\windows\System32\Wbem;C:\windows\System32\WindowsPowerShell\v1.0\;C:\Program Files\Intel\Intel(R) Management Engine Components\DAL;C:\Program Files (x86)\Intel\Intel(R) Management Engine Components\DAL;C:\Program Files\Intel\Intel(R) Management Engine Components\IPT;C:\Program Files (x86)\Intel\Intel(R) Management Engine Components\IPT;C:\Program Files\Intel\WiFi\bin\;C:\Program Files\Common Files\Intel\WirelessCommon\;C:\Program Files (x86)\Common Files\lenovo\easyplussdk\bin;C:\ProgramData\Lenovo\ReadyApps;C:\windows\system32\config\systemprofile\.dnx\bin;C:\Program Files\Microsoft DNX\Dnvm\;C:\Program Files (x86)\Windows Kits\8.1\Windows Performance Toolkit\
USERNAME=Dev
OS=Windows_NT
PROCESSOR_IDENTIFIER=Intel64 Family 6 Model 61 Stepping 4, GenuineIntel



---------------  S Y S T E M  ---------------

OS: Windows 8.1 , 64 bit Build 9600 

CPU:total 4 (2 cores per cpu, 2 threads per core) family 6 model 61 stepping 4, cmov, cx8, fxsr, mmx, sse, sse2, sse3, ssse3, sse4.1, sse4.2, popcnt, avx, avx2, erms, ht, tsc, tscinvbit

Memory: 4k page, physical 8277124k(3101260k free), swap 16665732k(10067072k free)

vm_info: Java HotSpot(TM) 64-Bit Server VM (24.79-b02) for windows-amd64 JRE (1.7.0_79-b15), built on Apr 10 2015 12:36:16 by "java_re" with unknown MS VC++:1600

time: Mon Nov 09 11:39:03 2015
elapsed time: 12 seconds

