#
# A fatal error has been detected by the Java Runtime Environment:
#
#  EXCEPTION_ACCESS_VIOLATION (0xc0000005) at pc=0x00007ff8a4f4df10, pid=16264, tid=9692
#
# JRE version: Java(TM) SE Runtime Environment (7.0_79-b15) (build 1.7.0_79-b15)
# Java VM: Java HotSpot(TM) 64-Bit Server VM (24.79-b02 mixed mode windows-amd64 compressed oops)
# Problematic frame:
# C  [libpxcclr.jni64.dll+0xdf10]
#
# Failed to write core dump. Minidumps are not enabled by default on client versions of Windows
#
# If you would like to submit a bug report, please visit:
#   http://bugreport.java.com/bugreport/crash.jsp
# The crash happened outside the Java Virtual Machine in native code.
# See problematic frame for where to report the bug.
#

---------------  T H R E A D  ---------------

Current thread (0x000000000c390800):  JavaThread "Thread-2" [_thread_in_native, id=9692, stack(0x000000000d710000,0x000000000d810000)]

siginfo: ExceptionCode=0xc0000005, reading address 0x0000000000000000

Registers:
RAX=0x00007ff8a4f85ec0, RBX=0x000000077d2db588, RCX=0x0000000000000000, RDX=0x0000000000000000
RSP=0x000000000d80f5a0, RBP=0x000000000d80f6d0, RSI=0x00000000efa5bbf6, RDI=0x0000000002506274
R8 =0x0000000000000001, R9 =0x0000000075c47f80, R10=0x000000000000000c, R11=0x000000005d527815
R12=0x0000000000000000, R13=0x0000000000000000, R14=0x000000000c3909e8, R15=0x000000000d80f6f8
RIP=0x00007ff8a4f4df10, EFLAGS=0x0000000000010202

Top of Stack: (sp=0x000000000d80f5a0)
0x000000000d80f5a0:   0000000000000000 000000000d80f6d0
0x000000000d80f5b0:   0000000000000000 000000077d2db588
0x000000000d80f5c0:   0000000000000000 000000000c390800
0x000000000d80f5d0:   00000000efa5bbf6 000000077d2db588
0x000000000d80f5e0:   000000000c336bc0 00000000755efce8
0x000000000d80f5f0:   000000000d80f9d8 000000000a74a0e0
0x000000000d80f600:   000000000a74a4b8 00000000000003d8
0x000000000d80f610:   0000000002506274 0000000002512fd9
0x000000000d80f620:   000000000a747200 00007b51db77f2e2
0x000000000d80f630:   000000000c390800 000000000d80f708
0x000000000d80f640:   000000077d2db588 0000000002513150
0x000000000d80f650:   0000000000000000 000000000c390800
0x000000000d80f660:   000000000d80f760 000000000251e1e3
0x000000000d80f670:   000000000d80f6f0 0000000000000000
0x000000000d80f680:   000000000c390800 000000000d80f770
0x000000000d80f690:   000000000d80f690 000000077d2db588 

Instructions: (pc=0x00007ff8a4f4df10)
0x00007ff8a4f4def0:   0f 85 db 00 00 00 48 83 c3 30 48 89 de 48 83 3c
0x00007ff8a4f4df00:   03 00 75 b3 48 8b 5c 24 38 48 8b 74 24 30 33 d2
0x00007ff8a4f4df10:   49 8b 45 00 4c 89 e9 4c 8d 44 24 40 ff 50 60 41
0x00007ff8a4f4df20:   89 c5 45 85 ed 7c 27 48 89 e0 4c 89 f1 48 8d 15 


Register to memory mapping:

RAX=0x00007ff8a4f85ec0 is an unknown value
RBX=0x000000077d2db588 is an oop
{method} 
 - klass: {other class}
RCX=0x0000000000000000 is an unknown value
RDX=0x0000000000000000 is an unknown value
RSP=0x000000000d80f5a0 is pointing into the stack for thread: 0x000000000c390800
RBP=0x000000000d80f6d0 is pointing into the stack for thread: 0x000000000c390800
RSI=0x00000000efa5bbf6 is an unknown value
RDI=0x0000000002506274 is at code_begin+2900 in an Interpreter codelet
return entry points  [0x0000000002505720, 0x0000000002507520]  7680 bytes
R8 =0x0000000000000001 is an unknown value
R9 =0x0000000075c47f80 is an unknown value
R10=0x000000000000000c is an unknown value
R11=0x000000005d527815 is an unknown value
R12=0x0000000000000000 is an unknown value
R13=0x0000000000000000 is an unknown value
R14=0x000000000c3909e8 is an unknown value
R15=0x000000000d80f6f8 is pointing into the stack for thread: 0x000000000c390800


Stack: [0x000000000d710000,0x000000000d810000],  sp=0x000000000d80f5a0,  free space=1021k
Native frames: (J=compiled Java code, j=interpreted, Vv=VM code, C=native code)
C  [libpxcclr.jni64.dll+0xdf10]
j  intel.rssdk.PXCMHandData$IHand.QueryTrackedJoint(Lintel/rssdk/PXCMHandData$JointType;Lintel/rssdk/PXCMHandData$JointData;)Lintel/rssdk/pxcmStatus;+6
j  replicatorg.app.util.RSProcessor.run()V+280
v  ~StubRoutines::call_stub
V  [jvm.dll+0x1cf7f3]

Java frames: (J=compiled Java code, j=interpreted, Vv=VM code)
j  intel.rssdk.PXCMHandData$IHand.PXCMHandData_IHand_QueryTrackedJoint(JLintel/rssdk/PXCMHandData$JointType;Lintel/rssdk/PXCMHandData$JointData;)Lintel/rssdk/pxcmStatus;+0
j  intel.rssdk.PXCMHandData$IHand.QueryTrackedJoint(Lintel/rssdk/PXCMHandData$JointType;Lintel/rssdk/PXCMHandData$JointData;)Lintel/rssdk/pxcmStatus;+6
j  replicatorg.app.util.RSProcessor.run()V+280
v  ~StubRoutines::call_stub

---------------  P R O C E S S  ---------------

Java Threads: ( => current thread )
  0x000000000f2d2800 JavaThread "Keep-Alive-Timer" daemon [_thread_blocked, id=6048, stack(0x000000001ee40000,0x000000001ef40000)]
  0x000000000f2ce800 JavaThread "J3D-InputDeviceScheduler-1" [_thread_blocked, id=5256, stack(0x000000001b4c0000,0x000000001b5c0000)]
  0x000000000f2d0000 JavaThread "J3D-SoundSchedulerUpdateThread-1" [_thread_blocked, id=11104, stack(0x000000001b3c0000,0x000000001b4c0000)]
  0x000000000f2d1800 JavaThread "J3D-RenderStructureUpdateThread-1" [_thread_blocked, id=7852, stack(0x000000001b2c0000,0x000000001b3c0000)]
  0x000000000f2d1000 JavaThread "J3D-BehaviorScheduler-1" [_thread_blocked, id=9992, stack(0x000000001b1c0000,0x000000001b2c0000)]
  0x000000000f2cc800 JavaThread "J3D-TransformStructureUpdateThread-1" [_thread_blocked, id=5752, stack(0x000000001af10000,0x000000001b010000)]
  0x000000000f2ce000 JavaThread "J3D-RenderingEnvironmentStructureUpdateThread-1" [_thread_blocked, id=15448, stack(0x000000001ae10000,0x000000001af10000)]
  0x000000000f2cd000 JavaThread "J3D-SoundStructureUpdateThread-1" [_thread_blocked, id=5196, stack(0x000000001b0c0000,0x000000001b1c0000)]
  0x000000000f2cb800 JavaThread "J3D-GeometryStructureUpdateThread-1" [_thread_blocked, id=10628, stack(0x000000001ad10000,0x000000001ae10000)]
  0x000000000ed5e000 JavaThread "J3D-BehaviorStructureUpdateThread-1" [_thread_blocked, id=10132, stack(0x0000000019fb0000,0x000000001a0b0000)]
  0x000000000ed61000 JavaThread "Image Fetcher 0" daemon [_thread_blocked, id=10332, stack(0x0000000019eb0000,0x0000000019fb0000)]
  0x000000000ed5c800 JavaThread "TimerQueue" daemon [_thread_blocked, id=4460, stack(0x000000001ab10000,0x000000001ac10000)]
  0x000000000ed5f000 JavaThread "J3D-Renderer-1" [_thread_blocked, id=5944, stack(0x000000001aa10000,0x000000001ab10000)]
  0x000000000ed5d800 JavaThread "J3D-MasterControl-1" [_thread_blocked, id=15712, stack(0x000000001a910000,0x000000001aa10000)]
  0x000000000ed5f800 JavaThread "J3D-NotificationThread" [_thread_blocked, id=3844, stack(0x000000001a810000,0x000000001a910000)]
  0x000000000ed5a800 JavaThread "J3D-TimerThread" [_thread_blocked, id=9940, stack(0x000000001a710000,0x000000001a810000)]
  0x000000000ed5b000 JavaThread "J3D-RenderingAttributesStructureUpdateThread" [_thread_blocked, id=7012, stack(0x000000001a5b0000,0x000000001a6b0000)]
  0x000000000ed5c000 JavaThread "Assess Status" [_thread_blocked, id=16276, stack(0x000000001a4b0000,0x000000001a5b0000)]
  0x0000000011d31000 JavaThread "Machine Thread" [_thread_blocked, id=13712, stack(0x000000001a3b0000,0x000000001a4b0000)]
  0x000000000c115000 JavaThread "Thread-7" daemon [_thread_blocked, id=8972, stack(0x000000001a2b0000,0x000000001a3b0000)]
  0x000000000c34f000 JavaThread "Machine Callback Handler" [_thread_blocked, id=7556, stack(0x000000000d810000,0x000000000d910000)]
=>0x000000000c390800 JavaThread "Thread-2" [_thread_in_native, id=9692, stack(0x000000000d710000,0x000000000d810000)]
  0x000000000c381800 JavaThread "AWT-EventQueue-0" [_thread_blocked, id=8100, stack(0x000000000ce20000,0x000000000cf20000)]
  0x000000000c3cb000 JavaThread "AWT-Windows" daemon [_thread_in_native, id=11180, stack(0x000000000cbf0000,0x000000000ccf0000)]
  0x000000000c35f800 JavaThread "AWT-Shutdown" [_thread_blocked, id=8828, stack(0x000000000caf0000,0x000000000cbf0000)]
  0x000000000c35f000 JavaThread "Java2D Disposer" daemon [_thread_blocked, id=1064, stack(0x000000000c9f0000,0x000000000caf0000)]
  0x000000000c28e800 JavaThread "Thread-1" [_thread_blocked, id=868, stack(0x000000000c4f0000,0x000000000c5f0000)]
  0x000000000a74b800 JavaThread "Service Thread" daemon [_thread_blocked, id=16248, stack(0x000000000bef0000,0x000000000bff0000)]
  0x000000000a744800 JavaThread "C2 CompilerThread1" daemon [_thread_blocked, id=9608, stack(0x000000000bdf0000,0x000000000bef0000)]
  0x000000000a73d000 JavaThread "C2 CompilerThread0" daemon [_thread_blocked, id=7076, stack(0x000000000bcf0000,0x000000000bdf0000)]
  0x000000000a73c000 JavaThread "Attach Listener" daemon [_thread_blocked, id=12644, stack(0x000000000bbf0000,0x000000000bcf0000)]
  0x000000000a739000 JavaThread "Signal Dispatcher" daemon [_thread_blocked, id=264, stack(0x000000000baf0000,0x000000000bbf0000)]
  0x000000000a6fa000 JavaThread "Finalizer" daemon [_thread_blocked, id=8308, stack(0x000000000b9f0000,0x000000000baf0000)]
  0x000000000a6f6800 JavaThread "Reference Handler" daemon [_thread_blocked, id=11952, stack(0x000000000b8f0000,0x000000000b9f0000)]
  0x00000000024fe800 JavaThread "main" [_thread_blocked, id=9076, stack(0x0000000002170000,0x0000000002270000)]

Other Threads:
  0x000000000a6f2800 VMThread [stack: 0x000000000b7f0000,0x000000000b8f0000] [id=12140]
  0x000000000a755800 WatcherThread [stack: 0x000000000bff0000,0x000000000c0f0000] [id=968]

VM state:not at safepoint (normal execution)

VM Mutex/Monitor currently owned by a thread: None

Heap
 PSYoungGen      total 65536K, used 32587K [0x00000007d5e00000, 0x00000007e0700000, 0x0000000800000000)
  eden space 60416K, 48% used [0x00000007d5e00000,0x00000007d7a951d0,0x00000007d9900000)
  from space 5120K, 64% used [0x00000007d9a80000,0x00000007d9dbdbf0,0x00000007d9f80000)
  to   space 56320K, 0% used [0x00000007dd000000,0x00000007dd000000,0x00000007e0700000)
 ParOldGen       total 225792K, used 49642K [0x0000000781a00000, 0x000000078f680000, 0x00000007d5e00000)
  object space 225792K, 21% used [0x0000000781a00000,0x0000000784a7ab80,0x000000078f680000)
 PSPermGen       total 46592K, used 24260K [0x000000077c800000, 0x000000077f580000, 0x0000000781a00000)
  object space 46592K, 52% used [0x000000077c800000,0x000000077dfb13a8,0x000000077f580000)

Card table byte_map: [0x0000000005500000,0x0000000005920000] byte_map_base: 0x000000000191c000

Polling page: 0x00000000009a0000

Code Cache  [0x0000000002500000, 0x0000000002770000, 0x0000000005500000)
 total_blobs=1095 nmethods=431 adapters=616 free_code_cache=47381Kb largest_free_block=48477504

Compilation events (10 events):
Event: 19.281 Thread 0x000000000a73d000 nmethod 448 0x00000000026bb190 code [0x00000000026bb2e0, 0x00000000026bb398]
Event: 19.281 Thread 0x000000000a73d000  450             java.lang.CharacterDataLatin1::isWhitespace (23 bytes)
Event: 19.282 Thread 0x000000000a744800 nmethod 449 0x00000000026bc810 code [0x00000000026bc960, 0x00000000026bcab8]
Event: 19.282 Thread 0x000000000a73d000 nmethod 450 0x00000000026bc590 code [0x00000000026bc6c0, 0x00000000026bc758]
Event: 19.312 Thread 0x000000000a744800  451  s          java.io.BufferedInputStream::read (49 bytes)
Event: 19.329 Thread 0x000000000a744800 nmethod 451 0x00000000026b27d0 code [0x00000000026b2940, 0x00000000026b3168]
Event: 19.408 Thread 0x000000000a73d000  452             sun.misc.IoTrace::fileReadBegin (2 bytes)
Event: 19.408 Thread 0x000000000a744800  453             sun.misc.IoTrace::fileReadEnd (1 bytes)
Event: 19.408 Thread 0x000000000a744800 nmethod 453 0x00000000025b2150 code [0x00000000025b2280, 0x00000000025b22b8]
Event: 19.408 Thread 0x000000000a73d000 nmethod 452 0x00000000025e5490 code [0x00000000025e55c0, 0x00000000025e55f8]

GC Heap History (10 events):
Event: 9.116 GC heap before
{Heap before GC invocations=3 (full 0):
 PSYoungGen      total 38400K, used 38381K [0x00000007d5e00000, 0x00000007d8880000, 0x0000000800000000)
  eden space 33280K, 100% used [0x00000007d5e00000,0x00000007d7e80000,0x00000007d7e80000)
  from space 5120K, 99% used [0x00000007d8380000,0x00000007d887b518,0x00000007d8880000)
  to   space 5120K, 0% used [0x00000007d7e80000,0x00000007d7e80000,0x00000007d8380000)
 ParOldGen       total 86016K, used 625K [0x0000000781a00000, 0x0000000786e00000, 0x00000007d5e00000)
  object space 86016K, 0% used [0x0000000781a00000,0x0000000781a9c470,0x0000000786e00000)
 PSPermGen       total 21504K, used 20517K [0x000000077c800000, 0x000000077dd00000, 0x0000000781a00000)
  object space 21504K, 95% used [0x000000077c800000,0x000000077dc094e0,0x000000077dd00000)
Event: 9.174 GC heap after
Heap after GC invocations=3 (full 0):
 PSYoungGen      total 38400K, used 5096K [0x00000007d5e00000, 0x00000007da900000, 0x0000000800000000)
  eden space 33280K, 0% used [0x00000007d5e00000,0x00000007d5e00000,0x00000007d7e80000)
  from space 5120K, 99% used [0x00000007d7e80000,0x00000007d837a1b0,0x00000007d8380000)
  to   space 5120K, 0% used [0x00000007da400000,0x00000007da400000,0x00000007da900000)
 ParOldGen       total 86016K, used 57781K [0x0000000781a00000, 0x0000000786e00000, 0x00000007d5e00000)
  object space 86016K, 67% used [0x0000000781a00000,0x000000078526d4c0,0x0000000786e00000)
 PSPermGen       total 21504K, used 20517K [0x000000077c800000, 0x000000077dd00000, 0x0000000781a00000)
  object space 21504K, 95% used [0x000000077c800000,0x000000077dc094e0,0x000000077dd00000)
}
Event: 9.175 GC heap before
{Heap before GC invocations=4 (full 1):
 PSYoungGen      total 38400K, used 5096K [0x00000007d5e00000, 0x00000007da900000, 0x0000000800000000)
  eden space 33280K, 0% used [0x00000007d5e00000,0x00000007d5e00000,0x00000007d7e80000)
  from space 5120K, 99% used [0x00000007d7e80000,0x00000007d837a1b0,0x00000007d8380000)
  to   space 5120K, 0% used [0x00000007da400000,0x00000007da400000,0x00000007da900000)
 ParOldGen       total 86016K, used 57781K [0x0000000781a00000, 0x0000000786e00000, 0x00000007d5e00000)
  object space 86016K, 67% used [0x0000000781a00000,0x000000078526d4c0,0x0000000786e00000)
 PSPermGen       total 21504K, used 20517K [0x000000077c800000, 0x000000077dd00000, 0x0000000781a00000)
  object space 21504K, 95% used [0x000000077c800000,0x000000077dc094e0,0x000000077dd00000)
Event: 9.405 GC heap after
Heap after GC invocations=4 (full 1):
 PSYoungGen      total 38400K, used 0K [0x00000007d5e00000, 0x00000007da900000, 0x0000000800000000)
  eden space 33280K, 0% used [0x00000007d5e00000,0x00000007d5e00000,0x00000007d7e80000)
  from space 5120K, 0% used [0x00000007d7e80000,0x00000007d7e80000,0x00000007d8380000)
  to   space 5120K, 0% used [0x00000007da400000,0x00000007da400000,0x00000007da900000)
 ParOldGen       total 135168K, used 24931K [0x0000000781a00000, 0x0000000789e00000, 0x00000007d5e00000)
  object space 135168K, 18% used [0x0000000781a00000,0x0000000783258ef8,0x0000000789e00000)
 PSPermGen       total 41472K, used 20510K [0x000000077c800000, 0x000000077f080000, 0x0000000781a00000)
  object space 41472K, 49% used [0x000000077c800000,0x000000077dc07a98,0x000000077f080000)
}
Event: 9.748 GC heap before
{Heap before GC invocations=5 (full 1):
 PSYoungGen      total 38400K, used 33267K [0x00000007d5e00000, 0x00000007da900000, 0x0000000800000000)
  eden space 33280K, 99% used [0x00000007d5e00000,0x00000007d7e7cc40,0x00000007d7e80000)
  from space 5120K, 0% used [0x00000007d7e80000,0x00000007d7e80000,0x00000007d8380000)
  to   space 5120K, 0% used [0x00000007da400000,0x00000007da400000,0x00000007da900000)
 ParOldGen       total 135168K, used 50167K [0x0000000781a00000, 0x0000000789e00000, 0x00000007d5e00000)
  object space 135168K, 37% used [0x0000000781a00000,0x0000000784afdf08,0x0000000789e00000)
 PSPermGen       total 41472K, used 20513K [0x000000077c800000, 0x000000077f080000, 0x0000000781a00000)
  object space 41472K, 49% used [0x000000077c800000,0x000000077dc08418,0x000000077f080000)
Event: 9.788 GC heap after
Heap after GC invocations=5 (full 1):
 PSYoungGen      total 52224K, used 224K [0x00000007d5e00000, 0x00000007da480000, 0x0000000800000000)
  eden space 51712K, 0% used [0x00000007d5e00000,0x00000007d5e00000,0x00000007d9080000)
  from space 512K, 43% used [0x00000007da400000,0x00000007da438390,0x00000007da480000)
  to   space 5120K, 0% used [0x00000007d9a80000,0x00000007d9a80000,0x00000007d9f80000)
 ParOldGen       total 135168K, used 106948K [0x0000000781a00000, 0x0000000789e00000, 0x00000007d5e00000)
  object space 135168K, 79% used [0x0000000781a00000,0x0000000788271338,0x0000000789e00000)
 PSPermGen       total 41472K, used 20513K [0x000000077c800000, 0x000000077f080000, 0x0000000781a00000)
  object space 41472K, 49% used [0x000000077c800000,0x000000077dc08418,0x000000077f080000)
}
Event: 9.788 GC heap before
{Heap before GC invocations=6 (full 2):
 PSYoungGen      total 52224K, used 224K [0x00000007d5e00000, 0x00000007da480000, 0x0000000800000000)
  eden space 51712K, 0% used [0x00000007d5e00000,0x00000007d5e00000,0x00000007d9080000)
  from space 512K, 43% used [0x00000007da400000,0x00000007da438390,0x00000007da480000)
  to   space 5120K, 0% used [0x00000007d9a80000,0x00000007d9a80000,0x00000007d9f80000)
 ParOldGen       total 135168K, used 106948K [0x0000000781a00000, 0x0000000789e00000, 0x00000007d5e00000)
  object space 135168K, 79% used [0x0000000781a00000,0x0000000788271338,0x0000000789e00000)
 PSPermGen       total 41472K, used 20513K [0x000000077c800000, 0x000000077f080000, 0x0000000781a00000)
  object space 41472K, 49% used [0x000000077c800000,0x000000077dc08418,0x000000077f080000)
Event: 9.891 GC heap after
Heap after GC invocations=6 (full 2):
 PSYoungGen      total 52224K, used 0K [0x00000007d5e00000, 0x00000007da480000, 0x0000000800000000)
  eden space 51712K, 0% used [0x00000007d5e00000,0x00000007d5e00000,0x00000007d9080000)
  from space 512K, 0% used [0x00000007da400000,0x00000007da400000,0x00000007da480000)
  to   space 5120K, 0% used [0x00000007d9a80000,0x00000007d9a80000,0x00000007d9f80000)
 ParOldGen       total 225792K, used 49642K [0x0000000781a00000, 0x000000078f680000, 0x00000007d5e00000)
  object space 225792K, 21% used [0x0000000781a00000,0x0000000784a7ab80,0x000000078f680000)
 PSPermGen       total 46592K, used 20513K [0x000000077c800000, 0x000000077f580000, 0x0000000781a00000)
  object space 46592K, 44% used [0x000000077c800000,0x000000077dc08418,0x000000077f580000)
}
Event: 13.121 GC heap before
{Heap before GC invocations=7 (full 2):
 PSYoungGen      total 52224K, used 51712K [0x00000007d5e00000, 0x00000007da480000, 0x0000000800000000)
  eden space 51712K, 100% used [0x00000007d5e00000,0x00000007d9080000,0x00000007d9080000)
  from space 512K, 0% used [0x00000007da400000,0x00000007da400000,0x00000007da480000)
  to   space 5120K, 0% used [0x00000007d9a80000,0x00000007d9a80000,0x00000007d9f80000)
 ParOldGen       total 225792K, used 49642K [0x0000000781a00000, 0x000000078f680000, 0x00000007d5e00000)
  object space 225792K, 21% used [0x0000000781a00000,0x0000000784a7ab80,0x000000078f680000)
 PSPermGen       total 46592K, used 20905K [0x000000077c800000, 0x000000077f580000, 0x0000000781a00000)
  object space 46592K, 44% used [0x000000077c800000,0x000000077dc6a528,0x000000077f580000)
Event: 13.129 GC heap after
Heap after GC invocations=7 (full 2):
 PSYoungGen      total 65536K, used 3318K [0x00000007d5e00000, 0x00000007e0700000, 0x0000000800000000)
  eden space 60416K, 0% used [0x00000007d5e00000,0x00000007d5e00000,0x00000007d9900000)
  from space 5120K, 64% used [0x00000007d9a80000,0x00000007d9dbdbf0,0x00000007d9f80000)
  to   space 56320K, 0% used [0x00000007dd000000,0x00000007dd000000,0x00000007e0700000)
 ParOldGen       total 225792K, used 49642K [0x0000000781a00000, 0x000000078f680000, 0x00000007d5e00000)
  object space 225792K, 21% used [0x0000000781a00000,0x0000000784a7ab80,0x000000078f680000)
 PSPermGen       total 46592K, used 20905K [0x000000077c800000, 0x000000077f580000, 0x0000000781a00000)
  object space 46592K, 44% used [0x000000077c800000,0x000000077dc6a528,0x000000077f580000)
}

Deoptimization events (10 events):
Event: 19.173 Thread 0x000000000ed60800 Uncommon trap: reason=class_check action=maybe_recompile pc=0x0000000002625448 method=com.sun.org.apache.xerces.internal.impl.XMLDocumentFragmentScannerImpl.scanAttribute(Lcom/sun/org/apache/xerces/internal/xni/XMLAttributes;)V @ 26
Event: 19.173 Thread 0x000000000ed60800 Uncommon trap: reason=class_check action=maybe_recompile pc=0x000000000262ed48 method=com.sun.org.apache.xerces.internal.impl.XMLScanner.scanAttributeValue(Lcom/sun/org/apache/xerces/internal/xni/XMLString;Lcom/sun/org/apache/xerces/internal/xni/XMLString;ë¡L7j,3@
Event: 19.173 Thread 0x000000000ed60800 Uncommon trap: reason=class_check action=maybe_recompile pc=0x0000000002625448 method=com.sun.org.apache.xerces.internal.impl.XMLDocumentFragmentScannerImpl.scanAttribute(Lcom/sun/org/apache/xerces/internal/xni/XMLAttributes;)V @ 26
Event: 19.174 Thread 0x000000000ed60800 Uncommon trap: reason=class_check action=maybe_recompile pc=0x000000000262ed48 method=com.sun.org.apache.xerces.internal.impl.XMLScanner.scanAttributeValue(Lcom/sun/org/apache/xerces/internal/xni/XMLString;Lcom/sun/org/apache/xerces/internal/xni/XMLString;
Event: 19.174 Thread 0x000000000ed60800 Uncommon trap: reason=class_check action=maybe_recompile pc=0x0000000002625448 method=com.sun.org.apache.xerces.internal.impl.XMLDocumentFragmentScannerImpl.scanAttribute(Lcom/sun/org/apache/xerces/internal/xni/XMLAttributes;)V @ 26
Event: 19.174 Thread 0x000000000ed60800 Uncommon trap: reason=class_check action=maybe_recompile pc=0x000000000262ed48 method=com.sun.org.apache.xerces.internal.impl.XMLScanner.scanAttributeValue(Lcom/sun/org/apache/xerces/internal/xni/XMLString;Lcom/sun/org/apache/xerces/internal/xni/XMLString;ô“ÎÐ~,3@
Event: 19.174 Thread 0x000000000ed60800 Uncommon trap: reason=class_check action=maybe_recompile pc=0x0000000002625448 method=com.sun.org.apache.xerces.internal.impl.XMLDocumentFragmentScannerImpl.scanAttribute(Lcom/sun/org/apache/xerces/internal/xni/XMLAttributes;)V @ 26
Event: 19.174 Thread 0x000000000ed60800 Uncommon trap: reason=class_check action=maybe_recompile pc=0x000000000262ed48 method=com.sun.org.apache.xerces.internal.impl.XMLScanner.scanAttributeValue(Lcom/sun/org/apache/xerces/internal/xni/XMLString;Lcom/sun/org/apache/xerces/internal/xni/XMLString;°hZ,.3@
Event: 19.180 Thread 0x000000000ed60800 Uncommon trap: reason=class_check action=maybe_recompile pc=0x00000000025f1eb8 method=com.sun.org.apache.xerces.internal.impl.XMLDocumentFragmentScannerImpl.scanDocument(Z)Z @ 9
Event: 19.187 Thread 0x000000000ed60800 Uncommon trap: reason=class_check action=maybe_recompile pc=0x00000000025f1eb8 method=com.sun.org.apache.xerces.internal.impl.XMLDocumentFragmentScannerImpl.scanDocument(Z)Z @ 9

Internal exceptions (10 events):
Event: 8.766 Thread 0x000000000c381800 Threw 0x00000007d64e8e38 at C:\re\jdk7u79\2331\hotspot\src\share\vm\prims\jvm.cpp:1304
Event: 11.307 Thread 0x000000000c381800 Threw 0x00000007d8af31f0 at C:\re\jdk7u79\2331\hotspot\src\share\vm\prims\jvm.cpp:1304
Event: 16.434 Thread 0x000000000ed60800 Threw 0x00000007d5fc8b48 at C:\re\jdk7u79\2331\hotspot\src\share\vm\prims\jvm.cpp:1304
Event: 16.496 Thread 0x000000000ed60800 Threw 0x00000007d6735168 at C:\re\jdk7u79\2331\hotspot\src\share\vm\prims\jvm.cpp:1304
Event: 16.515 Thread 0x000000000ed60800 Threw 0x00000007d673a1b0 at C:\re\jdk7u79\2331\hotspot\src\share\vm\prims\jvm.cpp:1304
Event: 16.548 Thread 0x000000000ed60800 Threw 0x00000007d673e158 at C:\re\jdk7u79\2331\hotspot\src\share\vm\prims\jvm.cpp:1304
Event: 16.663 Thread 0x000000000c381800 Threw 0x00000007d5eff5b8 at C:\re\jdk7u79\2331\hotspot\src\share\vm\prims\jvm.cpp:1304
Event: 17.500 Thread 0x000000000ed60800 Implicit null exception at 0x0000000002654a4f to 0x0000000002654fd1
Event: 18.867 Thread 0x000000000ed60800 Implicit null exception at 0x00000000026ab9d9 to 0x00000000026abb21
Event: 20.843 Thread 0x000000000c390800 Threw 0x00000007d7a60570 at C:\re\jdk7u79\2331\hotspot\src\share\vm\prims\jvm.cpp:1304

Events (10 events):
Event: 19.419 Executing VM operation: RevokeBias done
Event: 19.419 Executing VM operation: RevokeBias
Event: 19.419 Executing VM operation: RevokeBias done
Event: 19.419 Executing VM operation: RevokeBias
Event: 19.419 Executing VM operation: RevokeBias done
Event: 19.420 Executing VM operation: RevokeBias
Event: 19.420 Executing VM operation: RevokeBias done
Event: 19.420 Thread 0x000000000ed60800 Thread exited: 0x000000000ed60800
Event: 20.843 loading class 0x000000000c28f180
Event: 20.843 loading class 0x000000000c28f180 done


Dynamic libraries:
0x00007ff6588e0000 - 0x00007ff658913000 	C:\Program Files\Java\jdk1.7.0_79\bin\java.exe
0x00007ff8b06d0000 - 0x00007ff8b087c000 	C:\windows\SYSTEM32\ntdll.dll
0x00007ff8afa90000 - 0x00007ff8afbce000 	C:\windows\system32\KERNEL32.DLL
0x00007ff8ad9a0000 - 0x00007ff8adab5000 	C:\windows\system32\KERNELBASE.dll
0x00007ff8ac380000 - 0x00007ff8ac40e000 	C:\windows\system32\apphelp.dll
0x00007ff8a4fa0000 - 0x00007ff8a4ff3000 	C:\windows\AppPatch\AppPatch64\AcGenral.DLL
0x00007ff8b02a0000 - 0x00007ff8b034a000 	C:\windows\system32\msvcrt.dll
0x00007ff8ad670000 - 0x00007ff8ad69e000 	C:\windows\SYSTEM32\SspiCli.dll
0x00007ff8afbd0000 - 0x00007ff8afc24000 	C:\windows\system32\SHLWAPI.dll
0x00007ff8b04d0000 - 0x00007ff8b0647000 	C:\windows\system32\USER32.dll
0x00007ff8b0100000 - 0x00007ff8b0294000 	C:\windows\system32\ole32.dll
0x00007ff8ae2d0000 - 0x00007ff8af7fb000 	C:\windows\system32\SHELL32.dll
0x00007ff8ad000000 - 0x00007ff8ad021000 	C:\windows\SYSTEM32\USERENV.dll
0x00007ff8af800000 - 0x00007ff8af8aa000 	C:\windows\system32\ADVAPI32.dll
0x00007ff89a520000 - 0x00007ff89a53e000 	C:\windows\SYSTEM32\MPR.dll
0x00007ff8adfc0000 - 0x00007ff8ae101000 	C:\windows\system32\RPCRT4.dll
0x00007ff8b0020000 - 0x00007ff8b0079000 	C:\windows\SYSTEM32\sechost.dll
0x00007ff8add50000 - 0x00007ff8adf61000 	C:\windows\SYSTEM32\combase.dll
0x00007ff8afc40000 - 0x00007ff8afd8f000 	C:\windows\system32\GDI32.dll
0x00007ff8ad820000 - 0x00007ff8ad835000 	C:\windows\SYSTEM32\profapi.dll
0x00007ff8abd50000 - 0x00007ff8abe02000 	C:\windows\SYSTEM32\SHCORE.dll
0x00007ff8adf80000 - 0x00007ff8adfb6000 	C:\windows\system32\IMM32.DLL
0x00007ff8ae110000 - 0x00007ff8ae262000 	C:\windows\system32\MSCTF.dll
0x00007ff8ab8a0000 - 0x00007ff8abb1b000 	C:\windows\WinSxS\amd64_microsoft.windows.common-controls_6595b64144ccf1df_6.0.9600.18006_none_623f33d3ecbe86e8\COMCTL32.dll
0x0000000076fd0000 - 0x00000000770a2000 	C:\Program Files\Java\jdk1.7.0_79\jre\bin\msvcr100.dll
0x0000000075550000 - 0x0000000075d25000 	C:\Program Files\Java\jdk1.7.0_79\jre\bin\server\jvm.dll
0x00007ff8a9fc0000 - 0x00007ff8a9fc9000 	C:\windows\SYSTEM32\WSOCK32.dll
0x00007ff8ab0e0000 - 0x00007ff8ab102000 	C:\windows\SYSTEM32\WINMM.dll
0x00007ff8afd90000 - 0x00007ff8afd97000 	C:\windows\system32\PSAPI.DLL
0x00007ff8b0080000 - 0x00007ff8b00da000 	C:\windows\system32\WS2_32.dll
0x00007ff8ab0a0000 - 0x00007ff8ab0ca000 	C:\windows\SYSTEM32\WINMMBASE.dll
0x00007ff8adf70000 - 0x00007ff8adf79000 	C:\windows\system32\NSI.dll
0x00007ff8ad950000 - 0x00007ff8ad99f000 	C:\windows\SYSTEM32\cfgmgr32.dll
0x00007ff8ac5d0000 - 0x00007ff8ac5f8000 	C:\windows\SYSTEM32\DEVOBJ.dll
0x0000000050000000 - 0x000000005000f000 	C:\Program Files\Java\jdk1.7.0_79\jre\bin\verify.dll
0x0000000077270000 - 0x0000000077298000 	C:\Program Files\Java\jdk1.7.0_79\jre\bin\java.dll
0x0000000076e20000 - 0x0000000076e35000 	C:\Program Files\Java\jdk1.7.0_79\jre\bin\zip.dll
0x0000000076e00000 - 0x0000000076e1a000 	C:\Program Files\Java\jdk1.7.0_79\jre\bin\net.dll
0x00007ff8ad030000 - 0x00007ff8ad089000 	C:\windows\system32\mswsock.dll
0x0000000076af0000 - 0x0000000076b01000 	C:\Program Files\Java\jdk1.7.0_79\jre\bin\nio.dll
0x0000000076950000 - 0x0000000076ae5000 	C:\Program Files\Java\jdk1.7.0_79\jre\bin\awt.dll
0x00007ff8afda0000 - 0x00007ff8afe61000 	C:\windows\system32\OLEAUT32.dll
0x00007ff8abb30000 - 0x00007ff8abb51000 	C:\windows\system32\DWMAPI.DLL
0x00007ff8ac450000 - 0x00007ff8ac579000 	C:\windows\system32\uxtheme.dll
0x00007ff8a6090000 - 0x00007ff8a613b000 	C:\Program Files\Common Files\microsoft shared\ink\tiptsf.dll
0x00007ff8ac620000 - 0x00007ff8ac62b000 	C:\windows\SYSTEM32\kernel.appcore.dll
0x00007ff8ad760000 - 0x00007ff8ad76b000 	C:\windows\SYSTEM32\CRYPTBASE.dll
0x00007ff8ad6f0000 - 0x00007ff8ad753000 	C:\windows\SYSTEM32\bcryptPrimitives.dll
0x00007ff8a4f40000 - 0x00007ff8a4f9d000 	C:\Users\Dev\Desktop\New folder\beethefirst-software - Copy\beesoft-app\beesoft-usb\src\main\resources\libpxcclr.jni64.dll
0x00007ff89e110000 - 0x00007ff89e1c8000 	C:\Program Files\Common Files\Intel\RSSDK\v6\bin\x64\libpxcsession.dll
0x00007ff898260000 - 0x00007ff8982b2000 	C:\Program Files\Common Files\Intel\RSSDK\v6\bin\x64\tbb.dll
0x00007ff8a5100000 - 0x00007ff8a51a7000 	C:\windows\SYSTEM32\MSVCP110.dll
0x00007ff8a51c0000 - 0x00007ff8a5294000 	C:\windows\SYSTEM32\MSVCR110.dll
0x00007ff8868b0000 - 0x00007ff886a92000 	C:\Program Files\Common Files\Intel\RSSDK\v6\bin\x64\libpxccore.dll
0x00007ff898150000 - 0x00007ff898251000 	C:\Program Files\Common Files\Intel\RSSDK\v6\bin\x64\intel-ias2.dll
0x00007ff8abb20000 - 0x00007ff8abb2a000 	C:\windows\SYSTEM32\VERSION.dll
0x00007ff898100000 - 0x00007ff89814a000 	C:\Program Files\Common Files\Intel\RSSDK\v6\bin\x64\libpxclanternrock.dll
0x00007ff890120000 - 0x00007ff890204000 	C:\Program Files\Common Files\Intel\RSSDK\v6\bin\x64\libpxcpipelineutils.dll
0x00000000768b0000 - 0x00000000768f7000 	C:\Program Files\Java\jdk1.7.0_79\jre\bin\fontmanager.dll
0x00007ff87ed70000 - 0x00007ff8809ed000 	C:\Program Files\Common Files\Intel\RSSDK\v6\bin\x64\libpxchand_core.dll
0x00007ff87d6f0000 - 0x00007ff87ed61000 	C:\Program Files\Common Files\Intel\RSSDK\v6\bin\x64\libpxchand_track.dll
0x00007ff87c790000 - 0x00007ff87d6e8000 	C:\Program Files\Common Files\Intel\RSSDK\v6\bin\x64\libpxchand_facade.dll
0x00007ff886660000 - 0x00007ff8868ae000 	C:\Program Files\Common Files\Intel\RSSDK\v6\bin\x64\libpxchandmodule.dll
0x00007ff8aa5f0000 - 0x00007ff8aa603000 	C:\Program Files\Common Files\Intel\RSSDK\v6\bin\x64\libpxcpowermanager.dll
0x0000000180000000 - 0x00000001804b5000 	C:\Program Files\Common Files\Intel\RSDCM_R200\bin\x64\DSAPI.dll
0x00007ff88f8b0000 - 0x00007ff88f972000 	C:\windows\SYSTEM32\ODBC32.dll
0x00007ff897fb0000 - 0x00007ff89804d000 	C:\windows\SYSTEM32\MF.dll
0x00007ff88dae0000 - 0x00007ff88dbcb000 	C:\windows\SYSTEM32\MFPlat.DLL
0x00007ff894900000 - 0x00007ff894965000 	C:\windows\SYSTEM32\MFReadWrite.dll
0x00007ff886420000 - 0x00007ff886659000 	C:\windows\SYSTEM32\MFCORE.DLL
0x00007ff8a99c0000 - 0x00007ff8a99c8000 	C:\windows\SYSTEM32\ksuser.dll
0x00007ff8a9500000 - 0x00007ff8a9527000 	C:\windows\SYSTEM32\RTWorkQ.DLL
0x00007ff8a9fb0000 - 0x00007ff8a9fbc000 	C:\windows\SYSTEM32\AVRT.dll
0x00007ff8817d0000 - 0x00007ff881c41000 	C:\Program Files\Common Files\Intel\RSDCM_R200\bin\x64\libpxccamera_dcm_r200.dll
0x00007ff8aa900000 - 0x00007ff8aa982000 	C:\windows\SYSTEM32\WINSPOOL.DRV
0x00007ff8ab0d0000 - 0x00007ff8ab0d7000 	C:\windows\SYSTEM32\MSIMG32.dll
0x00007ff8af8b0000 - 0x00007ff8afa8a000 	C:\windows\system32\SETUPAPI.dll
0x00007ff8aa830000 - 0x00007ff8aa89a000 	C:\windows\SYSTEM32\OLEACC.dll
0x00007ff8aaad0000 - 0x00007ff8aac80000 	C:\windows\WinSxS\amd64_microsoft.windows.gdiplus_6595b64144ccf1df_1.1.9600.17415_none_932b3b5547500489\gdiplus.dll
0x00007ff8b0410000 - 0x00007ff8b04c6000 	C:\windows\SYSTEM32\clbcatq.dll
0x00007ff8ad0d0000 - 0x00007ff8ad0f0000 	C:\windows\SYSTEM32\CRYPTSP.dll
0x00007ff8acde0000 - 0x00007ff8ace16000 	C:\windows\system32\rsaenh.dll
0x00007ff8ad340000 - 0x00007ff8ad366000 	C:\windows\SYSTEM32\bcrypt.dll
0x00007ff8a7ea0000 - 0x00007ff8a7eba000 	C:\Program Files\Common Files\Intel\RSDCM_R200\bin\x64\RealSenseDCMPS_R200.dll
0x00007ff8845b0000 - 0x00007ff8846cf000 	C:\Program Files\Common Files\Intel\RSDCM\bin\x64\IVCAM_DLL.dll
0x00007ff8a87b0000 - 0x00007ff8a8806000 	C:\windows\SYSTEM32\newdev.dll
0x00007ff8ab3f0000 - 0x00007ff8ab3fb000 	C:\windows\SYSTEM32\WINUSB.DLL
0x00007ff8a8830000 - 0x00007ff8a8846000 	C:\windows\SYSTEM32\devrtl.DLL
0x00007ff881350000 - 0x00007ff8817c3000 	C:\Program Files\Common Files\Intel\RSDCM\bin\x64\libpxccamera_dcm_f200.dll
0x00007ff8a6e70000 - 0x00007ff8a6e8a000 	C:\Program Files\Common Files\Intel\RSDCM\bin\x64\RealSenseDCMPS.dll
0x00007ff89bc80000 - 0x00007ff89bec1000 	C:\windows\System32\msxml3.dll
0x00007ff8a4130000 - 0x00007ff8a42b5000 	C:\windows\SYSTEM32\urlmon.dll
0x00007ff8a3e60000 - 0x00007ff8a4127000 	C:\windows\SYSTEM32\iertutil.dll
0x00007ff8a3bf0000 - 0x00007ff8a3e59000 	C:\windows\SYSTEM32\WININET.dll
0x00007ff8ad8f0000 - 0x00007ff8ad941000 	C:\windows\system32\WINTRUST.dll
0x00007ff8adac0000 - 0x00007ff8adc9f000 	C:\windows\system32\CRYPT32.dll
0x00007ff8ad8d0000 - 0x00007ff8ad8e1000 	C:\windows\system32\MSASN1.dll
0x0000000076860000 - 0x00000000768a1000 	C:\Program Files\Java\jdk1.7.0_79\jre\bin\t2k.dll
0x00007ff8a8860000 - 0x00007ff8a888a000 	C:\windows\SYSTEM32\IPHLPAPI.DLL
0x00007ff8a8850000 - 0x00007ff8a885a000 	C:\windows\SYSTEM32\WINNSI.DLL
0x00007ff8a6b60000 - 0x00007ff8a6b76000 	C:\windows\SYSTEM32\dhcpcsvc6.DLL
0x00007ff8a73c0000 - 0x00007ff8a73da000 	C:\windows\SYSTEM32\dhcpcsvc.DLL
0x00007ff8aa430000 - 0x00007ff8aa5de000 	C:\windows\SYSTEM32\WindowsCodecs.dll
0x000000006b600000 - 0x000000006b632000 	C:\Users\Dev\Desktop\New folder\beethefirst-software - Copy\beesoft-app\beesoft-usb\target\classes\de\ailis\usb4java\libusb\windows-x86_64\libusb-1.0.dll
0x0000000070880000 - 0x0000000070895000 	C:\Users\Dev\Desktop\New folder\beethefirst-software - Copy\beesoft-app\beesoft-usb\target\classes\de\ailis\usb4java\libusb\windows-x86_64\libusb4java.dll
0x00007ff8ab560000 - 0x00007ff8ab57a000 	C:\windows\SYSTEM32\libusbK.DLL
0x00007ff8ac9a0000 - 0x00007ff8ac9ad000 	C:\windows\SYSTEM32\hid.dll
0x0000000076940000 - 0x0000000076947000 	C:\Program Files\Java\jdk1.7.0_79\jre\bin\jawt.dll
0x0000000010210000 - 0x000000001024e000 	C:\Program Files\Java\jdk1.7.0_79\jre\bin\j3dcore-ogl.dll
0x00007ff89c2c0000 - 0x00007ff89c3eb000 	C:\windows\SYSTEM32\OPENGL32.dll
0x00007ff8a62e0000 - 0x00007ff8a630e000 	C:\windows\SYSTEM32\GLU32.dll
0x00007ff89c0a0000 - 0x00007ff89c198000 	C:\windows\SYSTEM32\DDRAW.dll
0x00007ff8a9530000 - 0x00007ff8a9539000 	C:\windows\SYSTEM32\DCIMAN32.dll
0x00007ff8809f0000 - 0x00007ff8812f8000 	C:\windows\SYSTEM32\ig8icd64.dll
0x00007ff893f00000 - 0x00007ff8948c0000 	C:\windows\SYSTEM32\igdusc64.dll
0x00007ff8abd30000 - 0x00007ff8abd42000 	C:\windows\SYSTEM32\WTSAPI32.dll
0x00007ff8ad6a0000 - 0x00007ff8ad6e6000 	C:\windows\SYSTEM32\powrprof.dll
0x0000000076830000 - 0x000000007685a000 	C:\Program Files\Java\jdk1.7.0_79\jre\bin\dcpr.dll
0x0000000076800000 - 0x0000000076824000 	C:\Program Files\Java\jdk1.7.0_79\jre\bin\sunec.dll
0x0000000076df0000 - 0x0000000076dfb000 	C:\Program Files\Java\jdk1.7.0_79\jre\bin\sunmscapi.dll
0x00007ff8a1d20000 - 0x00007ff8a1d35000 	C:\windows\system32\napinsp.dll
0x00007ff89d8f0000 - 0x00007ff89d90a000 	C:\windows\system32\pnrpnsp.dll
0x00007ff8aa110000 - 0x00007ff8aa12b000 	C:\windows\system32\NLAapi.dll
0x00007ff8ace80000 - 0x00007ff8acf24000 	C:\windows\SYSTEM32\DNSAPI.dll
0x00007ff8a1d10000 - 0x00007ff8a1d1d000 	C:\windows\System32\winrnr.dll
0x00007ff89d8d0000 - 0x00007ff89d8e4000 	C:\windows\system32\wshbth.dll
0x00007ff89d070000 - 0x00007ff89d07a000 	C:\Windows\System32\rasadhlp.dll
0x00007ff8a7290000 - 0x00007ff8a72fb000 	C:\windows\System32\fwpuclnt.dll

VM Arguments:
java_command: replicatorg.app.Base
Launcher Type: SUN_STANDARD

Environment Variables:
JAVA_HOME=C:\Program Files\Java\jdk1.7.0_79
PATH=C:\Program Files (x86)\Intel\iCLS Client\;C:\Program Files\Intel\iCLS Client\;C:\windows\system32;C:\windows;C:\windows\System32\Wbem;C:\windows\System32\WindowsPowerShell\v1.0\;C:\Program Files\Intel\Intel(R) Management Engine Components\DAL;C:\Program Files (x86)\Intel\Intel(R) Management Engine Components\DAL;C:\Program Files\Intel\Intel(R) Management Engine Components\IPT;C:\Program Files (x86)\Intel\Intel(R) Management Engine Components\IPT;C:\Program Files\Intel\WiFi\bin\;C:\Program Files\Common Files\Intel\WirelessCommon\;C:\Program Files (x86)\Common Files\lenovo\easyplussdk\bin;C:\ProgramData\Lenovo\ReadyApps;C:\windows\system32\config\systemprofile\.dnx\bin;C:\Program Files\Microsoft DNX\Dnvm\;C:\Program Files (x86)\Windows Kits\8.1\Windows Performance Toolkit\
USERNAME=Dev
OS=Windows_NT
PROCESSOR_IDENTIFIER=Intel64 Family 6 Model 61 Stepping 4, GenuineIntel



---------------  S Y S T E M  ---------------

OS: Windows 8.1 , 64 bit Build 9600 

CPU:total 4 (2 cores per cpu, 2 threads per core) family 6 model 61 stepping 4, cmov, cx8, fxsr, mmx, sse, sse2, sse3, ssse3, sse4.1, sse4.2, popcnt, avx, avx2, erms, ht, tsc, tscinvbit

Memory: 4k page, physical 8277124k(2424684k free), swap 16665732k(9182456k free)

vm_info: Java HotSpot(TM) 64-Bit Server VM (24.79-b02) for windows-amd64 JRE (1.7.0_79-b15), built on Apr 10 2015 12:36:16 by "java_re" with unknown MS VC++:1600

time: Mon Nov 09 22:59:46 2015
elapsed time: 20 seconds

