#
# A fatal error has been detected by the Java Runtime Environment:
#
#  EXCEPTION_ACCESS_VIOLATION (0xc0000005) at pc=0x00007ff8a4f4df10, pid=15316, tid=15628
#
# JRE version: Java(TM) SE Runtime Environment (7.0_79-b15) (build 1.7.0_79-b15)
# Java VM: Java HotSpot(TM) 64-Bit Server VM (24.79-b02 mixed mode windows-amd64 compressed oops)
# Problematic frame:
# C  [libpxcclr.jni64.dll+0xdf10]
#
# Failed to write core dump. Minidumps are not enabled by default on client versions of Windows
#
# If you would like to submit a bug report, please visit:
#   http://bugreport.java.com/bugreport/crash.jsp
# The crash happened outside the Java Virtual Machine in native code.
# See problematic frame for where to report the bug.
#

---------------  T H R E A D  ---------------

Current thread (0x000000000c062800):  JavaThread "Thread-2" [_thread_in_native, id=15628, stack(0x000000000d440000,0x000000000d540000)]

siginfo: ExceptionCode=0xc0000005, reading address 0x0000000000000000

Registers:
RAX=0x00007ff8a4f85ec0, RBX=0x000000077d2dc688, RCX=0x0000000000000000, RDX=0x0000000000000000
RSP=0x000000000d53edd0, RBP=0x000000000d53ef00, RSI=0x00000000efa5be16, RDI=0x00000000021c6274
R8 =0x0000000000000001, R9 =0x0000000075c47f80, R10=0x000000000000000c, R11=0x000000005d527815
R12=0x0000000000000000, R13=0x0000000000000000, R14=0x000000000c0629e8, R15=0x000000000d53ef28
RIP=0x00007ff8a4f4df10, EFLAGS=0x0000000000010202

Top of Stack: (sp=0x000000000d53edd0)
0x000000000d53edd0:   0000000000000000 000000000d53ef00
0x000000000d53ede0:   0000000000000000 000000077d2dc688
0x000000000d53edf0:   0000000000000000 000000000c062800
0x000000000d53ee00:   00000000efa5be16 000000077d2dc688
0x000000000d53ee10:   000000000c05fa40 00000000755efce8
0x000000000d53ee20:   000000000d53f208 000000000a46d090
0x000000000d53ee30:   000000000a46d468 00000000000003d8
0x000000000d53ee40:   00000000021c6274 00000000021d2fd9
0x000000000d53ee50:   000000000a46c500 0000a55c55d2596e
0x000000000d53ee60:   000000000c062800 000000000d53ef38
0x000000000d53ee70:   000000077d2dc688 00000000021d3150
0x000000000d53ee80:   0000000000000000 000000000c062800
0x000000000d53ee90:   000000000d53ef90 00000000021de1e3
0x000000000d53eea0:   000000000d53ef20 0000000000000000
0x000000000d53eeb0:   000000000c062800 000000000d53efa0
0x000000000d53eec0:   000000000d53eec0 000000077d2dc688 

Instructions: (pc=0x00007ff8a4f4df10)
0x00007ff8a4f4def0:   0f 85 db 00 00 00 48 83 c3 30 48 89 de 48 83 3c
0x00007ff8a4f4df00:   03 00 75 b3 48 8b 5c 24 38 48 8b 74 24 30 33 d2
0x00007ff8a4f4df10:   49 8b 45 00 4c 89 e9 4c 8d 44 24 40 ff 50 60 41
0x00007ff8a4f4df20:   89 c5 45 85 ed 7c 27 48 89 e0 4c 89 f1 48 8d 15 


Register to memory mapping:

RAX=0x00007ff8a4f85ec0 is an unknown value
RBX=0x000000077d2dc688 is an oop
{method} 
 - klass: {other class}
RCX=0x0000000000000000 is an unknown value
RDX=0x0000000000000000 is an unknown value
RSP=0x000000000d53edd0 is pointing into the stack for thread: 0x000000000c062800
RBP=0x000000000d53ef00 is pointing into the stack for thread: 0x000000000c062800
RSI=0x00000000efa5be16 is an unknown value
RDI=0x00000000021c6274 is at code_begin+2900 in an Interpreter codelet
return entry points  [0x00000000021c5720, 0x00000000021c7520]  7680 bytes
R8 =0x0000000000000001 is an unknown value
R9 =0x0000000075c47f80 is an unknown value
R10=0x000000000000000c is an unknown value
R11=0x000000005d527815 is an unknown value
R12=0x0000000000000000 is an unknown value
R13=0x0000000000000000 is an unknown value
R14=0x000000000c0629e8 is an unknown value
R15=0x000000000d53ef28 is pointing into the stack for thread: 0x000000000c062800


Stack: [0x000000000d440000,0x000000000d540000],  sp=0x000000000d53edd0,  free space=1019k
Native frames: (J=compiled Java code, j=interpreted, Vv=VM code, C=native code)
C  [libpxcclr.jni64.dll+0xdf10]
j  intel.rssdk.PXCMHandData$IHand.QueryTrackedJoint(Lintel/rssdk/PXCMHandData$JointType;Lintel/rssdk/PXCMHandData$JointData;)Lintel/rssdk/pxcmStatus;+6
j  replicatorg.app.util.RSProcessor.run()V+280
v  ~StubRoutines::call_stub
V  [jvm.dll+0x1cf7f3]

Java frames: (J=compiled Java code, j=interpreted, Vv=VM code)
j  intel.rssdk.PXCMHandData$IHand.PXCMHandData_IHand_QueryTrackedJoint(JLintel/rssdk/PXCMHandData$JointType;Lintel/rssdk/PXCMHandData$JointData;)Lintel/rssdk/pxcmStatus;+0
j  intel.rssdk.PXCMHandData$IHand.QueryTrackedJoint(Lintel/rssdk/PXCMHandData$JointType;Lintel/rssdk/PXCMHandData$JointData;)Lintel/rssdk/pxcmStatus;+6
j  replicatorg.app.util.RSProcessor.run()V+280
v  ~StubRoutines::call_stub

---------------  P R O C E S S  ---------------

Java Threads: ( => current thread )
  0x000000001119b800 JavaThread "Keep-Alive-Timer" daemon [_thread_blocked, id=8920, stack(0x000000001ebe0000,0x000000001ece0000)]
  0x000000001119c000 JavaThread "J3D-InputDeviceScheduler-1" [_thread_blocked, id=10580, stack(0x000000001b3a0000,0x000000001b4a0000)]
  0x0000000011197800 JavaThread "J3D-SoundSchedulerUpdateThread-1" [_thread_blocked, id=8084, stack(0x000000001aff0000,0x000000001b0f0000)]
  0x0000000011199000 JavaThread "J3D-RenderStructureUpdateThread-1" [_thread_blocked, id=11988, stack(0x000000001aef0000,0x000000001aff0000)]
  0x000000001119a800 JavaThread "J3D-BehaviorScheduler-1" [_thread_blocked, id=448, stack(0x000000001adf0000,0x000000001aef0000)]
  0x0000000011197000 JavaThread "J3D-TransformStructureUpdateThread-1" [_thread_blocked, id=9204, stack(0x000000001acf0000,0x000000001adf0000)]
  0x000000001119a000 JavaThread "J3D-RenderingEnvironmentStructureUpdateThread-1" [_thread_blocked, id=9436, stack(0x000000001abf0000,0x000000001acf0000)]
  0x0000000011198800 JavaThread "J3D-SoundStructureUpdateThread-1" [_thread_blocked, id=7104, stack(0x000000001aaf0000,0x000000001abf0000)]
  0x0000000011196000 JavaThread "J3D-GeometryStructureUpdateThread-1" [_thread_blocked, id=13848, stack(0x000000001a9f0000,0x000000001aaf0000)]
  0x0000000010d8f800 JavaThread "J3D-BehaviorStructureUpdateThread-1" [_thread_blocked, id=13344, stack(0x0000000019c40000,0x0000000019d40000)]
  0x0000000010d8f000 JavaThread "Image Fetcher 0" daemon [_thread_blocked, id=8196, stack(0x0000000013bf0000,0x0000000013cf0000)]
  0x0000000010d8e000 JavaThread "TimerQueue" daemon [_thread_blocked, id=9356, stack(0x000000001a7f0000,0x000000001a8f0000)]
  0x0000000010d8d800 JavaThread "J3D-Renderer-1" [_thread_blocked, id=2128, stack(0x000000001a6f0000,0x000000001a7f0000)]
  0x0000000010d8c800 JavaThread "J3D-MasterControl-1" [_thread_blocked, id=15888, stack(0x000000001a5f0000,0x000000001a6f0000)]
  0x0000000010d88800 JavaThread "J3D-NotificationThread" [_thread_blocked, id=10724, stack(0x000000001a4f0000,0x000000001a5f0000)]
  0x0000000010d8a000 JavaThread "J3D-TimerThread" [_thread_blocked, id=5704, stack(0x000000001a240000,0x000000001a340000)]
  0x0000000010d8c000 JavaThread "J3D-RenderingAttributesStructureUpdateThread" [_thread_blocked, id=2120, stack(0x000000001a140000,0x000000001a240000)]
  0x0000000010d89800 JavaThread "Assess Status" [_thread_blocked, id=9912, stack(0x000000001a3f0000,0x000000001a4f0000)]
  0x000000000ef10800 JavaThread "Machine Thread" [_thread_blocked, id=3668, stack(0x000000001a040000,0x000000001a140000)]
  0x0000000010dee000 JavaThread "Thread-7" daemon [_thread_in_native, id=6304, stack(0x0000000019f40000,0x000000001a040000)]
  0x000000000c06e800 JavaThread "Machine Callback Handler" [_thread_blocked, id=11216, stack(0x000000000d540000,0x000000000d640000)]
=>0x000000000c062800 JavaThread "Thread-2" [_thread_in_native, id=15628, stack(0x000000000d440000,0x000000000d540000)]
  0x000000000c002000 JavaThread "AWT-EventQueue-0" [_thread_blocked, id=10256, stack(0x000000000cb50000,0x000000000cc50000)]
  0x000000000bfff000 JavaThread "AWT-Windows" daemon [_thread_in_native, id=14960, stack(0x000000000c8d0000,0x000000000c9d0000)]
  0x000000000c0a8000 JavaThread "AWT-Shutdown" [_thread_blocked, id=11852, stack(0x000000000c7d0000,0x000000000c8d0000)]
  0x000000000c0a7000 JavaThread "Java2D Disposer" daemon [_thread_blocked, id=15968, stack(0x000000000c6d0000,0x000000000c7d0000)]
  0x000000000c115800 JavaThread "Thread-1" [_thread_blocked, id=10236, stack(0x000000000c1d0000,0x000000000c2d0000)]
  0x000000000a46b000 JavaThread "Service Thread" daemon [_thread_blocked, id=11172, stack(0x000000000bbd0000,0x000000000bcd0000)]
  0x000000000a468800 JavaThread "C2 CompilerThread1" daemon [_thread_blocked, id=10828, stack(0x000000000bad0000,0x000000000bbd0000)]
  0x000000000a45d000 JavaThread "C2 CompilerThread0" daemon [_thread_blocked, id=180, stack(0x000000000b9d0000,0x000000000bad0000)]
  0x000000000a45c000 JavaThread "Attach Listener" daemon [_thread_blocked, id=4572, stack(0x000000000b8d0000,0x000000000b9d0000)]
  0x000000000a459000 JavaThread "Signal Dispatcher" daemon [_thread_blocked, id=2676, stack(0x000000000b7d0000,0x000000000b8d0000)]
  0x000000000a41f800 JavaThread "Finalizer" daemon [_thread_blocked, id=12244, stack(0x000000000b6d0000,0x000000000b7d0000)]
  0x000000000a416800 JavaThread "Reference Handler" daemon [_thread_blocked, id=13940, stack(0x000000000b5d0000,0x000000000b6d0000)]
  0x00000000020be800 JavaThread "main" [_thread_blocked, id=7292, stack(0x0000000001fa0000,0x00000000020a0000)]

Other Threads:
  0x000000000a412800 VMThread [stack: 0x000000000b4d0000,0x000000000b5d0000] [id=6264]
  0x000000000a483800 WatcherThread [stack: 0x000000000bcd0000,0x000000000bdd0000] [id=3468]

VM state:not at safepoint (normal execution)

VM Mutex/Monitor currently owned by a thread: None

Heap
 PSYoungGen      total 67072K, used 55851K [0x00000007d5e00000, 0x00000007e0c00000, 0x0000000800000000)
  eden space 61952K, 82% used [0x00000007d5e00000,0x00000007d9027fc0,0x00000007d9a80000)
  from space 5120K, 87% used [0x00000007d9a80000,0x00000007d9ee2f00,0x00000007d9f80000)
  to   space 55808K, 0% used [0x00000007dd580000,0x00000007dd580000,0x00000007e0c00000)
 ParOldGen       total 218112K, used 51295K [0x0000000781a00000, 0x000000078ef00000, 0x00000007d5e00000)
  object space 218112K, 23% used [0x0000000781a00000,0x0000000784c17df0,0x000000078ef00000)
 PSPermGen       total 46592K, used 24269K [0x000000077c800000, 0x000000077f580000, 0x0000000781a00000)
  object space 46592K, 52% used [0x000000077c800000,0x000000077dfb3600,0x000000077f580000)

Card table byte_map: [0x00000000051c0000,0x00000000055e0000] byte_map_base: 0x00000000015dc000

Polling page: 0x0000000001ea0000

Code Cache  [0x00000000021c0000, 0x0000000002430000, 0x00000000051c0000)
 total_blobs=1103 nmethods=439 adapters=616 free_code_cache=47365Kb largest_free_block=48451392

Compilation events (10 events):
Event: 18.658 Thread 0x000000000a45d000 nmethod 459 0x0000000002377510 code [0x0000000002377680, 0x0000000002377ea8]
Event: 18.749 Thread 0x000000000a45d000  460             java.util.concurrent.locks.AbstractQueuedSynchronizer::compareAndSetState (13 bytes)
Event: 18.750 Thread 0x000000000a45d000 nmethod 460 0x00000000023787d0 code [0x0000000002378900, 0x0000000002378978]
Event: 18.753 Thread 0x000000000a45d000  461             java.util.concurrent.locks.AbstractQueuedSynchronizer::release (33 bytes)
Event: 18.764 Thread 0x000000000a45d000 nmethod 461 0x0000000002378350 code [0x00000000023784a0, 0x0000000002378668]
Event: 18.765 Thread 0x000000000a45d000  462             java.util.concurrent.locks.ReentrantLock$Sync::tryRelease (45 bytes)
Event: 18.767 Thread 0x000000000a45d000 nmethod 462 0x0000000002376e90 code [0x0000000002376fc0, 0x0000000002377078]
Event: 18.870 Thread 0x000000000a468800 nmethod 451 0x0000000002382310 code [0x0000000002382ca0, 0x0000000002386e88]
Event: 19.311 Thread 0x000000000a45d000  463             java.lang.String::equalsIgnoreCase (48 bytes)
Event: 19.324 Thread 0x000000000a45d000 nmethod 463 0x00000000023795d0 code [0x0000000002379760, 0x0000000002379bd8]

GC Heap History (10 events):
Event: 9.277 GC heap before
{Heap before GC invocations=3 (full 0):
 PSYoungGen      total 38400K, used 38393K [0x00000007d5e00000, 0x00000007d8880000, 0x0000000800000000)
  eden space 33280K, 100% used [0x00000007d5e00000,0x00000007d7e80000,0x00000007d7e80000)
  from space 5120K, 99% used [0x00000007d8380000,0x00000007d887e4a8,0x00000007d8880000)
  to   space 5120K, 0% used [0x00000007d7e80000,0x00000007d7e80000,0x00000007d8380000)
 ParOldGen       total 86016K, used 677K [0x0000000781a00000, 0x0000000786e00000, 0x00000007d5e00000)
  object space 86016K, 0% used [0x0000000781a00000,0x0000000781aa9720,0x0000000786e00000)
 PSPermGen       total 21504K, used 20513K [0x000000077c800000, 0x000000077dd00000, 0x0000000781a00000)
  object space 21504K, 95% used [0x000000077c800000,0x000000077dc08418,0x000000077dd00000)
Event: 9.314 GC heap after
Heap after GC invocations=3 (full 0):
 PSYoungGen      total 38400K, used 5112K [0x00000007d5e00000, 0x00000007da900000, 0x0000000800000000)
  eden space 33280K, 0% used [0x00000007d5e00000,0x00000007d5e00000,0x00000007d7e80000)
  from space 5120K, 99% used [0x00000007d7e80000,0x00000007d837e180,0x00000007d8380000)
  to   space 5120K, 0% used [0x00000007da400000,0x00000007da400000,0x00000007da900000)
 ParOldGen       total 86016K, used 57794K [0x0000000781a00000, 0x0000000786e00000, 0x00000007d5e00000)
  object space 86016K, 67% used [0x0000000781a00000,0x0000000785270b90,0x0000000786e00000)
 PSPermGen       total 21504K, used 20513K [0x000000077c800000, 0x000000077dd00000, 0x0000000781a00000)
  object space 21504K, 95% used [0x000000077c800000,0x000000077dc08418,0x000000077dd00000)
}
Event: 9.314 GC heap before
{Heap before GC invocations=4 (full 1):
 PSYoungGen      total 38400K, used 5112K [0x00000007d5e00000, 0x00000007da900000, 0x0000000800000000)
  eden space 33280K, 0% used [0x00000007d5e00000,0x00000007d5e00000,0x00000007d7e80000)
  from space 5120K, 99% used [0x00000007d7e80000,0x00000007d837e180,0x00000007d8380000)
  to   space 5120K, 0% used [0x00000007da400000,0x00000007da400000,0x00000007da900000)
 ParOldGen       total 86016K, used 57794K [0x0000000781a00000, 0x0000000786e00000, 0x00000007d5e00000)
  object space 86016K, 67% used [0x0000000781a00000,0x0000000785270b90,0x0000000786e00000)
 PSPermGen       total 21504K, used 20513K [0x000000077c800000, 0x000000077dd00000, 0x0000000781a00000)
  object space 21504K, 95% used [0x000000077c800000,0x000000077dc08418,0x000000077dd00000)
Event: 9.450 GC heap after
Heap after GC invocations=4 (full 1):
 PSYoungGen      total 38400K, used 0K [0x00000007d5e00000, 0x00000007da900000, 0x0000000800000000)
  eden space 33280K, 0% used [0x00000007d5e00000,0x00000007d5e00000,0x00000007d7e80000)
  from space 5120K, 0% used [0x00000007d7e80000,0x00000007d7e80000,0x00000007d8380000)
  to   space 5120K, 0% used [0x00000007da400000,0x00000007da400000,0x00000007da900000)
 ParOldGen       total 131072K, used 24979K [0x0000000781a00000, 0x0000000789a00000, 0x00000007d5e00000)
  object space 131072K, 19% used [0x0000000781a00000,0x0000000783264e30,0x0000000789a00000)
 PSPermGen       total 41472K, used 20506K [0x000000077c800000, 0x000000077f080000, 0x0000000781a00000)
  object space 41472K, 49% used [0x000000077c800000,0x000000077dc069b0,0x000000077f080000)
}
Event: 9.661 GC heap before
{Heap before GC invocations=5 (full 1):
 PSYoungGen      total 38400K, used 33280K [0x00000007d5e00000, 0x00000007da900000, 0x0000000800000000)
  eden space 33280K, 100% used [0x00000007d5e00000,0x00000007d7e80000,0x00000007d7e80000)
  from space 5120K, 0% used [0x00000007d7e80000,0x00000007d7e80000,0x00000007d8380000)
  to   space 5120K, 0% used [0x00000007da400000,0x00000007da400000,0x00000007da900000)
 ParOldGen       total 131072K, used 50215K [0x0000000781a00000, 0x0000000789a00000, 0x00000007d5e00000)
  object space 131072K, 38% used [0x0000000781a00000,0x0000000784b09e40,0x0000000789a00000)
 PSPermGen       total 41472K, used 20509K [0x000000077c800000, 0x000000077f080000, 0x0000000781a00000)
  object space 41472K, 49% used [0x000000077c800000,0x000000077dc07498,0x000000077f080000)
Event: 9.690 GC heap after
Heap after GC invocations=5 (full 1):
 PSYoungGen      total 56832K, used 224K [0x00000007d5e00000, 0x00000007da480000, 0x0000000800000000)
  eden space 56320K, 0% used [0x00000007d5e00000,0x00000007d5e00000,0x00000007d9500000)
  from space 512K, 43% used [0x00000007da400000,0x00000007da438390,0x00000007da480000)
  to   space 5120K, 0% used [0x00000007d9a80000,0x00000007d9a80000,0x00000007d9f80000)
 ParOldGen       total 131072K, used 106996K [0x0000000781a00000, 0x0000000789a00000, 0x00000007d5e00000)
  object space 131072K, 81% used [0x0000000781a00000,0x000000078827d270,0x0000000789a00000)
 PSPermGen       total 41472K, used 20509K [0x000000077c800000, 0x000000077f080000, 0x0000000781a00000)
  object space 41472K, 49% used [0x000000077c800000,0x000000077dc07498,0x000000077f080000)
}
Event: 9.690 GC heap before
{Heap before GC invocations=6 (full 2):
 PSYoungGen      total 56832K, used 224K [0x00000007d5e00000, 0x00000007da480000, 0x0000000800000000)
  eden space 56320K, 0% used [0x00000007d5e00000,0x00000007d5e00000,0x00000007d9500000)
  from space 512K, 43% used [0x00000007da400000,0x00000007da438390,0x00000007da480000)
  to   space 5120K, 0% used [0x00000007d9a80000,0x00000007d9a80000,0x00000007d9f80000)
 ParOldGen       total 131072K, used 106996K [0x0000000781a00000, 0x0000000789a00000, 0x00000007d5e00000)
  object space 131072K, 81% used [0x0000000781a00000,0x000000078827d270,0x0000000789a00000)
 PSPermGen       total 41472K, used 20509K [0x000000077c800000, 0x000000077f080000, 0x0000000781a00000)
  object space 41472K, 49% used [0x000000077c800000,0x000000077dc07498,0x000000077f080000)
Event: 9.763 GC heap after
Heap after GC invocations=6 (full 2):
 PSYoungGen      total 56832K, used 0K [0x00000007d5e00000, 0x00000007da480000, 0x0000000800000000)
  eden space 56320K, 0% used [0x00000007d5e00000,0x00000007d5e00000,0x00000007d9500000)
  from space 512K, 0% used [0x00000007da400000,0x00000007da400000,0x00000007da480000)
  to   space 5120K, 0% used [0x00000007d9a80000,0x00000007d9a80000,0x00000007d9f80000)
 ParOldGen       total 218112K, used 49636K [0x0000000781a00000, 0x000000078ef00000, 0x00000007d5e00000)
  object space 218112K, 22% used [0x0000000781a00000,0x0000000784a79060,0x000000078ef00000)
 PSPermGen       total 46592K, used 20509K [0x000000077c800000, 0x000000077f580000, 0x0000000781a00000)
  object space 46592K, 44% used [0x000000077c800000,0x000000077dc07498,0x000000077f580000)
}
Event: 11.697 GC heap before
{Heap before GC invocations=7 (full 2):
 PSYoungGen      total 56832K, used 56062K [0x00000007d5e00000, 0x00000007da480000, 0x0000000800000000)
  eden space 56320K, 99% used [0x00000007d5e00000,0x00000007d94bfbc8,0x00000007d9500000)
  from space 512K, 0% used [0x00000007da400000,0x00000007da400000,0x00000007da480000)
  to   space 5120K, 0% used [0x00000007d9a80000,0x00000007d9a80000,0x00000007d9f80000)
 ParOldGen       total 218112K, used 49636K [0x0000000781a00000, 0x000000078ef00000, 0x00000007d5e00000)
  object space 218112K, 22% used [0x0000000781a00000,0x0000000784a79060,0x000000078ef00000)
 PSPermGen       total 46592K, used 20899K [0x000000077c800000, 0x000000077f580000, 0x0000000781a00000)
  object space 46592K, 44% used [0x000000077c800000,0x000000077dc68e70,0x000000077f580000)
Event: 11.713 GC heap after
Heap after GC invocations=7 (full 2):
 PSYoungGen      total 67072K, used 4491K [0x00000007d5e00000, 0x00000007e0c00000, 0x0000000800000000)
  eden space 61952K, 0% used [0x00000007d5e00000,0x00000007d5e00000,0x00000007d9a80000)
  from space 5120K, 87% used [0x00000007d9a80000,0x00000007d9ee2f00,0x00000007d9f80000)
  to   space 55808K, 0% used [0x00000007dd580000,0x00000007dd580000,0x00000007e0c00000)
 ParOldGen       total 218112K, used 51295K [0x0000000781a00000, 0x000000078ef00000, 0x00000007d5e00000)
  object space 218112K, 23% used [0x0000000781a00000,0x0000000784c17df0,0x000000078ef00000)
 PSPermGen       total 46592K, used 20899K [0x000000077c800000, 0x000000077f580000, 0x0000000781a00000)
  object space 46592K, 44% used [0x000000077c800000,0x000000077dc68e70,0x000000077f580000)
}

Deoptimization events (10 events):
Event: 18.430 Thread 0x0000000010d8b000 Uncommon trap: reason=class_check action=maybe_recompile pc=0x00000000022e29c8 method=com.sun.org.apache.xerces.internal.impl.XMLDocumentFragmentScannerImpl.scanAttribute(Lcom/sun/org/apache/xerces/internal/xni/XMLAttributes;)V @ 26
Event: 18.431 Thread 0x0000000010d8b000 Uncommon trap: reason=class_check action=maybe_recompile pc=0x00000000022ec19c method=com.sun.org.apache.xerces.internal.impl.XMLScanner.scanAttributeValue(Lcom/sun/org/apache/xerces/internal/xni/XMLString;Lcom/sun/org/apache/xerces/internal/xni/XMLString;!ó®ZBn2@
Event: 18.431 Thread 0x0000000010d8b000 Uncommon trap: reason=class_check action=maybe_recompile pc=0x00000000022e29c8 method=com.sun.org.apache.xerces.internal.impl.XMLDocumentFragmentScannerImpl.scanAttribute(Lcom/sun/org/apache/xerces/internal/xni/XMLAttributes;)V @ 26
Event: 18.431 Thread 0x0000000010d8b000 Uncommon trap: reason=class_check action=maybe_recompile pc=0x00000000022ec19c method=com.sun.org.apache.xerces.internal.impl.XMLScanner.scanAttributeValue(Lcom/sun/org/apache/xerces/internal/xni/XMLString;Lcom/sun/org/apache/xerces/internal/xni/XMLString;
Event: 18.431 Thread 0x0000000010d8b000 Uncommon trap: reason=class_check action=maybe_recompile pc=0x00000000022e29c8 method=com.sun.org.apache.xerces.internal.impl.XMLDocumentFragmentScannerImpl.scanAttribute(Lcom/sun/org/apache/xerces/internal/xni/XMLAttributes;)V @ 26
Event: 18.431 Thread 0x0000000010d8b000 Uncommon trap: reason=class_check action=maybe_recompile pc=0x00000000022ec19c method=com.sun.org.apache.xerces.internal.impl.XMLScanner.scanAttributeValue(Lcom/sun/org/apache/xerces/internal/xni/XMLString;Lcom/sun/org/apache/xerces/internal/xni/XMLString;"mèYn2@
Event: 18.431 Thread 0x0000000010d8b000 Uncommon trap: reason=class_check action=maybe_recompile pc=0x00000000022e29c8 method=com.sun.org.apache.xerces.internal.impl.XMLDocumentFragmentScannerImpl.scanAttribute(Lcom/sun/org/apache/xerces/internal/xni/XMLAttributes;)V @ 26
Event: 18.431 Thread 0x0000000010d8b000 Uncommon trap: reason=class_check action=maybe_recompile pc=0x00000000022ec19c method=com.sun.org.apache.xerces.internal.impl.XMLScanner.scanAttributeValue(Lcom/sun/org/apache/xerces/internal/xni/XMLString;Lcom/sun/org/apache/xerces/internal/xni/XMLString;ñH˙p2@
Event: 18.439 Thread 0x0000000010d8b000 Uncommon trap: reason=class_check action=maybe_recompile pc=0x00000000022b29f8 method=com.sun.org.apache.xerces.internal.impl.XMLDocumentFragmentScannerImpl.scanDocument(Z)Z @ 9
Event: 18.455 Thread 0x0000000010d8b000 Uncommon trap: reason=class_check action=maybe_recompile pc=0x00000000022b29f8 method=com.sun.org.apache.xerces.internal.impl.XMLDocumentFragmentScannerImpl.scanDocument(Z)Z @ 9

Internal exceptions (10 events):
Event: 9.055 Thread 0x000000000c002000 Threw 0x00000007d641dde8 at C:\re\jdk7u79\2331\hotspot\src\share\vm\prims\jvm.cpp:1304
Event: 10.586 Thread 0x000000000c002000 Threw 0x00000007d8ad9ed0 at C:\re\jdk7u79\2331\hotspot\src\share\vm\prims\jvm.cpp:1304
Event: 15.700 Thread 0x0000000010d8b000 Threw 0x00000007d744f5a0 at C:\re\jdk7u79\2331\hotspot\src\share\vm\prims\jvm.cpp:1304
Event: 15.791 Thread 0x0000000010d8b000 Threw 0x00000007d75125d0 at C:\re\jdk7u79\2331\hotspot\src\share\vm\prims\jvm.cpp:1304
Event: 15.893 Thread 0x000000000c002000 Threw 0x00000007d747f158 at C:\re\jdk7u79\2331\hotspot\src\share\vm\prims\jvm.cpp:1304
Event: 15.912 Thread 0x0000000010d8b000 Threw 0x00000007d7517618 at C:\re\jdk7u79\2331\hotspot\src\share\vm\prims\jvm.cpp:1304
Event: 15.956 Thread 0x0000000010d8b000 Threw 0x00000007d751b5c0 at C:\re\jdk7u79\2331\hotspot\src\share\vm\prims\jvm.cpp:1304
Event: 16.887 Thread 0x0000000010d8b000 Implicit null exception at 0x0000000002370b4f to 0x00000000023710d1
Event: 18.130 Thread 0x0000000010d8b000 Implicit null exception at 0x0000000002364619 to 0x0000000002364761
Event: 19.618 Thread 0x000000000c062800 Threw 0x00000007d8e05f90 at C:\re\jdk7u79\2331\hotspot\src\share\vm\prims\jvm.cpp:1304

Events (10 events):
Event: 18.751 Executing VM operation: RevokeBias done
Event: 18.751 Executing VM operation: RevokeBias
Event: 18.751 Executing VM operation: RevokeBias done
Event: 18.752 Executing VM operation: RevokeBias
Event: 18.752 Executing VM operation: RevokeBias done
Event: 18.753 Executing VM operation: RevokeBias
Event: 18.753 Executing VM operation: RevokeBias done
Event: 18.753 Thread 0x0000000010d8b000 Thread exited: 0x0000000010d8b000
Event: 19.618 loading class 0x000000000c084eb0
Event: 19.618 loading class 0x000000000c084eb0 done


Dynamic libraries:
0x00007ff6588e0000 - 0x00007ff658913000 	C:\Program Files\Java\jdk1.7.0_79\bin\java.exe
0x00007ff8b06d0000 - 0x00007ff8b087c000 	C:\windows\SYSTEM32\ntdll.dll
0x00007ff8afa90000 - 0x00007ff8afbce000 	C:\windows\system32\KERNEL32.DLL
0x00007ff8ad9a0000 - 0x00007ff8adab5000 	C:\windows\system32\KERNELBASE.dll
0x00007ff8ac380000 - 0x00007ff8ac40e000 	C:\windows\system32\apphelp.dll
0x00007ff8a4fa0000 - 0x00007ff8a4ff3000 	C:\windows\AppPatch\AppPatch64\AcGenral.DLL
0x00007ff8b02a0000 - 0x00007ff8b034a000 	C:\windows\system32\msvcrt.dll
0x00007ff8ad670000 - 0x00007ff8ad69e000 	C:\windows\SYSTEM32\SspiCli.dll
0x00007ff8afbd0000 - 0x00007ff8afc24000 	C:\windows\system32\SHLWAPI.dll
0x00007ff8b04d0000 - 0x00007ff8b0647000 	C:\windows\system32\USER32.dll
0x00007ff8b0100000 - 0x00007ff8b0294000 	C:\windows\system32\ole32.dll
0x00007ff8ae2d0000 - 0x00007ff8af7fb000 	C:\windows\system32\SHELL32.dll
0x00007ff8ad000000 - 0x00007ff8ad021000 	C:\windows\SYSTEM32\USERENV.dll
0x00007ff8af800000 - 0x00007ff8af8aa000 	C:\windows\system32\ADVAPI32.dll
0x00007ff89a520000 - 0x00007ff89a53e000 	C:\windows\SYSTEM32\MPR.dll
0x00007ff8adfc0000 - 0x00007ff8ae101000 	C:\windows\system32\RPCRT4.dll
0x00007ff8b0020000 - 0x00007ff8b0079000 	C:\windows\SYSTEM32\sechost.dll
0x00007ff8add50000 - 0x00007ff8adf61000 	C:\windows\SYSTEM32\combase.dll
0x00007ff8afc40000 - 0x00007ff8afd8f000 	C:\windows\system32\GDI32.dll
0x00007ff8ad820000 - 0x00007ff8ad835000 	C:\windows\SYSTEM32\profapi.dll
0x00007ff8abd50000 - 0x00007ff8abe02000 	C:\windows\SYSTEM32\SHCORE.dll
0x00007ff8adf80000 - 0x00007ff8adfb6000 	C:\windows\system32\IMM32.DLL
0x00007ff8ae110000 - 0x00007ff8ae262000 	C:\windows\system32\MSCTF.dll
0x00007ff8ab8a0000 - 0x00007ff8abb1b000 	C:\windows\WinSxS\amd64_microsoft.windows.common-controls_6595b64144ccf1df_6.0.9600.18006_none_623f33d3ecbe86e8\COMCTL32.dll
0x0000000076fd0000 - 0x00000000770a2000 	C:\Program Files\Java\jdk1.7.0_79\jre\bin\msvcr100.dll
0x0000000075550000 - 0x0000000075d25000 	C:\Program Files\Java\jdk1.7.0_79\jre\bin\server\jvm.dll
0x00007ff8a9fc0000 - 0x00007ff8a9fc9000 	C:\windows\SYSTEM32\WSOCK32.dll
0x00007ff8ab0e0000 - 0x00007ff8ab102000 	C:\windows\SYSTEM32\WINMM.dll
0x00007ff8afd90000 - 0x00007ff8afd97000 	C:\windows\system32\PSAPI.DLL
0x00007ff8b0080000 - 0x00007ff8b00da000 	C:\windows\system32\WS2_32.dll
0x00007ff8ab0a0000 - 0x00007ff8ab0ca000 	C:\windows\SYSTEM32\WINMMBASE.dll
0x00007ff8adf70000 - 0x00007ff8adf79000 	C:\windows\system32\NSI.dll
0x00007ff8ad950000 - 0x00007ff8ad99f000 	C:\windows\SYSTEM32\cfgmgr32.dll
0x00007ff8ac5d0000 - 0x00007ff8ac5f8000 	C:\windows\SYSTEM32\DEVOBJ.dll
0x0000000050000000 - 0x000000005000f000 	C:\Program Files\Java\jdk1.7.0_79\jre\bin\verify.dll
0x0000000077270000 - 0x0000000077298000 	C:\Program Files\Java\jdk1.7.0_79\jre\bin\java.dll
0x0000000076e20000 - 0x0000000076e35000 	C:\Program Files\Java\jdk1.7.0_79\jre\bin\zip.dll
0x0000000076e00000 - 0x0000000076e1a000 	C:\Program Files\Java\jdk1.7.0_79\jre\bin\net.dll
0x00007ff8ad030000 - 0x00007ff8ad089000 	C:\windows\system32\mswsock.dll
0x0000000076af0000 - 0x0000000076b01000 	C:\Program Files\Java\jdk1.7.0_79\jre\bin\nio.dll
0x0000000076950000 - 0x0000000076ae5000 	C:\Program Files\Java\jdk1.7.0_79\jre\bin\awt.dll
0x00007ff8afda0000 - 0x00007ff8afe61000 	C:\windows\system32\OLEAUT32.dll
0x00007ff8abb30000 - 0x00007ff8abb51000 	C:\windows\system32\DWMAPI.DLL
0x00007ff8ac450000 - 0x00007ff8ac579000 	C:\windows\system32\uxtheme.dll
0x00007ff8a6090000 - 0x00007ff8a613b000 	C:\Program Files\Common Files\microsoft shared\ink\tiptsf.dll
0x00007ff8ac620000 - 0x00007ff8ac62b000 	C:\windows\SYSTEM32\kernel.appcore.dll
0x00007ff8ad760000 - 0x00007ff8ad76b000 	C:\windows\SYSTEM32\CRYPTBASE.dll
0x00007ff8ad6f0000 - 0x00007ff8ad753000 	C:\windows\SYSTEM32\bcryptPrimitives.dll
0x00007ff8a4f40000 - 0x00007ff8a4f9d000 	C:\Users\Dev\Desktop\New folder\beethefirst-software - Copy\beesoft-app\beesoft-usb\src\main\resources\libpxcclr.jni64.dll
0x00007ff89e110000 - 0x00007ff89e1c8000 	C:\Program Files\Common Files\Intel\RSSDK\v6\bin\x64\libpxcsession.dll
0x00007ff898260000 - 0x00007ff8982b2000 	C:\Program Files\Common Files\Intel\RSSDK\v6\bin\x64\tbb.dll
0x00007ff8a5100000 - 0x00007ff8a51a7000 	C:\windows\SYSTEM32\MSVCP110.dll
0x00007ff8a51c0000 - 0x00007ff8a5294000 	C:\windows\SYSTEM32\MSVCR110.dll
0x00007ff8868b0000 - 0x00007ff886a92000 	C:\Program Files\Common Files\Intel\RSSDK\v6\bin\x64\libpxccore.dll
0x00007ff898150000 - 0x00007ff898251000 	C:\Program Files\Common Files\Intel\RSSDK\v6\bin\x64\intel-ias2.dll
0x00007ff8abb20000 - 0x00007ff8abb2a000 	C:\windows\SYSTEM32\VERSION.dll
0x00007ff898100000 - 0x00007ff89814a000 	C:\Program Files\Common Files\Intel\RSSDK\v6\bin\x64\libpxclanternrock.dll
0x00007ff890120000 - 0x00007ff890204000 	C:\Program Files\Common Files\Intel\RSSDK\v6\bin\x64\libpxcpipelineutils.dll
0x00000000768b0000 - 0x00000000768f7000 	C:\Program Files\Java\jdk1.7.0_79\jre\bin\fontmanager.dll
0x00007ff87ed70000 - 0x00007ff8809ed000 	C:\Program Files\Common Files\Intel\RSSDK\v6\bin\x64\libpxchand_core.dll
0x00007ff87d6f0000 - 0x00007ff87ed61000 	C:\Program Files\Common Files\Intel\RSSDK\v6\bin\x64\libpxchand_track.dll
0x00007ff87c790000 - 0x00007ff87d6e8000 	C:\Program Files\Common Files\Intel\RSSDK\v6\bin\x64\libpxchand_facade.dll
0x00007ff886660000 - 0x00007ff8868ae000 	C:\Program Files\Common Files\Intel\RSSDK\v6\bin\x64\libpxchandmodule.dll
0x00007ff8aa5f0000 - 0x00007ff8aa603000 	C:\Program Files\Common Files\Intel\RSSDK\v6\bin\x64\libpxcpowermanager.dll
0x0000000180000000 - 0x00000001804b5000 	C:\Program Files\Common Files\Intel\RSDCM_R200\bin\x64\DSAPI.dll
0x00007ff88f8b0000 - 0x00007ff88f972000 	C:\windows\SYSTEM32\ODBC32.dll
0x00007ff897fb0000 - 0x00007ff89804d000 	C:\windows\SYSTEM32\MF.dll
0x00007ff88dae0000 - 0x00007ff88dbcb000 	C:\windows\SYSTEM32\MFPlat.DLL
0x00007ff894900000 - 0x00007ff894965000 	C:\windows\SYSTEM32\MFReadWrite.dll
0x00007ff886420000 - 0x00007ff886659000 	C:\windows\SYSTEM32\MFCORE.DLL
0x00007ff8a99c0000 - 0x00007ff8a99c8000 	C:\windows\SYSTEM32\ksuser.dll
0x00007ff8a9500000 - 0x00007ff8a9527000 	C:\windows\SYSTEM32\RTWorkQ.DLL
0x00007ff8a9fb0000 - 0x00007ff8a9fbc000 	C:\windows\SYSTEM32\AVRT.dll
0x00007ff8817d0000 - 0x00007ff881c41000 	C:\Program Files\Common Files\Intel\RSDCM_R200\bin\x64\libpxccamera_dcm_r200.dll
0x00007ff8aa900000 - 0x00007ff8aa982000 	C:\windows\SYSTEM32\WINSPOOL.DRV
0x00007ff8ab0d0000 - 0x00007ff8ab0d7000 	C:\windows\SYSTEM32\MSIMG32.dll
0x00007ff8af8b0000 - 0x00007ff8afa8a000 	C:\windows\system32\SETUPAPI.dll
0x00007ff8aa830000 - 0x00007ff8aa89a000 	C:\windows\SYSTEM32\OLEACC.dll
0x00007ff8aaad0000 - 0x00007ff8aac80000 	C:\windows\WinSxS\amd64_microsoft.windows.gdiplus_6595b64144ccf1df_1.1.9600.17415_none_932b3b5547500489\gdiplus.dll
0x00007ff8b0410000 - 0x00007ff8b04c6000 	C:\windows\SYSTEM32\clbcatq.dll
0x00007ff8ad0d0000 - 0x00007ff8ad0f0000 	C:\windows\SYSTEM32\CRYPTSP.dll
0x00007ff8acde0000 - 0x00007ff8ace16000 	C:\windows\system32\rsaenh.dll
0x00007ff8ad340000 - 0x00007ff8ad366000 	C:\windows\SYSTEM32\bcrypt.dll
0x00007ff8a7ea0000 - 0x00007ff8a7eba000 	C:\Program Files\Common Files\Intel\RSDCM_R200\bin\x64\RealSenseDCMPS_R200.dll
0x00007ff8845b0000 - 0x00007ff8846cf000 	C:\Program Files\Common Files\Intel\RSDCM\bin\x64\IVCAM_DLL.dll
0x00007ff8a87b0000 - 0x00007ff8a8806000 	C:\windows\SYSTEM32\newdev.dll
0x00007ff8ab3f0000 - 0x00007ff8ab3fb000 	C:\windows\SYSTEM32\WINUSB.DLL
0x00007ff8a8830000 - 0x00007ff8a8846000 	C:\windows\SYSTEM32\devrtl.DLL
0x00007ff881350000 - 0x00007ff8817c3000 	C:\Program Files\Common Files\Intel\RSDCM\bin\x64\libpxccamera_dcm_f200.dll
0x00007ff8a6e70000 - 0x00007ff8a6e8a000 	C:\Program Files\Common Files\Intel\RSDCM\bin\x64\RealSenseDCMPS.dll
0x00007ff89bc80000 - 0x00007ff89bec1000 	C:\windows\System32\msxml3.dll
0x00007ff8a4130000 - 0x00007ff8a42b5000 	C:\windows\SYSTEM32\urlmon.dll
0x00007ff8a3e60000 - 0x00007ff8a4127000 	C:\windows\SYSTEM32\iertutil.dll
0x00007ff8a3bf0000 - 0x00007ff8a3e59000 	C:\windows\SYSTEM32\WININET.dll
0x00007ff8ad8f0000 - 0x00007ff8ad941000 	C:\windows\system32\WINTRUST.dll
0x00007ff8adac0000 - 0x00007ff8adc9f000 	C:\windows\system32\CRYPT32.dll
0x00007ff8ad8d0000 - 0x00007ff8ad8e1000 	C:\windows\system32\MSASN1.dll
0x0000000076860000 - 0x00000000768a1000 	C:\Program Files\Java\jdk1.7.0_79\jre\bin\t2k.dll
0x00007ff8a8860000 - 0x00007ff8a888a000 	C:\windows\SYSTEM32\IPHLPAPI.DLL
0x00007ff8a8850000 - 0x00007ff8a885a000 	C:\windows\SYSTEM32\WINNSI.DLL
0x00007ff8a6b60000 - 0x00007ff8a6b76000 	C:\windows\SYSTEM32\dhcpcsvc6.DLL
0x00007ff8a73c0000 - 0x00007ff8a73da000 	C:\windows\SYSTEM32\dhcpcsvc.DLL
0x00007ff8aa430000 - 0x00007ff8aa5de000 	C:\windows\SYSTEM32\WindowsCodecs.dll
0x000000006b600000 - 0x000000006b632000 	C:\Users\Dev\Desktop\New folder\beethefirst-software - Copy\beesoft-app\beesoft-usb\target\classes\de\ailis\usb4java\libusb\windows-x86_64\libusb-1.0.dll
0x0000000070880000 - 0x0000000070895000 	C:\Users\Dev\Desktop\New folder\beethefirst-software - Copy\beesoft-app\beesoft-usb\target\classes\de\ailis\usb4java\libusb\windows-x86_64\libusb4java.dll
0x00007ff8ab560000 - 0x00007ff8ab57a000 	C:\windows\SYSTEM32\libusbK.DLL
0x00007ff8ac9a0000 - 0x00007ff8ac9ad000 	C:\windows\SYSTEM32\hid.dll
0x0000000076940000 - 0x0000000076947000 	C:\Program Files\Java\jdk1.7.0_79\jre\bin\jawt.dll
0x00000000101d0000 - 0x000000001020e000 	C:\Program Files\Java\jdk1.7.0_79\jre\bin\j3dcore-ogl.dll
0x00007ff89c2c0000 - 0x00007ff89c3eb000 	C:\windows\SYSTEM32\OPENGL32.dll
0x00007ff8a62e0000 - 0x00007ff8a630e000 	C:\windows\SYSTEM32\GLU32.dll
0x00007ff89c0a0000 - 0x00007ff89c198000 	C:\windows\SYSTEM32\DDRAW.dll
0x00007ff8a9530000 - 0x00007ff8a9539000 	C:\windows\SYSTEM32\DCIMAN32.dll
0x00007ff8809f0000 - 0x00007ff8812f8000 	C:\windows\SYSTEM32\ig8icd64.dll
0x00007ff893f00000 - 0x00007ff8948c0000 	C:\windows\SYSTEM32\igdusc64.dll
0x00007ff8abd30000 - 0x00007ff8abd42000 	C:\windows\SYSTEM32\WTSAPI32.dll
0x00007ff8ad6a0000 - 0x00007ff8ad6e6000 	C:\windows\SYSTEM32\powrprof.dll
0x0000000076830000 - 0x000000007685a000 	C:\Program Files\Java\jdk1.7.0_79\jre\bin\dcpr.dll
0x0000000076800000 - 0x0000000076824000 	C:\Program Files\Java\jdk1.7.0_79\jre\bin\sunec.dll
0x0000000076df0000 - 0x0000000076dfb000 	C:\Program Files\Java\jdk1.7.0_79\jre\bin\sunmscapi.dll
0x00007ff8a1d20000 - 0x00007ff8a1d35000 	C:\windows\system32\napinsp.dll
0x00007ff89d8f0000 - 0x00007ff89d90a000 	C:\windows\system32\pnrpnsp.dll
0x00007ff8aa110000 - 0x00007ff8aa12b000 	C:\windows\system32\NLAapi.dll
0x00007ff8ace80000 - 0x00007ff8acf24000 	C:\windows\SYSTEM32\DNSAPI.dll
0x00007ff8a1d10000 - 0x00007ff8a1d1d000 	C:\windows\System32\winrnr.dll
0x00007ff89d8d0000 - 0x00007ff89d8e4000 	C:\windows\system32\wshbth.dll
0x00007ff89d070000 - 0x00007ff89d07a000 	C:\Windows\System32\rasadhlp.dll
0x00007ff8a7290000 - 0x00007ff8a72fb000 	C:\windows\System32\fwpuclnt.dll

VM Arguments:
java_command: replicatorg.app.Base
Launcher Type: SUN_STANDARD

Environment Variables:
JAVA_HOME=C:\Program Files\Java\jdk1.7.0_79
PATH=C:\Program Files (x86)\Intel\iCLS Client\;C:\Program Files\Intel\iCLS Client\;C:\windows\system32;C:\windows;C:\windows\System32\Wbem;C:\windows\System32\WindowsPowerShell\v1.0\;C:\Program Files\Intel\Intel(R) Management Engine Components\DAL;C:\Program Files (x86)\Intel\Intel(R) Management Engine Components\DAL;C:\Program Files\Intel\Intel(R) Management Engine Components\IPT;C:\Program Files (x86)\Intel\Intel(R) Management Engine Components\IPT;C:\Program Files\Intel\WiFi\bin\;C:\Program Files\Common Files\Intel\WirelessCommon\;C:\Program Files (x86)\Common Files\lenovo\easyplussdk\bin;C:\ProgramData\Lenovo\ReadyApps;C:\windows\system32\config\systemprofile\.dnx\bin;C:\Program Files\Microsoft DNX\Dnvm\;C:\Program Files (x86)\Windows Kits\8.1\Windows Performance Toolkit\
USERNAME=Dev
OS=Windows_NT
PROCESSOR_IDENTIFIER=Intel64 Family 6 Model 61 Stepping 4, GenuineIntel



---------------  S Y S T E M  ---------------

OS: Windows 8.1 , 64 bit Build 9600 

CPU:total 4 (2 cores per cpu, 2 threads per core) family 6 model 61 stepping 4, cmov, cx8, fxsr, mmx, sse, sse2, sse3, ssse3, sse4.1, sse4.2, popcnt, avx, avx2, erms, ht, tsc, tscinvbit

Memory: 4k page, physical 8277124k(2427912k free), swap 16665732k(9222096k free)

vm_info: Java HotSpot(TM) 64-Bit Server VM (24.79-b02) for windows-amd64 JRE (1.7.0_79-b15), built on Apr 10 2015 12:36:16 by "java_re" with unknown MS VC++:1600

time: Mon Nov 09 23:00:39 2015
elapsed time: 19 seconds

