#
# A fatal error has been detected by the Java Runtime Environment:
#
#  EXCEPTION_ACCESS_VIOLATION (0xc0000005) at pc=0x00007ff89502df10, pid=11596, tid=8044
#
# JRE version: Java(TM) SE Runtime Environment (7.0_79-b15) (build 1.7.0_79-b15)
# Java VM: Java HotSpot(TM) 64-Bit Server VM (24.79-b02 mixed mode windows-amd64 compressed oops)
# Problematic frame:
# C  [libpxcclr.jni64.dll+0xdf10]
#
# Failed to write core dump. Minidumps are not enabled by default on client versions of Windows
#
# If you would like to submit a bug report, please visit:
#   http://bugreport.java.com/bugreport/crash.jsp
# The crash happened outside the Java Virtual Machine in native code.
# See problematic frame for where to report the bug.
#

---------------  T H R E A D  ---------------

Current thread (0x000000000c042000):  JavaThread "Thread-2" [_thread_in_native, id=8044, stack(0x000000000c2e0000,0x000000000c3e0000)]

siginfo: ExceptionCode=0xc0000005, reading address 0x0000000000000000

Registers:
RAX=0x00007ff895065ec0, RBX=0x000000077d26f810, RCX=0x0000000000000000, RDX=0x0000000000000007
RSP=0x000000000c3df440, RBP=0x000000000c3df578, RSI=0x00000000efa4e5ec, RDI=0x0000000002216274
R8 =0x0000000000000001, R9 =0x0000000075c47f80, R10=0x0000000002223124, R11=0x0000000075734050
R12=0x0000000000000000, R13=0x0000000000000000, R14=0x000000000c0421e8, R15=0x000000000c3df5a0
RIP=0x00007ff89502df10, EFLAGS=0x0000000000010202

Top of Stack: (sp=0x000000000c3df440)
0x000000000c3df440:   0000000000000150 000000000c3df578
0x000000000c3df450:   0000000000000150 00000000007a7d50
0x000000000c3df460:   000000000c042000 00000000755d0b2f
0x000000000c3df470:   00000000efa4e5ec 000000077d26f810
0x000000000c3df480:   000000000c0421e8 000000000c042000
0x000000000c3df490:   00000000000000b2 00000000755d0b2f
0x000000000c3df4a0:   000000000000001b 00000000000000b3
0x000000000c3df4b0:   0000000000000000 000000000c042000
0x000000000c3df4c0:   000000000a483d30 0000848c63f011db
0x000000000c3df4d0:   000000000c042000 000000000c3df5b0
0x000000000c3df4e0:   000000077d26f810 0000000002223150
0x000000000c3df4f0:   000000077cdab518 000000007562d161
0x000000000c3df500:   0000000000000000 0000000000000000
0x000000000c3df510:   000000000c3df598 000000000c3df618
0x000000000c3df520:   000000000bf4c5c0 00000000755eebdf
0x000000000c3df530:   000000000c3df878 000000000c3df538 

Instructions: (pc=0x00007ff89502df10)
0x00007ff89502def0:   0f 85 db 00 00 00 48 83 c3 30 48 89 de 48 83 3c
0x00007ff89502df00:   03 00 75 b3 48 8b 5c 24 38 48 8b 74 24 30 33 d2
0x00007ff89502df10:   49 8b 45 00 4c 89 e9 4c 8d 44 24 40 ff 50 60 41
0x00007ff89502df20:   89 c5 45 85 ed 7c 27 48 89 e0 4c 89 f1 48 8d 15 


Register to memory mapping:

RAX=0x00007ff895065ec0 is an unknown value
RBX=0x000000077d26f810 is an oop
{method} 
 - klass: {other class}
RCX=0x0000000000000000 is an unknown value
RDX=0x0000000000000007 is an unknown value
RSP=0x000000000c3df440 is pointing into the stack for thread: 0x000000000c042000
RBP=0x000000000c3df578 is pointing into the stack for thread: 0x000000000c042000
RSI=0x00000000efa4e5ec is an unknown value
RDI=0x0000000002216274 is at code_begin+2900 in an Interpreter codelet
return entry points  [0x0000000002215720, 0x0000000002217520]  7680 bytes
R8 =0x0000000000000001 is an unknown value
R9 =0x0000000075c47f80 is an unknown value
R10=0x0000000002223124 is at code_begin+644 in an Interpreter codelet
method entry point (kind = native)  [0x0000000002222ea0, 0x0000000002223740]  2208 bytes
R11=0x0000000075734050 is an unknown value
R12=0x0000000000000000 is an unknown value
R13=0x0000000000000000 is an unknown value
R14=0x000000000c0421e8 is an unknown value
R15=0x000000000c3df5a0 is pointing into the stack for thread: 0x000000000c042000


Stack: [0x000000000c2e0000,0x000000000c3e0000],  sp=0x000000000c3df440,  free space=1021k
Native frames: (J=compiled Java code, j=interpreted, Vv=VM code, C=native code)
C  [libpxcclr.jni64.dll+0xdf10]
j  intel.rssdk.PXCMHandData$IHand.QueryTrackedJoint(Lintel/rssdk/PXCMHandData$JointType;Lintel/rssdk/PXCMHandData$JointData;)Lintel/rssdk/pxcmStatus;+6
j  replicatorg.app.util.RSProcessor.run()V+251
v  ~StubRoutines::call_stub
V  [jvm.dll+0x1cf7f3]

Java frames: (J=compiled Java code, j=interpreted, Vv=VM code)
j  intel.rssdk.PXCMHandData$IHand.PXCMHandData_IHand_QueryTrackedJoint(JLintel/rssdk/PXCMHandData$JointType;Lintel/rssdk/PXCMHandData$JointData;)Lintel/rssdk/pxcmStatus;+0
j  intel.rssdk.PXCMHandData$IHand.QueryTrackedJoint(Lintel/rssdk/PXCMHandData$JointType;Lintel/rssdk/PXCMHandData$JointData;)Lintel/rssdk/pxcmStatus;+6
j  replicatorg.app.util.RSProcessor.run()V+251
v  ~StubRoutines::call_stub

---------------  P R O C E S S  ---------------

Java Threads: ( => current thread )
  0x0000000011b89800 JavaThread "Thread-8" [_thread_blocked, id=6928, stack(0x000000001aa10000,0x000000001ab10000)]
  0x0000000011b88000 JavaThread "TimerQueue" daemon [_thread_blocked, id=11844, stack(0x000000001a910000,0x000000001aa10000)]
  0x000000000c0f5800 JavaThread "J3D-Renderer-1" [_thread_blocked, id=6068, stack(0x000000001a710000,0x000000001a810000)]
  0x000000000c0f6800 JavaThread "J3D-MasterControl-1" [_thread_blocked, id=13240, stack(0x000000001a610000,0x000000001a710000)]
  0x000000000c0f4000 JavaThread "J3D-NotificationThread" [_thread_blocked, id=14844, stack(0x000000001a510000,0x000000001a610000)]
  0x000000000c0f5000 JavaThread "J3D-TimerThread" [_thread_blocked, id=1456, stack(0x000000001a410000,0x000000001a510000)]
  0x000000000c0f3800 JavaThread "J3D-RenderingAttributesStructureUpdateThread" [_thread_blocked, id=15172, stack(0x000000001a310000,0x000000001a410000)]
  0x000000001093b000 JavaThread "Assess Status" [_thread_blocked, id=7512, stack(0x000000001a210000,0x000000001a310000)]
  0x0000000010807800 JavaThread "Machine Thread" [_thread_blocked, id=7928, stack(0x000000001a110000,0x000000001a210000)]
  0x0000000010959000 JavaThread "Thread-7" daemon [_thread_blocked, id=12768, stack(0x000000001a010000,0x000000001a110000)]
  0x000000000c076800 JavaThread "Machine Callback Handler" [_thread_blocked, id=8968, stack(0x000000000ff20000,0x0000000010020000)]
  0x000000000c132800 JavaThread "AWT-EventQueue-0" [_thread_blocked, id=12260, stack(0x000000000dec0000,0x000000000dfc0000)]
  0x000000000c131800 JavaThread "AWT-Windows" daemon [_thread_in_native, id=14900, stack(0x000000000cec0000,0x000000000cfc0000)]
  0x000000000c137800 JavaThread "AWT-Shutdown" [_thread_blocked, id=10516, stack(0x000000000cdc0000,0x000000000cec0000)]
  0x000000000c135000 JavaThread "Java2D Disposer" daemon [_thread_blocked, id=8624, stack(0x000000000ccc0000,0x000000000cdc0000)]
=>0x000000000c042000 JavaThread "Thread-2" [_thread_in_native, id=8044, stack(0x000000000c2e0000,0x000000000c3e0000)]
  0x000000000c097000 JavaThread "Thread-1" [_thread_blocked, id=4260, stack(0x000000000c1e0000,0x000000000c2e0000)]
  0x000000000a487000 JavaThread "Service Thread" daemon [_thread_blocked, id=5660, stack(0x000000000bbe0000,0x000000000bce0000)]
  0x000000000a477000 JavaThread "C2 CompilerThread1" daemon [_thread_blocked, id=9928, stack(0x000000000bae0000,0x000000000bbe0000)]
  0x000000000a475000 JavaThread "C2 CompilerThread0" daemon [_thread_blocked, id=6992, stack(0x000000000b9e0000,0x000000000bae0000)]
  0x000000000a474000 JavaThread "Attach Listener" daemon [_thread_blocked, id=10004, stack(0x000000000b8e0000,0x000000000b9e0000)]
  0x000000000a470800 JavaThread "Signal Dispatcher" daemon [_thread_blocked, id=10272, stack(0x000000000b7e0000,0x000000000b8e0000)]
  0x000000000a43f800 JavaThread "Finalizer" daemon [_thread_blocked, id=8976, stack(0x000000000b6e0000,0x000000000b7e0000)]
  0x000000000a436800 JavaThread "Reference Handler" daemon [_thread_blocked, id=11780, stack(0x000000000b5e0000,0x000000000b6e0000)]
  0x000000000069e800 JavaThread "main" [_thread_blocked, id=13936, stack(0x0000000001f30000,0x0000000002030000)]

Other Threads:
  0x000000000a432800 VMThread [stack: 0x000000000b4e0000,0x000000000b5e0000] [id=9648]
  0x000000000a49c000 WatcherThread [stack: 0x000000000bce0000,0x000000000bde0000] [id=4392]

VM state:not at safepoint (normal execution)

VM Mutex/Monitor currently owned by a thread: None

Heap
 PSYoungGen      total 53248K, used 51059K [0x00000007d5e00000, 0x00000007da480000, 0x0000000800000000)
  eden space 52736K, 96% used [0x00000007d5e00000,0x00000007d8fdcc30,0x00000007d9180000)
  from space 512K, 0% used [0x00000007da400000,0x00000007da400000,0x00000007da480000)
  to   space 5120K, 0% used [0x00000007d9a80000,0x00000007d9a80000,0x00000007d9f80000)
 ParOldGen       total 223744K, used 49627K [0x0000000781a00000, 0x000000078f480000, 0x00000007d5e00000)
  object space 223744K, 22% used [0x0000000781a00000,0x0000000784a76de0,0x000000078f480000)
 PSPermGen       total 46080K, used 20911K [0x000000077c800000, 0x000000077f500000, 0x0000000781a00000)
  object space 46080K, 45% used [0x000000077c800000,0x000000077dc6bd68,0x000000077f500000)

Card table byte_map: [0x0000000005210000,0x0000000005630000] byte_map_base: 0x000000000162c000

Polling page: 0x00000000006a0000

Code Cache  [0x0000000002210000, 0x0000000002480000, 0x0000000005210000)
 total_blobs=988 nmethods=361 adapters=579 free_code_cache=47478Kb largest_free_block=48559040

Compilation events (10 events):
Event: 13.661 Thread 0x000000000a477000 nmethod 377 0x0000000002274110 code [0x0000000002274240, 0x00000000022742b8]
Event: 13.665 Thread 0x000000000a475000 nmethod 376 0x0000000002273c90 code [0x0000000002273de0, 0x0000000002273f38]
Event: 13.707 Thread 0x000000000a477000  378             javax.swing.GroupLayout$Spring::constrain (8 bytes)
Event: 13.708 Thread 0x000000000a477000 nmethod 378 0x00000000023b7d10 code [0x00000000023b7e40, 0x00000000023b7eb8]
Event: 13.735 Thread 0x000000000a475000  379             sun.font.CMap$CMapFormat4::<init> (342 bytes)
Event: 13.943 Thread 0x000000000a475000 nmethod 379 0x00000000023be010 code [0x00000000023be240, 0x00000000023bff60]
Event: 17.222 Thread 0x000000000a475000  381             java.lang.Integer::getChars (131 bytes)
Event: 17.222 Thread 0x000000000a477000  380             java.lang.Integer::stringSize (21 bytes)
Event: 17.228 Thread 0x000000000a477000 nmethod 380 0x00000000023b7290 code [0x00000000023b73c0, 0x00000000023b74b8]
Event: 17.245 Thread 0x000000000a475000 nmethod 381 0x00000000023a6150 code [0x00000000023a62a0, 0x00000000023a6798]

GC Heap History (10 events):
Event: 8.975 GC heap before
{Heap before GC invocations=2 (full 0):
 PSYoungGen      total 38400K, used 38071K [0x00000007d5e00000, 0x00000007d8880000, 0x0000000800000000)
  eden space 33280K, 100% used [0x00000007d5e00000,0x00000007d7e80000,0x00000007d7e80000)
  from space 5120K, 93% used [0x00000007d7e80000,0x00000007d832df38,0x00000007d8380000)
  to   space 5120K, 0% used [0x00000007d8380000,0x00000007d8380000,0x00000007d8880000)
 ParOldGen       total 86016K, used 8K [0x0000000781a00000, 0x0000000786e00000, 0x00000007d5e00000)
  object space 86016K, 0% used [0x0000000781a00000,0x0000000781a02000,0x0000000786e00000)
 PSPermGen       total 21504K, used 16726K [0x000000077c800000, 0x000000077dd00000, 0x0000000781a00000)
  object space 21504K, 77% used [0x000000077c800000,0x000000077d8558f8,0x000000077dd00000)
Event: 9.007 GC heap after
Heap after GC invocations=2 (full 0):
 PSYoungGen      total 38400K, used 5089K [0x00000007d5e00000, 0x00000007d8880000, 0x0000000800000000)
  eden space 33280K, 0% used [0x00000007d5e00000,0x00000007d5e00000,0x00000007d7e80000)
  from space 5120K, 99% used [0x00000007d8380000,0x00000007d88784b0,0x00000007d8880000)
  to   space 5120K, 0% used [0x00000007d7e80000,0x00000007d7e80000,0x00000007d8380000)
 ParOldGen       total 86016K, used 631K [0x0000000781a00000, 0x0000000786e00000, 0x00000007d5e00000)
  object space 86016K, 0% used [0x0000000781a00000,0x0000000781a9ded8,0x0000000786e00000)
 PSPermGen       total 21504K, used 16726K [0x000000077c800000, 0x000000077dd00000, 0x0000000781a00000)
  object space 21504K, 77% used [0x000000077c800000,0x000000077d8558f8,0x000000077dd00000)
}
Event: 10.678 GC heap before
{Heap before GC invocations=3 (full 0):
 PSYoungGen      total 38400K, used 38359K [0x00000007d5e00000, 0x00000007d8880000, 0x0000000800000000)
  eden space 33280K, 99% used [0x00000007d5e00000,0x00000007d7e7daa0,0x00000007d7e80000)
  from space 5120K, 99% used [0x00000007d8380000,0x00000007d88784b0,0x00000007d8880000)
  to   space 5120K, 0% used [0x00000007d7e80000,0x00000007d7e80000,0x00000007d8380000)
 ParOldGen       total 86016K, used 631K [0x0000000781a00000, 0x0000000786e00000, 0x00000007d5e00000)
  object space 86016K, 0% used [0x0000000781a00000,0x0000000781a9ded8,0x0000000786e00000)
 PSPermGen       total 21504K, used 20464K [0x000000077c800000, 0x000000077dd00000, 0x0000000781a00000)
  object space 21504K, 95% used [0x000000077c800000,0x000000077dbfc088,0x000000077dd00000)
Event: 10.753 GC heap after
Heap after GC invocations=3 (full 0):
 PSYoungGen      total 38400K, used 5095K [0x00000007d5e00000, 0x00000007da900000, 0x0000000800000000)
  eden space 33280K, 0% used [0x00000007d5e00000,0x00000007d5e00000,0x00000007d7e80000)
  from space 5120K, 99% used [0x00000007d7e80000,0x00000007d8379fb8,0x00000007d8380000)
  to   space 5120K, 0% used [0x00000007da400000,0x00000007da400000,0x00000007da900000)
 ParOldGen       total 86016K, used 57823K [0x0000000781a00000, 0x0000000786e00000, 0x00000007d5e00000)
  object space 86016K, 67% used [0x0000000781a00000,0x0000000785277ef8,0x0000000786e00000)
 PSPermGen       total 21504K, used 20464K [0x000000077c800000, 0x000000077dd00000, 0x0000000781a00000)
  object space 21504K, 95% used [0x000000077c800000,0x000000077dbfc088,0x000000077dd00000)
}
Event: 10.753 GC heap before
{Heap before GC invocations=4 (full 1):
 PSYoungGen      total 38400K, used 5095K [0x00000007d5e00000, 0x00000007da900000, 0x0000000800000000)
  eden space 33280K, 0% used [0x00000007d5e00000,0x00000007d5e00000,0x00000007d7e80000)
  from space 5120K, 99% used [0x00000007d7e80000,0x00000007d8379fb8,0x00000007d8380000)
  to   space 5120K, 0% used [0x00000007da400000,0x00000007da400000,0x00000007da900000)
 ParOldGen       total 86016K, used 57823K [0x0000000781a00000, 0x0000000786e00000, 0x00000007d5e00000)
  object space 86016K, 67% used [0x0000000781a00000,0x0000000785277ef8,0x0000000786e00000)
 PSPermGen       total 21504K, used 20464K [0x000000077c800000, 0x000000077dd00000, 0x0000000781a00000)
  object space 21504K, 95% used [0x000000077c800000,0x000000077dbfc088,0x000000077dd00000)
Event: 11.017 GC heap after
Heap after GC invocations=4 (full 1):
 PSYoungGen      total 38400K, used 0K [0x00000007d5e00000, 0x00000007da900000, 0x0000000800000000)
  eden space 33280K, 0% used [0x00000007d5e00000,0x00000007d5e00000,0x00000007d7e80000)
  from space 5120K, 0% used [0x00000007d7e80000,0x00000007d7e80000,0x00000007d8380000)
  to   space 5120K, 0% used [0x00000007da400000,0x00000007da400000,0x00000007da900000)
 ParOldGen       total 134144K, used 24937K [0x0000000781a00000, 0x0000000789d00000, 0x00000007d5e00000)
  object space 134144K, 18% used [0x0000000781a00000,0x000000078325a5a0,0x0000000789d00000)
 PSPermGen       total 40960K, used 20457K [0x000000077c800000, 0x000000077f000000, 0x0000000781a00000)
  object space 40960K, 49% used [0x000000077c800000,0x000000077dbfa660,0x000000077f000000)
}
Event: 11.451 GC heap before
{Heap before GC invocations=5 (full 1):
 PSYoungGen      total 38400K, used 33277K [0x00000007d5e00000, 0x00000007da900000, 0x0000000800000000)
  eden space 33280K, 99% used [0x00000007d5e00000,0x00000007d7e7f700,0x00000007d7e80000)
  from space 5120K, 0% used [0x00000007d7e80000,0x00000007d7e80000,0x00000007d8380000)
  to   space 5120K, 0% used [0x00000007da400000,0x00000007da400000,0x00000007da900000)
 ParOldGen       total 134144K, used 50173K [0x0000000781a00000, 0x0000000789d00000, 0x00000007d5e00000)
  object space 134144K, 37% used [0x0000000781a00000,0x0000000784aff5b0,0x0000000789d00000)
 PSPermGen       total 40960K, used 20460K [0x000000077c800000, 0x000000077f000000, 0x0000000781a00000)
  object space 40960K, 49% used [0x000000077c800000,0x000000077dbfb180,0x000000077f000000)
Event: 11.506 GC heap after
Heap after GC invocations=5 (full 1):
 PSYoungGen      total 53248K, used 192K [0x00000007d5e00000, 0x00000007da480000, 0x0000000800000000)
  eden space 52736K, 0% used [0x00000007d5e00000,0x00000007d5e00000,0x00000007d9180000)
  from space 512K, 37% used [0x00000007da400000,0x00000007da430390,0x00000007da480000)
  to   space 5120K, 0% used [0x00000007d9a80000,0x00000007d9a80000,0x00000007d9f80000)
 ParOldGen       total 134144K, used 106954K [0x0000000781a00000, 0x0000000789d00000, 0x00000007d5e00000)
  object space 134144K, 79% used [0x0000000781a00000,0x00000007882729e0,0x0000000789d00000)
 PSPermGen       total 40960K, used 20460K [0x000000077c800000, 0x000000077f000000, 0x0000000781a00000)
  object space 40960K, 49% used [0x000000077c800000,0x000000077dbfb180,0x000000077f000000)
}
Event: 11.506 GC heap before
{Heap before GC invocations=6 (full 2):
 PSYoungGen      total 53248K, used 192K [0x00000007d5e00000, 0x00000007da480000, 0x0000000800000000)
  eden space 52736K, 0% used [0x00000007d5e00000,0x00000007d5e00000,0x00000007d9180000)
  from space 512K, 37% used [0x00000007da400000,0x00000007da430390,0x00000007da480000)
  to   space 5120K, 0% used [0x00000007d9a80000,0x00000007d9a80000,0x00000007d9f80000)
 ParOldGen       total 134144K, used 106954K [0x0000000781a00000, 0x0000000789d00000, 0x00000007d5e00000)
  object space 134144K, 79% used [0x0000000781a00000,0x00000007882729e0,0x0000000789d00000)
 PSPermGen       total 40960K, used 20460K [0x000000077c800000, 0x000000077f000000, 0x0000000781a00000)
  object space 40960K, 49% used [0x000000077c800000,0x000000077dbfb180,0x000000077f000000)
Event: 11.651 GC heap after
Heap after GC invocations=6 (full 2):
 PSYoungGen      total 53248K, used 0K [0x00000007d5e00000, 0x00000007da480000, 0x0000000800000000)
  eden space 52736K, 0% used [0x00000007d5e00000,0x00000007d5e00000,0x00000007d9180000)
  from space 512K, 0% used [0x00000007da400000,0x00000007da400000,0x00000007da480000)
  to   space 5120K, 0% used [0x00000007d9a80000,0x00000007d9a80000,0x00000007d9f80000)
 ParOldGen       total 223744K, used 49627K [0x0000000781a00000, 0x000000078f480000, 0x00000007d5e00000)
  object space 223744K, 22% used [0x0000000781a00000,0x0000000784a76de0,0x000000078f480000)
 PSPermGen       total 46080K, used 20460K [0x000000077c800000, 0x000000077f500000, 0x0000000781a00000)
  object space 46080K, 44% used [0x000000077c800000,0x000000077dbfb180,0x000000077f500000)
}

Deoptimization events (10 events):
Event: 7.921 Thread 0x000000000c132800 Uncommon trap: reason=class_check action=maybe_recompile pc=0x00000000022d1368 method=java.util.TreeMap.put(Ljava/lang/Object;Ljava/lang/Object;)Ljava/lang/Object; @ 127
Event: 7.921 Thread 0x000000000c132800 Uncommon trap: reason=class_check action=maybe_recompile pc=0x00000000022d1368 method=java.util.TreeMap.put(Ljava/lang/Object;Ljava/lang/Object;)Ljava/lang/Object; @ 127
Event: 7.927 Thread 0x000000000c132800 Uncommon trap: reason=unreached action=reinterpret pc=0x00000000022cde78 method=java.util.HashMap.getEntry(Ljava/lang/Object;)Ljava/util/HashMap$Entry; @ 10
Event: 7.948 Thread 0x000000000c132800 Uncommon trap: reason=unreached action=reinterpret pc=0x000000000234fcac method=com.sun.org.apache.xerces.internal.dom.AttributeMap.setNamedItem(Lorg/w3c/dom/Node;)Lorg/w3c/dom/Node; @ 256
Event: 7.948 Thread 0x000000000c132800 Uncommon trap: reason=unreached action=reinterpret pc=0x000000000227f59c method=com.sun.org.apache.xerces.internal.dom.AttributeMap.setNamedItem(Lorg/w3c/dom/Node;)Lorg/w3c/dom/Node; @ 256
Event: 7.951 Thread 0x000000000c132800 Uncommon trap: reason=class_check action=maybe_recompile pc=0x00000000022fd094 method=com.sun.org.apache.xerces.internal.impl.XMLDocumentFragmentScannerImpl.scanDocument(Z)Z @ 147
Event: 7.998 Thread 0x000000000c132800 Uncommon trap: reason=unreached action=reinterpret pc=0x0000000002273f08 method=com.sun.org.apache.xerces.internal.dom.ParentNode.nodeListItem(I)Lorg/w3c/dom/Node; @ 175
Event: 8.485 Thread 0x000000000c132800 Uncommon trap: reason=unreached action=reinterpret pc=0x000000000231166c method=com.sun.org.apache.xerces.internal.dom.ParentNode.nodeListGetLength()I @ 11
Event: 8.835 Thread 0x000000000c132800 Uncommon trap: reason=null_check action=make_not_entrant pc=0x0000000002374424 method=java.util.jar.Attributes.putValue(Ljava/lang/String;Ljava/lang/String;)Ljava/lang/String; @ 13
Event: 12.355 Thread 0x000000000c132800 Uncommon trap: reason=unreached action=reinterpret pc=0x00000000023b16cc method=java.awt.image.AreaAveragingScaleFilter.accumPixels(IIIILjava/awt/image/ColorModel;Ljava/lang/Object;II)V @ 501

Internal exceptions (10 events):
Event: 9.744 Thread 0x000000000c132800 Threw 0x00000007d631c470 at C:\re\jdk7u79\2331\hotspot\src\share\vm\prims\jvm.cpp:1304
Event: 9.747 Thread 0x000000000c132800 Threw 0x00000007d6321330 at C:\re\jdk7u79\2331\hotspot\src\share\vm\prims\jvm.cpp:1304
Event: 9.750 Thread 0x000000000c132800 Threw 0x00000007d6325f40 at C:\re\jdk7u79\2331\hotspot\src\share\vm\prims\jvm.cpp:1304
Event: 9.754 Thread 0x000000000c132800 Threw 0x00000007d632b458 at C:\re\jdk7u79\2331\hotspot\src\share\vm\prims\jvm.cpp:1304
Event: 9.765 Thread 0x000000000c132800 Threw 0x00000007d6331ab0 at C:\re\jdk7u79\2331\hotspot\src\share\vm\prims\jvm.cpp:1304
Event: 9.946 Thread 0x000000000c132800 Threw 0x00000007d63c4590 at C:\re\jdk7u79\2331\hotspot\src\share\vm\prims\jvm.cpp:1304
Event: 10.115 Thread 0x000000000c132800 Threw 0x00000007d6428280 at C:\re\jdk7u79\2331\hotspot\src\share\vm\prims\jvm.cpp:1304
Event: 10.251 Thread 0x000000000c132800 Threw 0x00000007d6449a48 at C:\re\jdk7u79\2331\hotspot\src\share\vm\prims\jvm.cpp:1304
Event: 13.626 Thread 0x000000000c132800 Threw 0x00000007d8aefd50 at C:\re\jdk7u79\2331\hotspot\src\share\vm\prims\jvm.cpp:1304
Event: 17.734 Thread 0x000000000c042000 Threw 0x00000007d8f52bc8 at C:\re\jdk7u79\2331\hotspot\src\share\vm\prims\jvm.cpp:1304

Events (10 events):
Event: 15.980 loading class 0x000000000be06750 done
Event: 15.980 loading class 0x000000000bde91b0
Event: 15.980 loading class 0x000000000bde91b0 done
Event: 15.980 loading class 0x000000000c118420
Event: 15.981 loading class 0x000000000c118420 done
Event: 15.981 loading class 0x000000000a4cbbe0
Event: 15.981 loading class 0x000000000a4cbbe0 done
Event: 17.229 Thread 0x000000000a477000 flushing nmethod 0x00000000022ea2d0
Event: 17.734 loading class 0x000000000c12e790
Event: 17.734 loading class 0x000000000c12e790 done


Dynamic libraries:
0x00007ff7da920000 - 0x00007ff7da953000 	C:\Program Files\Java\jdk1.7.0_79\bin\java.exe
0x00007ff8b06d0000 - 0x00007ff8b087c000 	C:\windows\SYSTEM32\ntdll.dll
0x00007ff8afa90000 - 0x00007ff8afbce000 	C:\windows\system32\KERNEL32.DLL
0x00007ff8ad9a0000 - 0x00007ff8adab5000 	C:\windows\system32\KERNELBASE.dll
0x00007ff8ac380000 - 0x00007ff8ac40e000 	C:\windows\system32\apphelp.dll
0x00007ff895080000 - 0x00007ff8950d3000 	C:\windows\AppPatch\AppPatch64\AcGenral.DLL
0x00007ff8b02a0000 - 0x00007ff8b034a000 	C:\windows\system32\msvcrt.dll
0x00007ff8ad670000 - 0x00007ff8ad69e000 	C:\windows\SYSTEM32\SspiCli.dll
0x00007ff8afbd0000 - 0x00007ff8afc24000 	C:\windows\system32\SHLWAPI.dll
0x00007ff8b04d0000 - 0x00007ff8b0647000 	C:\windows\system32\USER32.dll
0x00007ff8b0100000 - 0x00007ff8b0294000 	C:\windows\system32\ole32.dll
0x00007ff8ae2d0000 - 0x00007ff8af7fb000 	C:\windows\system32\SHELL32.dll
0x00007ff8ad000000 - 0x00007ff8ad021000 	C:\windows\SYSTEM32\USERENV.dll
0x00007ff8af800000 - 0x00007ff8af8aa000 	C:\windows\system32\ADVAPI32.dll
0x00007ff89a520000 - 0x00007ff89a53e000 	C:\windows\SYSTEM32\MPR.dll
0x00007ff8adfc0000 - 0x00007ff8ae101000 	C:\windows\system32\RPCRT4.dll
0x00007ff8b0020000 - 0x00007ff8b0079000 	C:\windows\SYSTEM32\sechost.dll
0x00007ff8add50000 - 0x00007ff8adf61000 	C:\windows\SYSTEM32\combase.dll
0x00007ff8afc40000 - 0x00007ff8afd8f000 	C:\windows\system32\GDI32.dll
0x00007ff8ad820000 - 0x00007ff8ad835000 	C:\windows\SYSTEM32\profapi.dll
0x00007ff8abd50000 - 0x00007ff8abe02000 	C:\windows\SYSTEM32\SHCORE.dll
0x00007ff8adf80000 - 0x00007ff8adfb6000 	C:\windows\system32\IMM32.DLL
0x00007ff8ae110000 - 0x00007ff8ae262000 	C:\windows\system32\MSCTF.dll
0x00007ff8ab8a0000 - 0x00007ff8abb1b000 	C:\windows\WinSxS\amd64_microsoft.windows.common-controls_6595b64144ccf1df_6.0.9600.18006_none_623f33d3ecbe86e8\COMCTL32.dll
0x0000000076fd0000 - 0x00000000770a2000 	C:\Program Files\Java\jdk1.7.0_79\jre\bin\msvcr100.dll
0x0000000075550000 - 0x0000000075d25000 	C:\Program Files\Java\jdk1.7.0_79\jre\bin\server\jvm.dll
0x00007ff8a9fc0000 - 0x00007ff8a9fc9000 	C:\windows\SYSTEM32\WSOCK32.dll
0x00007ff8ab0e0000 - 0x00007ff8ab102000 	C:\windows\SYSTEM32\WINMM.dll
0x00007ff8afd90000 - 0x00007ff8afd97000 	C:\windows\system32\PSAPI.DLL
0x00007ff8b0080000 - 0x00007ff8b00da000 	C:\windows\system32\WS2_32.dll
0x00007ff8ab0a0000 - 0x00007ff8ab0ca000 	C:\windows\SYSTEM32\WINMMBASE.dll
0x00007ff8adf70000 - 0x00007ff8adf79000 	C:\windows\system32\NSI.dll
0x00007ff8ad950000 - 0x00007ff8ad99f000 	C:\windows\SYSTEM32\cfgmgr32.dll
0x00007ff8ac5d0000 - 0x00007ff8ac5f8000 	C:\windows\SYSTEM32\DEVOBJ.dll
0x0000000050000000 - 0x000000005000f000 	C:\Program Files\Java\jdk1.7.0_79\jre\bin\verify.dll
0x0000000077270000 - 0x0000000077298000 	C:\Program Files\Java\jdk1.7.0_79\jre\bin\java.dll
0x0000000076e20000 - 0x0000000076e35000 	C:\Program Files\Java\jdk1.7.0_79\jre\bin\zip.dll
0x0000000076e00000 - 0x0000000076e1a000 	C:\Program Files\Java\jdk1.7.0_79\jre\bin\net.dll
0x00007ff8ad030000 - 0x00007ff8ad089000 	C:\windows\system32\mswsock.dll
0x0000000076af0000 - 0x0000000076b01000 	C:\Program Files\Java\jdk1.7.0_79\jre\bin\nio.dll
0x0000000076950000 - 0x0000000076ae5000 	C:\Program Files\Java\jdk1.7.0_79\jre\bin\awt.dll
0x00007ff8afda0000 - 0x00007ff8afe61000 	C:\windows\system32\OLEAUT32.dll
0x00007ff895020000 - 0x00007ff89507d000 	C:\Users\Dev\Desktop\New folder\beethefirst-software - Copy\beesoft-app\beesoft-usb\src\main\resources\libpxcclr.jni64.dll
0x00007ff894f60000 - 0x00007ff895018000 	C:\Program Files\Common Files\Intel\RSSDK\v6\bin\x64\libpxcsession.dll
0x00007ff894f00000 - 0x00007ff894f52000 	C:\Program Files\Common Files\Intel\RSSDK\v6\bin\x64\tbb.dll
0x00007ff8a5100000 - 0x00007ff8a51a7000 	C:\windows\SYSTEM32\MSVCP110.dll
0x00007ff8a51c0000 - 0x00007ff8a5294000 	C:\windows\SYSTEM32\MSVCR110.dll
0x00007ff8844e0000 - 0x00007ff8846c2000 	C:\Program Files\Common Files\Intel\RSSDK\v6\bin\x64\libpxccore.dll
0x00007ff894df0000 - 0x00007ff894ef1000 	C:\Program Files\Common Files\Intel\RSSDK\v6\bin\x64\intel-ias2.dll
0x00007ff8abb20000 - 0x00007ff8abb2a000 	C:\windows\SYSTEM32\VERSION.dll
0x00007ff8a5070000 - 0x00007ff8a50ba000 	C:\Program Files\Common Files\Intel\RSSDK\v6\bin\x64\libpxclanternrock.dll
0x00007ff8ac450000 - 0x00007ff8ac579000 	C:\windows\system32\uxtheme.dll
0x00007ff893d70000 - 0x00007ff893e54000 	C:\Program Files\Common Files\Intel\RSSDK\v6\bin\x64\libpxcpipelineutils.dll
0x00007ff8a6090000 - 0x00007ff8a613b000 	C:\Program Files\Common Files\microsoft shared\ink\tiptsf.dll
0x00007ff8abb30000 - 0x00007ff8abb51000 	C:\windows\system32\dwmapi.dll
0x00007ff8ac620000 - 0x00007ff8ac62b000 	C:\windows\SYSTEM32\kernel.appcore.dll
0x00007ff8ad760000 - 0x00007ff8ad76b000 	C:\windows\SYSTEM32\CRYPTBASE.dll
0x00007ff8ad6f0000 - 0x00007ff8ad753000 	C:\windows\SYSTEM32\bcryptPrimitives.dll
0x00007ff87ed70000 - 0x00007ff8809ed000 	C:\Program Files\Common Files\Intel\RSSDK\v6\bin\x64\libpxchand_core.dll
0x00007ff87d6f0000 - 0x00007ff87ed61000 	C:\Program Files\Common Files\Intel\RSSDK\v6\bin\x64\libpxchand_track.dll
0x00007ff87c790000 - 0x00007ff87d6e8000 	C:\Program Files\Common Files\Intel\RSSDK\v6\bin\x64\libpxchand_facade.dll
0x00007ff87c540000 - 0x00007ff87c78e000 	C:\Program Files\Common Files\Intel\RSSDK\v6\bin\x64\libpxchandmodule.dll
0x00007ff8ab480000 - 0x00007ff8ab493000 	C:\Program Files\Common Files\Intel\RSSDK\v6\bin\x64\libpxcpowermanager.dll
0x0000000180000000 - 0x00000001804b5000 	C:\Program Files\Common Files\Intel\RSDCM_R200\bin\x64\DSAPI.dll
0x00007ff890100000 - 0x00007ff8901c2000 	C:\windows\SYSTEM32\ODBC32.dll
0x00007ff893cd0000 - 0x00007ff893d6d000 	C:\windows\SYSTEM32\MF.dll
0x00007ff88dae0000 - 0x00007ff88dbcb000 	C:\windows\SYSTEM32\MFPlat.DLL
0x00007ff891160000 - 0x00007ff8911c5000 	C:\windows\SYSTEM32\MFReadWrite.dll
0x00007ff87c300000 - 0x00007ff87c539000 	C:\windows\SYSTEM32\MFCORE.DLL
0x00007ff8a99c0000 - 0x00007ff8a99c8000 	C:\windows\SYSTEM32\ksuser.dll
0x00007ff8aa750000 - 0x00007ff8aa777000 	C:\windows\SYSTEM32\RTWorkQ.DLL
0x00007ff8a9fb0000 - 0x00007ff8a9fbc000 	C:\windows\SYSTEM32\AVRT.dll
0x00007ff87be80000 - 0x00007ff87c2f1000 	C:\Program Files\Common Files\Intel\RSDCM_R200\bin\x64\libpxccamera_dcm_r200.dll
0x00007ff8aa900000 - 0x00007ff8aa982000 	C:\windows\SYSTEM32\WINSPOOL.DRV
0x00007ff8ab0d0000 - 0x00007ff8ab0d7000 	C:\windows\SYSTEM32\MSIMG32.dll
0x00007ff8af8b0000 - 0x00007ff8afa8a000 	C:\windows\system32\SETUPAPI.dll
0x00007ff8aa830000 - 0x00007ff8aa89a000 	C:\windows\SYSTEM32\OLEACC.dll
0x00007ff8aaad0000 - 0x00007ff8aac80000 	C:\windows\WinSxS\amd64_microsoft.windows.gdiplus_6595b64144ccf1df_1.1.9600.17415_none_932b3b5547500489\gdiplus.dll
0x00007ff8b0410000 - 0x00007ff8b04c6000 	C:\windows\SYSTEM32\clbcatq.dll
0x00007ff8ad0d0000 - 0x00007ff8ad0f0000 	C:\windows\SYSTEM32\CRYPTSP.dll
0x00007ff8acde0000 - 0x00007ff8ace16000 	C:\windows\system32\rsaenh.dll
0x00007ff8ad340000 - 0x00007ff8ad366000 	C:\windows\SYSTEM32\bcrypt.dll
0x00007ff8ab110000 - 0x00007ff8ab12a000 	C:\Program Files\Common Files\Intel\RSDCM_R200\bin\x64\RealSenseDCMPS_R200.dll
0x00007ff8843c0000 - 0x00007ff8844df000 	C:\Program Files\Common Files\Intel\RSDCM\bin\x64\IVCAM_DLL.dll
0x00007ff8a87b0000 - 0x00007ff8a8806000 	C:\windows\SYSTEM32\newdev.dll
0x00007ff8ab3f0000 - 0x00007ff8ab3fb000 	C:\windows\SYSTEM32\WINUSB.DLL
0x00007ff8a8830000 - 0x00007ff8a8846000 	C:\windows\SYSTEM32\devrtl.DLL
0x00007ff87aff0000 - 0x00007ff87b463000 	C:\Program Files\Common Files\Intel\RSDCM\bin\x64\libpxccamera_dcm_f200.dll
0x00007ff8a6e70000 - 0x00007ff8a6e8a000 	C:\Program Files\Common Files\Intel\RSDCM\bin\x64\RealSenseDCMPS.dll
0x00007ff89bc80000 - 0x00007ff89bec1000 	C:\windows\System32\msxml3.dll
0x00007ff8a4130000 - 0x00007ff8a42b5000 	C:\windows\SYSTEM32\urlmon.dll
0x00007ff8a3e60000 - 0x00007ff8a4127000 	C:\windows\SYSTEM32\iertutil.dll
0x00007ff8a3bf0000 - 0x00007ff8a3e59000 	C:\windows\SYSTEM32\WININET.dll
0x00007ff8ad8f0000 - 0x00007ff8ad941000 	C:\windows\system32\WINTRUST.dll
0x00007ff8adac0000 - 0x00007ff8adc9f000 	C:\windows\system32\CRYPT32.dll
0x00007ff8ad8d0000 - 0x00007ff8ad8e1000 	C:\windows\system32\MSASN1.dll
0x00000000768b0000 - 0x00000000768f7000 	C:\Program Files\Java\jdk1.7.0_79\jre\bin\fontmanager.dll
0x0000000076860000 - 0x00000000768a1000 	C:\Program Files\Java\jdk1.7.0_79\jre\bin\t2k.dll
0x00007ff8a8860000 - 0x00007ff8a888a000 	C:\windows\SYSTEM32\IPHLPAPI.DLL
0x00007ff8a8850000 - 0x00007ff8a885a000 	C:\windows\SYSTEM32\WINNSI.DLL
0x00007ff8a6b60000 - 0x00007ff8a6b76000 	C:\windows\SYSTEM32\dhcpcsvc6.DLL
0x00007ff8a73c0000 - 0x00007ff8a73da000 	C:\windows\SYSTEM32\dhcpcsvc.DLL
0x00007ff8aa430000 - 0x00007ff8aa5de000 	C:\windows\SYSTEM32\WindowsCodecs.dll
0x000000006b600000 - 0x000000006b632000 	C:\Users\Dev\Desktop\New folder\beethefirst-software - Copy\beesoft-app\beesoft-usb\target\classes\de\ailis\usb4java\libusb\windows-x86_64\libusb-1.0.dll
0x0000000070880000 - 0x0000000070895000 	C:\Users\Dev\Desktop\New folder\beethefirst-software - Copy\beesoft-app\beesoft-usb\target\classes\de\ailis\usb4java\libusb\windows-x86_64\libusb4java.dll
0x00007ff8ab560000 - 0x00007ff8ab57a000 	C:\windows\SYSTEM32\libusbK.DLL
0x00007ff8ac9a0000 - 0x00007ff8ac9ad000 	C:\windows\SYSTEM32\hid.dll
0x0000000076940000 - 0x0000000076947000 	C:\Program Files\Java\jdk1.7.0_79\jre\bin\jawt.dll
0x000000000f870000 - 0x000000000f8ae000 	C:\Program Files\Java\jdk1.7.0_79\jre\bin\j3dcore-ogl.dll
0x00007ff89c2c0000 - 0x00007ff89c3eb000 	C:\windows\SYSTEM32\OPENGL32.dll
0x00007ff8a62e0000 - 0x00007ff8a630e000 	C:\windows\SYSTEM32\GLU32.dll
0x00007ff89c0a0000 - 0x00007ff89c198000 	C:\windows\SYSTEM32\DDRAW.dll
0x00007ff8a9530000 - 0x00007ff8a9539000 	C:\windows\SYSTEM32\DCIMAN32.dll
0x00007ff8809f0000 - 0x00007ff8812f8000 	C:\windows\SYSTEM32\ig8icd64.dll
0x00007ff893f00000 - 0x00007ff8948c0000 	C:\windows\SYSTEM32\igdusc64.dll
0x00007ff8abd30000 - 0x00007ff8abd42000 	C:\windows\SYSTEM32\WTSAPI32.dll
0x00007ff8ad6a0000 - 0x00007ff8ad6e6000 	C:\windows\SYSTEM32\powrprof.dll
0x0000000076830000 - 0x000000007685a000 	C:\Program Files\Java\jdk1.7.0_79\jre\bin\dcpr.dll
0x00007ff8a8890000 - 0x00007ff8a8a19000 	C:\windows\SYSTEM32\dbghelp.dll

VM Arguments:
java_command: replicatorg.app.Base
Launcher Type: SUN_STANDARD

Environment Variables:
JAVA_HOME=C:\Program Files\Java\jdk1.7.0_79
PATH=C:\Program Files (x86)\Intel\iCLS Client\;C:\Program Files\Intel\iCLS Client\;C:\windows\system32;C:\windows;C:\windows\System32\Wbem;C:\windows\System32\WindowsPowerShell\v1.0\;C:\Program Files\Intel\Intel(R) Management Engine Components\DAL;C:\Program Files (x86)\Intel\Intel(R) Management Engine Components\DAL;C:\Program Files\Intel\Intel(R) Management Engine Components\IPT;C:\Program Files (x86)\Intel\Intel(R) Management Engine Components\IPT;C:\Program Files\Intel\WiFi\bin\;C:\Program Files\Common Files\Intel\WirelessCommon\;C:\Program Files (x86)\Common Files\lenovo\easyplussdk\bin;C:\ProgramData\Lenovo\ReadyApps;C:\windows\system32\config\systemprofile\.dnx\bin;C:\Program Files\Microsoft DNX\Dnvm\;C:\Program Files (x86)\Windows Kits\8.1\Windows Performance Toolkit\
USERNAME=Dev
OS=Windows_NT
PROCESSOR_IDENTIFIER=Intel64 Family 6 Model 61 Stepping 4, GenuineIntel



---------------  S Y S T E M  ---------------

OS: Windows 8.1 , 64 bit Build 9600 

CPU:total 4 (2 cores per cpu, 2 threads per core) family 6 model 61 stepping 4, cmov, cx8, fxsr, mmx, sse, sse2, sse3, ssse3, sse4.1, sse4.2, popcnt, avx, avx2, erms, ht, tsc, tscinvbit

Memory: 4k page, physical 8277124k(3086916k free), swap 16665732k(10077184k free)

vm_info: Java HotSpot(TM) 64-Bit Server VM (24.79-b02) for windows-amd64 JRE (1.7.0_79-b15), built on Apr 10 2015 12:36:16 by "java_re" with unknown MS VC++:1600

time: Mon Nov 09 11:48:30 2015
elapsed time: 17 seconds

